2017-11-29 17:00:03.648 [INFO ] org.springframework.context.annotation.AnnotationConfigApplicationContext - Refreshing org.springframework.context.annotation.AnnotationConfigApplicationContext@74589991: startup date [Wed Nov 29 17:00:03 CST 2017]; root of context hierarchy
2017-11-29 17:00:04.073 [INFO ] org.hibernate.validator.internal.util.Version - HV000001: Hibernate Validator 5.3.5.Final
2017-11-29 17:00:04.084 [INFO ] org.springframework.beans.factory.annotation.AutowiredAnnotationBeanPostProcessor - JSR-330 'javax.inject.Inject' annotation found and supported for autowiring
2017-11-29 17:00:04.210 [INFO ] org.springframework.context.support.PostProcessorRegistrationDelegate$BeanPostProcessorChecker - Bean 'configurationPropertiesRebinderAutoConfiguration' of type [org.springframework.cloud.autoconfigure.ConfigurationPropertiesRebinderAutoConfiguration$$EnhancerBySpringCGLIB$$253aa43] is not eligible for getting processed by all BeanPostProcessors (for example: not eligible for auto-proxying)
2017-11-29 17:00:05.358 [INFO ] com.hsd.gitlab.systemhook.dao.SysOutgoingGroupMapperTest - The following profiles are active: dev
2017-11-29 17:00:05.364 [INFO ] org.springframework.web.context.support.GenericWebApplicationContext - Refreshing org.springframework.web.context.support.GenericWebApplicationContext@88a8218: startup date [Wed Nov 29 17:00:05 CST 2017]; parent: org.springframework.context.annotation.AnnotationConfigApplicationContext@74589991
2017-11-29 17:00:08.104 [INFO ] org.springframework.cloud.context.scope.GenericScope - BeanFactory id=6a80874b-3314-30bc-836d-58f8360c0a1d
2017-11-29 17:00:08.227 [INFO ] org.springframework.beans.factory.annotation.AutowiredAnnotationBeanPostProcessor - JSR-330 'javax.inject.Inject' annotation found and supported for autowiring
2017-11-29 17:00:08.819 [INFO ] org.springframework.context.support.PostProcessorRegistrationDelegate$BeanPostProcessorChecker - Bean 'org.springframework.transaction.annotation.ProxyTransactionManagementConfiguration' of type [org.springframework.transaction.annotation.ProxyTransactionManagementConfiguration$$EnhancerBySpringCGLIB$$e639a746] is not eligible for getting processed by all BeanPostProcessors (for example: not eligible for auto-proxying)
2017-11-29 17:00:09.291 [INFO ] org.springframework.context.support.PostProcessorRegistrationDelegate$BeanPostProcessorChecker - Bean 'org.springframework.cache.annotation.ProxyCachingConfiguration' of type [org.springframework.cache.annotation.ProxyCachingConfiguration$$EnhancerBySpringCGLIB$$2f4bdd64] is not eligible for getting processed by all BeanPostProcessors (for example: not eligible for auto-proxying)
2017-11-29 17:00:09.527 [INFO ] org.springframework.context.support.PostProcessorRegistrationDelegate$BeanPostProcessorChecker - Bean 'org.springframework.cloud.netflix.metrics.MetricsInterceptorConfiguration$MetricsRestTemplateConfiguration' of type [org.springframework.cloud.netflix.metrics.MetricsInterceptorConfiguration$MetricsRestTemplateConfiguration$$EnhancerBySpringCGLIB$$18664d87] is not eligible for getting processed by all BeanPostProcessors (for example: not eligible for auto-proxying)
2017-11-29 17:00:09.694 [INFO ] org.springframework.context.support.PostProcessorRegistrationDelegate$BeanPostProcessorChecker - Bean 'org.springframework.cloud.autoconfigure.ConfigurationPropertiesRebinderAutoConfiguration' of type [org.springframework.cloud.autoconfigure.ConfigurationPropertiesRebinderAutoConfiguration$$EnhancerBySpringCGLIB$$253aa43] is not eligible for getting processed by all BeanPostProcessors (for example: not eligible for auto-proxying)
2017-11-29 17:00:14.496 [INFO ] org.springframework.cache.ehcache.EhCacheManagerFactoryBean - Initializing EhCache CacheManager
2017-11-29 17:00:19.176 [INFO ] com.netflix.config.sources.URLConfigurationSource - To enable URLs as dynamic configuration sources, define System property archaius.configurationSource.additionalUrls or make config.properties available on classpath.
2017-11-29 17:00:19.188 [INFO ] com.netflix.config.DynamicPropertyFactory - DynamicPropertyFactory is initialized with configuration sources: com.netflix.config.ConcurrentCompositeConfiguration@25589735
2017-11-29 17:00:23.367 [INFO ] org.springframework.boot.test.mock.web.SpringBootMockServletContext - jolokia: No access restrictor found, access to any MBean is allowed
2017-11-29 17:00:24.779 [INFO ] org.springframework.web.servlet.mvc.method.annotation.RequestMappingHandlerAdapter - Looking for @ControllerAdvice: org.springframework.web.context.support.GenericWebApplicationContext@88a8218: startup date [Wed Nov 29 17:00:05 CST 2017]; parent: org.springframework.context.annotation.AnnotationConfigApplicationContext@74589991
2017-11-29 17:00:25.116 [INFO ] org.springframework.web.servlet.mvc.method.annotation.RequestMappingHandlerMapping - Mapped "{[/error]}" onto public org.springframework.http.ResponseEntity<java.util.Map<java.lang.String, java.lang.Object>> org.springframework.boot.autoconfigure.web.BasicErrorController.error(javax.servlet.http.HttpServletRequest)
2017-11-29 17:00:25.118 [INFO ] org.springframework.web.servlet.mvc.method.annotation.RequestMappingHandlerMapping - Mapped "{[/error],produces=[text/html]}" onto public org.springframework.web.servlet.ModelAndView org.springframework.boot.autoconfigure.web.BasicErrorController.errorHtml(javax.servlet.http.HttpServletRequest,javax.servlet.http.HttpServletResponse)
2017-11-29 17:00:25.288 [INFO ] org.springframework.web.servlet.handler.SimpleUrlHandlerMapping - Mapped URL path [/webjars/**] onto handler of type [class org.springframework.web.servlet.resource.ResourceHttpRequestHandler]
2017-11-29 17:00:25.289 [INFO ] org.springframework.web.servlet.handler.SimpleUrlHandlerMapping - Mapped URL path [/**] onto handler of type [class org.springframework.web.servlet.resource.ResourceHttpRequestHandler]
2017-11-29 17:00:25.458 [INFO ] org.springframework.web.servlet.handler.SimpleUrlHandlerMapping - Mapped URL path [/**/favicon.ico] onto handler of type [class org.springframework.web.servlet.resource.ResourceHttpRequestHandler]
2017-11-29 17:00:27.165 [INFO ] org.springframework.boot.actuate.endpoint.mvc.EndpointHandlerMapping - Mapped "{[/dump || /dump.json],methods=[GET],produces=[application/vnd.spring-boot.actuator.v1+json || application/json]}" onto public java.lang.Object org.springframework.boot.actuate.endpoint.mvc.EndpointMvcAdapter.invoke()
2017-11-29 17:00:27.170 [INFO ] org.springframework.boot.actuate.endpoint.mvc.EndpointHandlerMapping - Mapped "{[/loggers/{name:.*}],methods=[GET],produces=[application/vnd.spring-boot.actuator.v1+json || application/json]}" onto public java.lang.Object org.springframework.boot.actuate.endpoint.mvc.LoggersMvcEndpoint.get(java.lang.String)
2017-11-29 17:00:27.170 [INFO ] org.springframework.boot.actuate.endpoint.mvc.EndpointHandlerMapping - Mapped "{[/loggers/{name:.*}],methods=[POST],consumes=[application/vnd.spring-boot.actuator.v1+json || application/json],produces=[application/vnd.spring-boot.actuator.v1+json || application/json]}" onto public java.lang.Object org.springframework.boot.actuate.endpoint.mvc.LoggersMvcEndpoint.set(java.lang.String,java.util.Map<java.lang.String, java.lang.String>)
2017-11-29 17:00:27.170 [INFO ] org.springframework.boot.actuate.endpoint.mvc.EndpointHandlerMapping - Mapped "{[/loggers || /loggers.json],methods=[GET],produces=[application/vnd.spring-boot.actuator.v1+json || application/json]}" onto public java.lang.Object org.springframework.boot.actuate.endpoint.mvc.EndpointMvcAdapter.invoke()
2017-11-29 17:00:27.171 [INFO ] org.springframework.boot.actuate.endpoint.mvc.EndpointHandlerMapping - Mapped "{[/refresh || /refresh.json],methods=[POST]}" onto public java.lang.Object org.springframework.cloud.endpoint.GenericPostableMvcEndpoint.invoke()
2017-11-29 17:00:27.172 [INFO ] org.springframework.boot.actuate.endpoint.mvc.EndpointHandlerMapping - Mapped "{[/archaius || /archaius.json],methods=[GET],produces=[application/vnd.spring-boot.actuator.v1+json || application/json]}" onto public java.lang.Object org.springframework.boot.actuate.endpoint.mvc.EndpointMvcAdapter.invoke()
2017-11-29 17:00:27.174 [INFO ] org.springframework.boot.actuate.endpoint.mvc.EndpointHandlerMapping - Mapped "{[/service-registry/instance-status],methods=[GET]}" onto public org.springframework.http.ResponseEntity org.springframework.cloud.client.serviceregistry.endpoint.ServiceRegistryEndpoint.getStatus()
2017-11-29 17:00:27.176 [INFO ] org.springframework.boot.actuate.endpoint.mvc.EndpointHandlerMapping - Mapped "{[/service-registry/instance-status],methods=[POST]}" onto public org.springframework.http.ResponseEntity<?> org.springframework.cloud.client.serviceregistry.endpoint.ServiceRegistryEndpoint.setStatus(java.lang.String)
2017-11-29 17:00:27.177 [INFO ] org.springframework.boot.actuate.endpoint.mvc.EndpointHandlerMapping - Mapped "{[/beans || /beans.json],methods=[GET],produces=[application/vnd.spring-boot.actuator.v1+json || application/json]}" onto public java.lang.Object org.springframework.boot.actuate.endpoint.mvc.EndpointMvcAdapter.invoke()
2017-11-29 17:00:27.178 [INFO ] org.springframework.boot.actuate.endpoint.mvc.EndpointHandlerMapping - Mapped "{[/metrics/{name:.*}],methods=[GET],produces=[application/vnd.spring-boot.actuator.v1+json || application/json]}" onto public java.lang.Object org.springframework.boot.actuate.endpoint.mvc.MetricsMvcEndpoint.value(java.lang.String)
2017-11-29 17:00:27.179 [INFO ] org.springframework.boot.actuate.endpoint.mvc.EndpointHandlerMapping - Mapped "{[/metrics || /metrics.json],methods=[GET],produces=[application/vnd.spring-boot.actuator.v1+json || application/json]}" onto public java.lang.Object org.springframework.boot.actuate.endpoint.mvc.EndpointMvcAdapter.invoke()
2017-11-29 17:00:27.185 [INFO ] org.springframework.boot.actuate.endpoint.mvc.EndpointHandlerMapping - Mapped "{[/env/{name:.*}],methods=[GET],produces=[application/vnd.spring-boot.actuator.v1+json || application/json]}" onto public java.lang.Object org.springframework.boot.actuate.endpoint.mvc.EnvironmentMvcEndpoint.value(java.lang.String)
2017-11-29 17:00:27.185 [INFO ] org.springframework.boot.actuate.endpoint.mvc.EndpointHandlerMapping - Mapped "{[/env || /env.json],methods=[GET],produces=[application/vnd.spring-boot.actuator.v1+json || application/json]}" onto public java.lang.Object org.springframework.boot.actuate.endpoint.mvc.EndpointMvcAdapter.invoke()
2017-11-29 17:00:27.186 [INFO ] org.springframework.boot.actuate.endpoint.mvc.EndpointHandlerMapping - Mapped "{[/jolokia/**]}" onto public org.springframework.web.servlet.ModelAndView org.springframework.boot.actuate.endpoint.mvc.JolokiaMvcEndpoint.handle(javax.servlet.http.HttpServletRequest,javax.servlet.http.HttpServletResponse) throws java.lang.Exception
2017-11-29 17:00:27.187 [INFO ] org.springframework.boot.actuate.endpoint.mvc.EndpointHandlerMapping - Mapped "{[/features || /features.json],methods=[GET],produces=[application/vnd.spring-boot.actuator.v1+json || application/json]}" onto public java.lang.Object org.springframework.boot.actuate.endpoint.mvc.EndpointMvcAdapter.invoke()
2017-11-29 17:00:27.188 [INFO ] org.springframework.boot.actuate.endpoint.mvc.EndpointHandlerMapping - Mapped "{[/heapdump || /heapdump.json],methods=[GET],produces=[application/octet-stream]}" onto public void org.springframework.boot.actuate.endpoint.mvc.HeapdumpMvcEndpoint.invoke(boolean,javax.servlet.http.HttpServletRequest,javax.servlet.http.HttpServletResponse) throws java.io.IOException,javax.servlet.ServletException
2017-11-29 17:00:27.189 [INFO ] org.springframework.boot.actuate.endpoint.mvc.EndpointHandlerMapping - Mapped "{[/trace || /trace.json],methods=[GET],produces=[application/vnd.spring-boot.actuator.v1+json || application/json]}" onto public java.lang.Object org.springframework.boot.actuate.endpoint.mvc.EndpointMvcAdapter.invoke()
2017-11-29 17:00:27.191 [INFO ] org.springframework.boot.actuate.endpoint.mvc.EndpointHandlerMapping - Mapped "{[/mappings || /mappings.json],methods=[GET],produces=[application/vnd.spring-boot.actuator.v1+json || application/json]}" onto public java.lang.Object org.springframework.boot.actuate.endpoint.mvc.EndpointMvcAdapter.invoke()
2017-11-29 17:00:27.194 [INFO ] org.springframework.boot.actuate.endpoint.mvc.EndpointHandlerMapping - Mapped "{[/env],methods=[POST]}" onto public java.lang.Object org.springframework.cloud.context.environment.EnvironmentManagerMvcEndpoint.value(java.util.Map<java.lang.String, java.lang.String>)
2017-11-29 17:00:27.195 [INFO ] org.springframework.boot.actuate.endpoint.mvc.EndpointHandlerMapping - Mapped "{[/env/reset],methods=[POST]}" onto public java.util.Map<java.lang.String, java.lang.Object> org.springframework.cloud.context.environment.EnvironmentManagerMvcEndpoint.reset()
2017-11-29 17:00:27.196 [INFO ] org.springframework.boot.actuate.endpoint.mvc.EndpointHandlerMapping - Mapped "{[/configprops || /configprops.json],methods=[GET],produces=[application/vnd.spring-boot.actuator.v1+json || application/json]}" onto public java.lang.Object org.springframework.boot.actuate.endpoint.mvc.EndpointMvcAdapter.invoke()
2017-11-29 17:00:27.197 [INFO ] org.springframework.boot.actuate.endpoint.mvc.EndpointHandlerMapping - Mapped "{[/pause || /pause.json],methods=[POST]}" onto public java.lang.Object org.springframework.cloud.endpoint.GenericPostableMvcEndpoint.invoke()
2017-11-29 17:00:27.205 [INFO ] org.springframework.boot.actuate.endpoint.mvc.EndpointHandlerMapping - Mapped "{[/resume || /resume.json],methods=[POST]}" onto public java.lang.Object org.springframework.cloud.endpoint.GenericPostableMvcEndpoint.invoke()
2017-11-29 17:00:27.206 [INFO ] org.springframework.boot.actuate.endpoint.mvc.EndpointHandlerMapping - Mapped "{[/info || /info.json],methods=[GET],produces=[application/vnd.spring-boot.actuator.v1+json || application/json]}" onto public java.lang.Object org.springframework.boot.actuate.endpoint.mvc.EndpointMvcAdapter.invoke()
2017-11-29 17:00:27.208 [INFO ] org.springframework.boot.actuate.endpoint.mvc.EndpointHandlerMapping - Mapped "{[/logfile || /logfile.json],methods=[GET || HEAD]}" onto public void org.springframework.boot.actuate.endpoint.mvc.LogFileMvcEndpoint.invoke(javax.servlet.http.HttpServletRequest,javax.servlet.http.HttpServletResponse) throws javax.servlet.ServletException,java.io.IOException
2017-11-29 17:00:27.208 [INFO ] org.springframework.boot.actuate.endpoint.mvc.EndpointHandlerMapping - Mapped "{[/autoconfig || /autoconfig.json],methods=[GET],produces=[application/vnd.spring-boot.actuator.v1+json || application/json]}" onto public java.lang.Object org.springframework.boot.actuate.endpoint.mvc.EndpointMvcAdapter.invoke()
2017-11-29 17:00:27.209 [INFO ] org.springframework.boot.actuate.endpoint.mvc.EndpointHandlerMapping - Mapped "{[/restart || /restart.json],methods=[POST]}" onto public java.lang.Object org.springframework.cloud.context.restart.RestartMvcEndpoint.invoke()
2017-11-29 17:00:27.210 [INFO ] org.springframework.boot.actuate.endpoint.mvc.EndpointHandlerMapping - Mapped "{[/hystrix.stream/**]}" onto public org.springframework.web.servlet.ModelAndView org.springframework.cloud.netflix.endpoint.ServletWrappingEndpoint.handle(javax.servlet.http.HttpServletRequest,javax.servlet.http.HttpServletResponse) throws java.lang.Exception
2017-11-29 17:00:27.212 [INFO ] org.springframework.boot.actuate.endpoint.mvc.EndpointHandlerMapping - Mapped "{[/shutdown || /shutdown.json],methods=[POST],produces=[application/vnd.spring-boot.actuator.v1+json || application/json]}" onto public java.lang.Object org.springframework.boot.actuate.endpoint.mvc.ShutdownMvcEndpoint.invoke()
2017-11-29 17:00:27.214 [INFO ] org.springframework.boot.actuate.endpoint.mvc.EndpointHandlerMapping - Mapped "{[/health || /health.json],methods=[GET],produces=[application/vnd.spring-boot.actuator.v1+json || application/json]}" onto public java.lang.Object org.springframework.boot.actuate.endpoint.mvc.HealthMvcEndpoint.invoke(javax.servlet.http.HttpServletRequest,java.security.Principal)
2017-11-29 17:00:27.215 [INFO ] org.springframework.boot.actuate.endpoint.mvc.EndpointHandlerMapping - Mapped "{[/auditevents || /auditevents.json],methods=[GET],produces=[application/vnd.spring-boot.actuator.v1+json || application/json]}" onto public org.springframework.http.ResponseEntity<?> org.springframework.boot.actuate.endpoint.mvc.AuditEventsMvcEndpoint.findByPrincipalAndAfterAndType(java.lang.String,java.util.Date,java.lang.String)
2017-11-29 17:00:28.271 [INFO ] com.netflix.config.sources.URLConfigurationSource - To enable URLs as dynamic configuration sources, define System property archaius.configurationSource.additionalUrls or make config.properties available on classpath.
2017-11-29 17:00:29.985 [INFO ] org.springframework.boot.test.mock.web.SpringBootMockServletContext - jolokia: No access restrictor found, access to any MBean is allowed
2017-11-29 17:00:29.992 [INFO ] org.springframework.boot.test.mock.web.SpringBootMockServletContext - jolokia: jolokia:type=Config is already registered. Adding it with jolokia:type=Config,uuid=4f163ea9-2b5b-43bd-a024-781e228faa93, but you should revise your setup in order to either use a qualifier or ensure, that only a single agent gets registered (otherwise history functionality might not work)
2017-11-29 17:00:29.992 [INFO ] org.springframework.boot.test.mock.web.SpringBootMockServletContext - jolokia: Cannot register (legacy) MBean handler for config store with name jmx4perl:type=Config since it already exists. This is the case if another agent has been already started within the same JVM. The registration is skipped.
2017-11-29 17:00:29.993 [INFO ] org.springframework.boot.test.mock.web.SpringBootMockServletContext - jolokia: Jolokia Discovery MBean registration is skipped because there is already one registered.
2017-11-29 17:00:30.132 [INFO ] org.springframework.context.support.DefaultLifecycleProcessor - Starting beans in phase 0
2017-11-29 17:00:30.133 [INFO ] org.springframework.context.support.DefaultLifecycleProcessor - Starting beans in phase 2147483647
2017-11-29 17:00:30.147 [INFO ] org.springframework.cloud.netflix.hystrix.HystrixCircuitBreakerConfiguration$HystrixMetricsPollerConfiguration - Starting poller
2017-11-29 17:00:30.224 [INFO ] com.hsd.gitlab.systemhook.dao.SysOutgoingGroupMapperTest - Started SysOutgoingGroupMapperTest in 28.135 seconds (JVM running for 29.581)
2017-11-29 17:00:30.489 [INFO ] org.springframework.boot.test.mock.web.SpringBootMockServletContext - Initializing Spring FrameworkServlet ''
2017-11-29 17:00:30.490 [INFO ] org.springframework.test.web.servlet.TestDispatcherServlet - FrameworkServlet '': initialization started
2017-11-29 17:00:30.546 [INFO ] org.springframework.test.web.servlet.TestDispatcherServlet - FrameworkServlet '': initialization completed in 56 ms
2017-11-29 17:00:30.802 [INFO ] org.springframework.boot.test.mock.web.SpringBootMockServletContext - Initializing Spring FrameworkServlet ''
2017-11-29 17:00:30.803 [INFO ] org.springframework.test.web.servlet.TestDispatcherServlet - FrameworkServlet '': initialization started
2017-11-29 17:00:30.809 [INFO ] org.springframework.test.web.servlet.TestDispatcherServlet - FrameworkServlet '': initialization completed in 6 ms
2017-11-29 17:00:30.868 [INFO ] org.springframework.web.context.support.GenericWebApplicationContext - Closing org.springframework.web.context.support.GenericWebApplicationContext@88a8218: startup date [Wed Nov 29 17:00:05 CST 2017]; parent: org.springframework.context.annotation.AnnotationConfigApplicationContext@74589991
2017-11-29 17:00:30.898 [INFO ] org.springframework.cloud.netflix.eureka.InstanceInfoFactory - Setting initial instance status as: STARTING
2017-11-29 17:00:30.929 [INFO ] org.springframework.cloud.netflix.eureka.serviceregistry.EurekaServiceRegistry - Unregistering application hsd-gitlab-hooks-server with eureka with status DOWN
2017-11-29 17:00:31.089 [INFO ] com.netflix.discovery.DiscoveryClient - Initializing Eureka in region us-east-1
2017-11-29 17:00:31.314 [INFO ] com.netflix.discovery.provider.DiscoveryJerseyProvider - Using JSON encoding codec LegacyJacksonJson
2017-11-29 17:00:31.315 [INFO ] com.netflix.discovery.provider.DiscoveryJerseyProvider - Using JSON decoding codec LegacyJacksonJson
2017-11-29 17:00:31.546 [INFO ] com.netflix.discovery.provider.DiscoveryJerseyProvider - Using XML encoding codec XStreamXml
2017-11-29 17:00:31.546 [INFO ] com.netflix.discovery.provider.DiscoveryJerseyProvider - Using XML decoding codec XStreamXml
2017-11-29 17:00:32.051 [INFO ] com.netflix.discovery.shared.resolver.aws.ConfigClusterResolver - Resolving eureka endpoints via configuration
2017-11-29 17:00:32.411 [INFO ] com.netflix.discovery.DiscoveryClient - Disable delta property : false
2017-11-29 17:00:32.412 [INFO ] com.netflix.discovery.DiscoveryClient - Single vip registry refresh property : null
2017-11-29 17:00:32.412 [INFO ] com.netflix.discovery.DiscoveryClient - Force full registry fetch : false
2017-11-29 17:00:32.412 [INFO ] com.netflix.discovery.DiscoveryClient - Application is null : false
2017-11-29 17:00:32.412 [INFO ] com.netflix.discovery.DiscoveryClient - Registered Applications size is zero : true
2017-11-29 17:00:32.412 [INFO ] com.netflix.discovery.DiscoveryClient - Application version is -1: true
2017-11-29 17:00:32.412 [INFO ] com.netflix.discovery.DiscoveryClient - Getting all instance registry info from the eureka server
2017-11-29 17:00:32.908 [INFO ] com.netflix.discovery.DiscoveryClient - The response status is 200
2017-11-29 17:00:32.911 [INFO ] com.netflix.discovery.DiscoveryClient - Starting heartbeat executor: renew interval is: 30
2017-11-29 17:00:32.915 [INFO ] com.netflix.discovery.InstanceInfoReplicator - InstanceInfoReplicator onDemand update allowed rate per min is 4
2017-11-29 17:00:32.919 [INFO ] com.netflix.discovery.DiscoveryClient - Discovery Client initialized at timestamp 1511946032919 with initial instances count: 1
2017-11-29 17:00:33.147 [INFO ] com.netflix.discovery.DiscoveryClient - Shutting down DiscoveryClient ...
2017-11-29 17:00:33.151 [INFO ] com.netflix.discovery.DiscoveryClient - Unregistering ...
2017-11-29 17:00:33.291 [INFO ] com.netflix.discovery.DiscoveryClient - DiscoveryClient_HSD-GITLAB-HOOKS-SERVER/LDADAY1BUFBJEDG:hsd-gitlab-hooks-server:-1 - deregister  status: 404
2017-11-29 17:00:33.298 [INFO ] com.netflix.discovery.DiscoveryClient - Completed shut down of DiscoveryClient
2017-11-29 17:00:33.302 [INFO ] org.springframework.context.support.DefaultLifecycleProcessor - Stopping beans in phase 2147483647
2017-11-29 17:00:33.304 [INFO ] org.springframework.context.support.DefaultLifecycleProcessor - Stopping beans in phase 0
2017-11-29 17:00:33.396 [INFO ] com.netflix.config.sources.URLConfigurationSource - To enable URLs as dynamic configuration sources, define System property archaius.configurationSource.additionalUrls or make config.properties available on classpath.
2017-11-29 17:00:33.402 [INFO ] org.springframework.cache.ehcache.EhCacheManagerFactoryBean - Shutting down EhCache CacheManager
