2017-11-30 19:21:27.079 [DEBUG] org.jboss.logging - Logging Provider: org.jboss.logging.Slf4jLoggerProvider found via system property
2017-11-30 19:21:27.119 [DEBUG] org.hibernate.validator.internal.engine.resolver.DefaultTraversableResolver - Cannot find javax.persistence.Persistence on classpath. Assuming non JPA 2 environment. All properties will per default be traversable.
2017-11-30 19:21:27.355 [DEBUG] org.hibernate.validator.internal.engine.resolver.DefaultTraversableResolver - Cannot find javax.persistence.Persistence on classpath. Assuming non JPA 2 environment. All properties will per default be traversable.
2017-11-30 19:21:27.379 [DEBUG] org.hibernate.validator.internal.engine.resolver.DefaultTraversableResolver - Cannot find javax.persistence.Persistence on classpath. Assuming non JPA 2 environment. All properties will per default be traversable.
2017-11-30 19:21:27.390 [DEBUG] org.hibernate.validator.internal.engine.ConfigurationImpl - Setting custom MessageInterpolator of type org.springframework.validation.beanvalidation.LocaleContextMessageInterpolator
2017-11-30 19:21:27.393 [DEBUG] org.hibernate.validator.internal.engine.ConfigurationImpl - Setting custom ConstraintValidatorFactory of type org.springframework.validation.beanvalidation.SpringConstraintValidatorFactory
2017-11-30 19:21:27.395 [DEBUG] org.hibernate.validator.internal.engine.ConfigurationImpl - Setting custom ParameterNameProvider of type com.sun.proxy.$Proxy52
2017-11-30 19:21:27.399 [DEBUG] org.hibernate.validator.internal.xml.ValidationXmlParser - Trying to load META-INF/validation.xml for XML based Validator configuration.
2017-11-30 19:21:27.402 [DEBUG] org.hibernate.validator.internal.xml.ResourceLoaderHelper - Trying to load META-INF/validation.xml via user class loader
2017-11-30 19:21:27.404 [DEBUG] org.hibernate.validator.internal.xml.ResourceLoaderHelper - Trying to load META-INF/validation.xml via TCCL
2017-11-30 19:21:27.405 [DEBUG] org.hibernate.validator.internal.xml.ResourceLoaderHelper - Trying to load META-INF/validation.xml via Hibernate Validator's class loader
2017-11-30 19:21:27.406 [DEBUG] org.hibernate.validator.internal.xml.ValidationXmlParser - No META-INF/validation.xml found. Using annotation based configuration only.
2017-11-30 19:21:30.308 [DEBUG] org.mybatis.spring.mapper.ClassPathMapperScanner - Ignored because not a concrete top-level class: file [E:\hsd-chatops\hsd-chatops-tools\hsd-gitlab-hooks\hsd-gitlab-hooks-services\hsd-gitlab-hooks-server\target\test-classes\com\hsd\gitlab\systemhook\dao\SysOutgoingGroupMapperTest.class]
2017-11-30 19:21:30.309 [DEBUG] org.mybatis.spring.mapper.ClassPathMapperScanner - Identified candidate component class: URL [jar:file:/F:/repository/com/hsd/hsd-gitlab-hooks-dao/1.0.0-SNAPSHOT/hsd-gitlab-hooks-dao-1.0.0-SNAPSHOT.jar!/com/hsd/gitlab/systemhook/dao/SysAuthorMapper.class]
2017-11-30 19:21:30.310 [DEBUG] org.mybatis.spring.mapper.ClassPathMapperScanner - Identified candidate component class: URL [jar:file:/F:/repository/com/hsd/hsd-gitlab-hooks-dao/1.0.0-SNAPSHOT/hsd-gitlab-hooks-dao-1.0.0-SNAPSHOT.jar!/com/hsd/gitlab/systemhook/dao/SysCommitMapper.class]
2017-11-30 19:21:30.311 [DEBUG] org.mybatis.spring.mapper.ClassPathMapperScanner - Identified candidate component class: URL [jar:file:/F:/repository/com/hsd/hsd-gitlab-hooks-dao/1.0.0-SNAPSHOT/hsd-gitlab-hooks-dao-1.0.0-SNAPSHOT.jar!/com/hsd/gitlab/systemhook/dao/SysHookPushMapper.class]
2017-11-30 19:21:30.312 [DEBUG] org.mybatis.spring.mapper.ClassPathMapperScanner - Identified candidate component class: URL [jar:file:/F:/repository/com/hsd/hsd-gitlab-hooks-dao/1.0.0-SNAPSHOT/hsd-gitlab-hooks-dao-1.0.0-SNAPSHOT.jar!/com/hsd/gitlab/systemhook/dao/SysOutgoingGroupMapper.class]
2017-11-30 19:21:30.312 [DEBUG] org.mybatis.spring.mapper.ClassPathMapperScanner - Identified candidate component class: URL [jar:file:/F:/repository/com/hsd/hsd-gitlab-hooks-dao/1.0.0-SNAPSHOT/hsd-gitlab-hooks-dao-1.0.0-SNAPSHOT.jar!/com/hsd/gitlab/systemhook/dao/SysProjectMapper.class]
2017-11-30 19:21:30.313 [DEBUG] org.mybatis.spring.mapper.ClassPathMapperScanner - Identified candidate component class: URL [jar:file:/F:/repository/com/hsd/hsd-gitlab-hooks-dao/1.0.0-SNAPSHOT/hsd-gitlab-hooks-dao-1.0.0-SNAPSHOT.jar!/com/hsd/gitlab/systemhook/dao/SysRPushCommitMapper.class]
2017-11-30 19:21:30.315 [DEBUG] org.mybatis.spring.mapper.ClassPathMapperScanner - Creating MapperFactoryBean with name 'sysAuthorMapper' and 'com.hsd.gitlab.systemhook.dao.SysAuthorMapper' mapperInterface
2017-11-30 19:21:30.316 [DEBUG] org.mybatis.spring.mapper.ClassPathMapperScanner - Enabling autowire by type for MapperFactoryBean with name 'sysAuthorMapper'.
2017-11-30 19:21:30.316 [DEBUG] org.mybatis.spring.mapper.ClassPathMapperScanner - Creating MapperFactoryBean with name 'sysCommitMapper' and 'com.hsd.gitlab.systemhook.dao.SysCommitMapper' mapperInterface
2017-11-30 19:21:30.316 [DEBUG] org.mybatis.spring.mapper.ClassPathMapperScanner - Enabling autowire by type for MapperFactoryBean with name 'sysCommitMapper'.
2017-11-30 19:21:30.316 [DEBUG] org.mybatis.spring.mapper.ClassPathMapperScanner - Creating MapperFactoryBean with name 'sysHookPushMapper' and 'com.hsd.gitlab.systemhook.dao.SysHookPushMapper' mapperInterface
2017-11-30 19:21:30.316 [DEBUG] org.mybatis.spring.mapper.ClassPathMapperScanner - Enabling autowire by type for MapperFactoryBean with name 'sysHookPushMapper'.
2017-11-30 19:21:30.316 [DEBUG] org.mybatis.spring.mapper.ClassPathMapperScanner - Creating MapperFactoryBean with name 'sysOutgoingGroupMapper' and 'com.hsd.gitlab.systemhook.dao.SysOutgoingGroupMapper' mapperInterface
2017-11-30 19:21:30.316 [DEBUG] org.mybatis.spring.mapper.ClassPathMapperScanner - Enabling autowire by type for MapperFactoryBean with name 'sysOutgoingGroupMapper'.
2017-11-30 19:21:30.317 [DEBUG] org.mybatis.spring.mapper.ClassPathMapperScanner - Creating MapperFactoryBean with name 'sysProjectMapper' and 'com.hsd.gitlab.systemhook.dao.SysProjectMapper' mapperInterface
2017-11-30 19:21:30.317 [DEBUG] org.mybatis.spring.mapper.ClassPathMapperScanner - Enabling autowire by type for MapperFactoryBean with name 'sysProjectMapper'.
2017-11-30 19:21:30.317 [DEBUG] org.mybatis.spring.mapper.ClassPathMapperScanner - Creating MapperFactoryBean with name 'sysRPushCommitMapper' and 'com.hsd.gitlab.systemhook.dao.SysRPushCommitMapper' mapperInterface
2017-11-30 19:21:30.317 [DEBUG] org.mybatis.spring.mapper.ClassPathMapperScanner - Enabling autowire by type for MapperFactoryBean with name 'sysRPushCommitMapper'.
2017-11-30 19:21:31.016 [DEBUG] org.apache.ibatis.logging.LogFactory - Logging initialized using 'class org.apache.ibatis.logging.slf4j.Slf4jImpl' adapter.
2017-11-30 19:21:32.300 [DEBUG] org.hibernate.validator.internal.engine.resolver.DefaultTraversableResolver - Cannot find javax.persistence.Persistence on classpath. Assuming non JPA 2 environment. All properties will per default be traversable.
2017-11-30 19:21:32.304 [DEBUG] org.hibernate.validator.internal.engine.resolver.DefaultTraversableResolver - Cannot find javax.persistence.Persistence on classpath. Assuming non JPA 2 environment. All properties will per default be traversable.
2017-11-30 19:21:32.304 [DEBUG] org.hibernate.validator.internal.engine.ConfigurationImpl - Setting custom MessageInterpolator of type org.springframework.validation.beanvalidation.LocaleContextMessageInterpolator
2017-11-30 19:21:32.305 [DEBUG] org.hibernate.validator.internal.engine.ConfigurationImpl - Setting custom ConstraintValidatorFactory of type org.springframework.validation.beanvalidation.SpringConstraintValidatorFactory
2017-11-30 19:21:32.306 [DEBUG] org.hibernate.validator.internal.engine.ConfigurationImpl - Setting custom ParameterNameProvider of type com.sun.proxy.$Proxy52
2017-11-30 19:21:32.306 [DEBUG] org.hibernate.validator.internal.xml.ValidationXmlParser - Trying to load META-INF/validation.xml for XML based Validator configuration.
2017-11-30 19:21:32.306 [DEBUG] org.hibernate.validator.internal.xml.ResourceLoaderHelper - Trying to load META-INF/validation.xml via user class loader
2017-11-30 19:21:32.307 [DEBUG] org.hibernate.validator.internal.xml.ResourceLoaderHelper - Trying to load META-INF/validation.xml via TCCL
2017-11-30 19:21:32.309 [DEBUG] org.hibernate.validator.internal.xml.ResourceLoaderHelper - Trying to load META-INF/validation.xml via Hibernate Validator's class loader
2017-11-30 19:21:32.309 [DEBUG] org.hibernate.validator.internal.xml.ValidationXmlParser - No META-INF/validation.xml found. Using annotation based configuration only.
2017-11-30 19:21:32.753 [DEBUG] com.baomidou.mybatisplus.toolkit.GlobalConfigUtils - DeBug: MyBatis Plus Global configuration Initializing !
2017-11-30 19:21:32.772 [DEBUG] com.baomidou.mybatisplus.MybatisConfiguration - addMappedStatement: com.baomidou.mybatisplus.mapper.SqlRunner.SelectList
2017-11-30 19:21:32.772 [DEBUG] com.baomidou.mybatisplus.MybatisConfiguration - addMappedStatement: com.baomidou.mybatisplus.mapper.SqlRunner.SelectObjs
2017-11-30 19:21:32.773 [DEBUG] com.baomidou.mybatisplus.MybatisConfiguration - addMappedStatement: com.baomidou.mybatisplus.mapper.SqlRunner.Insert
2017-11-30 19:21:32.776 [DEBUG] com.baomidou.mybatisplus.MybatisConfiguration - addMappedStatement: com.baomidou.mybatisplus.mapper.SqlRunner.Update
2017-11-30 19:21:32.776 [DEBUG] com.baomidou.mybatisplus.MybatisConfiguration - addMappedStatement: com.baomidou.mybatisplus.mapper.SqlRunner.Delete
2017-11-30 19:21:32.777 [DEBUG] com.baomidou.mybatisplus.MybatisConfiguration - addMappedStatement: com.baomidou.mybatisplus.mapper.SqlRunner.Count
2017-11-30 19:21:32.778 [DEBUG] com.baomidou.mybatisplus.MybatisConfiguration - Mybatis-plus init success.
2017-11-30 19:21:34.468 [DEBUG] com.baomidou.mybatisplus.MybatisConfiguration - addMappedStatement: com.hsd.gitlab.systemhook.dao.SysAuthorMapper.deleteById
2017-11-30 19:21:34.484 [DEBUG] com.baomidou.mybatisplus.MybatisConfiguration - addMappedStatement: com.hsd.gitlab.systemhook.dao.SysAuthorMapper.deleteBatchIds
2017-11-30 19:21:34.490 [DEBUG] com.baomidou.mybatisplus.MybatisConfiguration - addMappedStatement: com.hsd.gitlab.systemhook.dao.SysAuthorMapper.updateById
2017-11-30 19:21:34.493 [DEBUG] com.baomidou.mybatisplus.MybatisConfiguration - addMappedStatement: com.hsd.gitlab.systemhook.dao.SysAuthorMapper.updateAllColumnById
2017-11-30 19:21:34.494 [DEBUG] com.baomidou.mybatisplus.MybatisConfiguration - addMappedStatement: com.hsd.gitlab.systemhook.dao.SysAuthorMapper.selectById
2017-11-30 19:21:34.497 [DEBUG] com.baomidou.mybatisplus.MybatisConfiguration - addMappedStatement: com.hsd.gitlab.systemhook.dao.SysAuthorMapper.selectBatchIds
2017-11-30 19:21:34.502 [DEBUG] com.baomidou.mybatisplus.MybatisConfiguration - addMappedStatement: com.hsd.gitlab.systemhook.dao.SysAuthorMapper.insert
2017-11-30 19:21:34.505 [DEBUG] com.baomidou.mybatisplus.MybatisConfiguration - addMappedStatement: com.hsd.gitlab.systemhook.dao.SysAuthorMapper.insertAllColumn
2017-11-30 19:21:34.510 [DEBUG] com.baomidou.mybatisplus.MybatisConfiguration - addMappedStatement: com.hsd.gitlab.systemhook.dao.SysAuthorMapper.delete
2017-11-30 19:21:34.513 [DEBUG] com.baomidou.mybatisplus.MybatisConfiguration - addMappedStatement: com.hsd.gitlab.systemhook.dao.SysAuthorMapper.deleteByMap
2017-11-30 19:21:34.518 [DEBUG] com.baomidou.mybatisplus.MybatisConfiguration - addMappedStatement: com.hsd.gitlab.systemhook.dao.SysAuthorMapper.update
2017-11-30 19:21:34.522 [DEBUG] com.baomidou.mybatisplus.MybatisConfiguration - addMappedStatement: com.hsd.gitlab.systemhook.dao.SysAuthorMapper.selectByMap
2017-11-30 19:21:34.526 [DEBUG] com.baomidou.mybatisplus.MybatisConfiguration - addMappedStatement: com.hsd.gitlab.systemhook.dao.SysAuthorMapper.selectOne
2017-11-30 19:21:34.529 [DEBUG] com.baomidou.mybatisplus.MybatisConfiguration - addMappedStatement: com.hsd.gitlab.systemhook.dao.SysAuthorMapper.selectCount
2017-11-30 19:21:34.534 [DEBUG] com.baomidou.mybatisplus.MybatisConfiguration - addMappedStatement: com.hsd.gitlab.systemhook.dao.SysAuthorMapper.selectList
2017-11-30 19:21:34.539 [DEBUG] com.baomidou.mybatisplus.MybatisConfiguration - addMappedStatement: com.hsd.gitlab.systemhook.dao.SysAuthorMapper.selectPage
2017-11-30 19:21:34.543 [DEBUG] com.baomidou.mybatisplus.MybatisConfiguration - addMappedStatement: com.hsd.gitlab.systemhook.dao.SysAuthorMapper.selectMaps
2017-11-30 19:21:34.547 [DEBUG] com.baomidou.mybatisplus.MybatisConfiguration - addMappedStatement: com.hsd.gitlab.systemhook.dao.SysAuthorMapper.selectMapsPage
2017-11-30 19:21:34.551 [DEBUG] com.baomidou.mybatisplus.MybatisConfiguration - addMappedStatement: com.hsd.gitlab.systemhook.dao.SysAuthorMapper.selectObjs
2017-11-30 19:21:34.706 [DEBUG] com.baomidou.mybatisplus.MybatisConfiguration - addMappedStatement: com.hsd.gitlab.systemhook.dao.SysProjectMapper.deleteById
2017-11-30 19:21:34.709 [DEBUG] com.baomidou.mybatisplus.MybatisConfiguration - addMappedStatement: com.hsd.gitlab.systemhook.dao.SysProjectMapper.deleteBatchIds
2017-11-30 19:21:34.725 [DEBUG] com.baomidou.mybatisplus.MybatisConfiguration - addMappedStatement: com.hsd.gitlab.systemhook.dao.SysProjectMapper.updateById
2017-11-30 19:21:34.728 [DEBUG] com.baomidou.mybatisplus.MybatisConfiguration - addMappedStatement: com.hsd.gitlab.systemhook.dao.SysProjectMapper.updateAllColumnById
2017-11-30 19:21:34.730 [DEBUG] com.baomidou.mybatisplus.MybatisConfiguration - addMappedStatement: com.hsd.gitlab.systemhook.dao.SysProjectMapper.selectById
2017-11-30 19:21:34.735 [DEBUG] com.baomidou.mybatisplus.MybatisConfiguration - addMappedStatement: com.hsd.gitlab.systemhook.dao.SysProjectMapper.selectBatchIds
2017-11-30 19:21:34.744 [DEBUG] com.baomidou.mybatisplus.MybatisConfiguration - addMappedStatement: com.hsd.gitlab.systemhook.dao.SysProjectMapper.insert
2017-11-30 19:21:34.748 [DEBUG] com.baomidou.mybatisplus.MybatisConfiguration - addMappedStatement: com.hsd.gitlab.systemhook.dao.SysProjectMapper.insertAllColumn
2017-11-30 19:21:34.758 [DEBUG] com.baomidou.mybatisplus.MybatisConfiguration - addMappedStatement: com.hsd.gitlab.systemhook.dao.SysProjectMapper.delete
2017-11-30 19:21:34.766 [DEBUG] com.baomidou.mybatisplus.MybatisConfiguration - addMappedStatement: com.hsd.gitlab.systemhook.dao.SysProjectMapper.deleteByMap
2017-11-30 19:21:34.771 [DEBUG] com.baomidou.mybatisplus.MybatisConfiguration - addMappedStatement: com.hsd.gitlab.systemhook.dao.SysProjectMapper.update
2017-11-30 19:21:34.775 [DEBUG] com.baomidou.mybatisplus.MybatisConfiguration - addMappedStatement: com.hsd.gitlab.systemhook.dao.SysProjectMapper.selectByMap
2017-11-30 19:21:34.779 [DEBUG] com.baomidou.mybatisplus.MybatisConfiguration - addMappedStatement: com.hsd.gitlab.systemhook.dao.SysProjectMapper.selectOne
2017-11-30 19:21:34.791 [DEBUG] com.baomidou.mybatisplus.MybatisConfiguration - addMappedStatement: com.hsd.gitlab.systemhook.dao.SysProjectMapper.selectCount
2017-11-30 19:21:34.794 [DEBUG] com.baomidou.mybatisplus.MybatisConfiguration - addMappedStatement: com.hsd.gitlab.systemhook.dao.SysProjectMapper.selectList
2017-11-30 19:21:34.797 [DEBUG] com.baomidou.mybatisplus.MybatisConfiguration - addMappedStatement: com.hsd.gitlab.systemhook.dao.SysProjectMapper.selectPage
2017-11-30 19:21:34.803 [DEBUG] com.baomidou.mybatisplus.MybatisConfiguration - addMappedStatement: com.hsd.gitlab.systemhook.dao.SysProjectMapper.selectMaps
2017-11-30 19:21:34.807 [DEBUG] com.baomidou.mybatisplus.MybatisConfiguration - addMappedStatement: com.hsd.gitlab.systemhook.dao.SysProjectMapper.selectMapsPage
2017-11-30 19:21:34.810 [DEBUG] com.baomidou.mybatisplus.MybatisConfiguration - addMappedStatement: com.hsd.gitlab.systemhook.dao.SysProjectMapper.selectObjs
2017-11-30 19:21:34.862 [DEBUG] com.baomidou.mybatisplus.MybatisConfiguration - addMappedStatement: com.hsd.gitlab.systemhook.dao.SysHookPushMapper.deleteById
2017-11-30 19:21:34.865 [DEBUG] com.baomidou.mybatisplus.MybatisConfiguration - addMappedStatement: com.hsd.gitlab.systemhook.dao.SysHookPushMapper.deleteBatchIds
2017-11-30 19:21:34.870 [DEBUG] com.baomidou.mybatisplus.MybatisConfiguration - addMappedStatement: com.hsd.gitlab.systemhook.dao.SysHookPushMapper.updateById
2017-11-30 19:21:34.872 [DEBUG] com.baomidou.mybatisplus.MybatisConfiguration - addMappedStatement: com.hsd.gitlab.systemhook.dao.SysHookPushMapper.updateAllColumnById
2017-11-30 19:21:34.873 [DEBUG] com.baomidou.mybatisplus.MybatisConfiguration - addMappedStatement: com.hsd.gitlab.systemhook.dao.SysHookPushMapper.selectById
2017-11-30 19:21:34.876 [DEBUG] com.baomidou.mybatisplus.MybatisConfiguration - addMappedStatement: com.hsd.gitlab.systemhook.dao.SysHookPushMapper.selectBatchIds
2017-11-30 19:21:34.889 [DEBUG] com.baomidou.mybatisplus.MybatisConfiguration - addMappedStatement: com.hsd.gitlab.systemhook.dao.SysHookPushMapper.insert
2017-11-30 19:21:34.896 [DEBUG] com.baomidou.mybatisplus.MybatisConfiguration - addMappedStatement: com.hsd.gitlab.systemhook.dao.SysHookPushMapper.insertAllColumn
2017-11-30 19:21:34.911 [DEBUG] com.baomidou.mybatisplus.MybatisConfiguration - addMappedStatement: com.hsd.gitlab.systemhook.dao.SysHookPushMapper.delete
2017-11-30 19:21:34.917 [DEBUG] com.baomidou.mybatisplus.MybatisConfiguration - addMappedStatement: com.hsd.gitlab.systemhook.dao.SysHookPushMapper.deleteByMap
2017-11-30 19:21:34.922 [DEBUG] com.baomidou.mybatisplus.MybatisConfiguration - addMappedStatement: com.hsd.gitlab.systemhook.dao.SysHookPushMapper.update
2017-11-30 19:21:34.926 [DEBUG] com.baomidou.mybatisplus.MybatisConfiguration - addMappedStatement: com.hsd.gitlab.systemhook.dao.SysHookPushMapper.selectByMap
2017-11-30 19:21:34.930 [DEBUG] com.baomidou.mybatisplus.MybatisConfiguration - addMappedStatement: com.hsd.gitlab.systemhook.dao.SysHookPushMapper.selectOne
2017-11-30 19:21:34.952 [DEBUG] com.baomidou.mybatisplus.MybatisConfiguration - addMappedStatement: com.hsd.gitlab.systemhook.dao.SysHookPushMapper.selectCount
2017-11-30 19:21:34.958 [DEBUG] com.baomidou.mybatisplus.MybatisConfiguration - addMappedStatement: com.hsd.gitlab.systemhook.dao.SysHookPushMapper.selectList
2017-11-30 19:21:34.971 [DEBUG] com.baomidou.mybatisplus.MybatisConfiguration - addMappedStatement: com.hsd.gitlab.systemhook.dao.SysHookPushMapper.selectPage
2017-11-30 19:21:34.974 [DEBUG] com.baomidou.mybatisplus.MybatisConfiguration - addMappedStatement: com.hsd.gitlab.systemhook.dao.SysHookPushMapper.selectMaps
2017-11-30 19:21:34.985 [DEBUG] com.baomidou.mybatisplus.MybatisConfiguration - addMappedStatement: com.hsd.gitlab.systemhook.dao.SysHookPushMapper.selectMapsPage
2017-11-30 19:21:34.992 [DEBUG] com.baomidou.mybatisplus.MybatisConfiguration - addMappedStatement: com.hsd.gitlab.systemhook.dao.SysHookPushMapper.selectObjs
2017-11-30 19:21:35.044 [DEBUG] com.baomidou.mybatisplus.MybatisConfiguration - addMappedStatement: com.hsd.gitlab.systemhook.dao.SysRPushCommitMapper.deleteById
2017-11-30 19:21:35.052 [DEBUG] com.baomidou.mybatisplus.MybatisConfiguration - addMappedStatement: com.hsd.gitlab.systemhook.dao.SysRPushCommitMapper.deleteBatchIds
2017-11-30 19:21:35.056 [DEBUG] com.baomidou.mybatisplus.MybatisConfiguration - addMappedStatement: com.hsd.gitlab.systemhook.dao.SysRPushCommitMapper.updateById
2017-11-30 19:21:35.059 [DEBUG] com.baomidou.mybatisplus.MybatisConfiguration - addMappedStatement: com.hsd.gitlab.systemhook.dao.SysRPushCommitMapper.updateAllColumnById
2017-11-30 19:21:35.060 [DEBUG] com.baomidou.mybatisplus.MybatisConfiguration - addMappedStatement: com.hsd.gitlab.systemhook.dao.SysRPushCommitMapper.selectById
2017-11-30 19:21:35.062 [DEBUG] com.baomidou.mybatisplus.MybatisConfiguration - addMappedStatement: com.hsd.gitlab.systemhook.dao.SysRPushCommitMapper.selectBatchIds
2017-11-30 19:21:35.065 [DEBUG] com.baomidou.mybatisplus.MybatisConfiguration - addMappedStatement: com.hsd.gitlab.systemhook.dao.SysRPushCommitMapper.insert
2017-11-30 19:21:35.067 [DEBUG] com.baomidou.mybatisplus.MybatisConfiguration - addMappedStatement: com.hsd.gitlab.systemhook.dao.SysRPushCommitMapper.insertAllColumn
2017-11-30 19:21:35.070 [DEBUG] com.baomidou.mybatisplus.MybatisConfiguration - addMappedStatement: com.hsd.gitlab.systemhook.dao.SysRPushCommitMapper.delete
2017-11-30 19:21:35.074 [DEBUG] com.baomidou.mybatisplus.MybatisConfiguration - addMappedStatement: com.hsd.gitlab.systemhook.dao.SysRPushCommitMapper.deleteByMap
2017-11-30 19:21:35.080 [DEBUG] com.baomidou.mybatisplus.MybatisConfiguration - addMappedStatement: com.hsd.gitlab.systemhook.dao.SysRPushCommitMapper.update
2017-11-30 19:21:35.083 [DEBUG] com.baomidou.mybatisplus.MybatisConfiguration - addMappedStatement: com.hsd.gitlab.systemhook.dao.SysRPushCommitMapper.selectByMap
2017-11-30 19:21:35.087 [DEBUG] com.baomidou.mybatisplus.MybatisConfiguration - addMappedStatement: com.hsd.gitlab.systemhook.dao.SysRPushCommitMapper.selectOne
2017-11-30 19:21:35.090 [DEBUG] com.baomidou.mybatisplus.MybatisConfiguration - addMappedStatement: com.hsd.gitlab.systemhook.dao.SysRPushCommitMapper.selectCount
2017-11-30 19:21:35.092 [DEBUG] com.baomidou.mybatisplus.MybatisConfiguration - addMappedStatement: com.hsd.gitlab.systemhook.dao.SysRPushCommitMapper.selectList
2017-11-30 19:21:35.095 [DEBUG] com.baomidou.mybatisplus.MybatisConfiguration - addMappedStatement: com.hsd.gitlab.systemhook.dao.SysRPushCommitMapper.selectPage
2017-11-30 19:21:35.099 [DEBUG] com.baomidou.mybatisplus.MybatisConfiguration - addMappedStatement: com.hsd.gitlab.systemhook.dao.SysRPushCommitMapper.selectMaps
2017-11-30 19:21:35.103 [DEBUG] com.baomidou.mybatisplus.MybatisConfiguration - addMappedStatement: com.hsd.gitlab.systemhook.dao.SysRPushCommitMapper.selectMapsPage
2017-11-30 19:21:35.106 [DEBUG] com.baomidou.mybatisplus.MybatisConfiguration - addMappedStatement: com.hsd.gitlab.systemhook.dao.SysRPushCommitMapper.selectObjs
2017-11-30 19:21:35.148 [DEBUG] com.baomidou.mybatisplus.MybatisConfiguration - addMappedStatement: com.hsd.gitlab.systemhook.dao.SysCommitMapper.deleteById
2017-11-30 19:21:35.151 [DEBUG] com.baomidou.mybatisplus.MybatisConfiguration - addMappedStatement: com.hsd.gitlab.systemhook.dao.SysCommitMapper.deleteBatchIds
2017-11-30 19:21:35.156 [DEBUG] com.baomidou.mybatisplus.MybatisConfiguration - addMappedStatement: com.hsd.gitlab.systemhook.dao.SysCommitMapper.updateById
2017-11-30 19:21:35.159 [DEBUG] com.baomidou.mybatisplus.MybatisConfiguration - addMappedStatement: com.hsd.gitlab.systemhook.dao.SysCommitMapper.updateAllColumnById
2017-11-30 19:21:35.161 [DEBUG] com.baomidou.mybatisplus.MybatisConfiguration - addMappedStatement: com.hsd.gitlab.systemhook.dao.SysCommitMapper.selectById
2017-11-30 19:21:35.165 [DEBUG] com.baomidou.mybatisplus.MybatisConfiguration - addMappedStatement: com.hsd.gitlab.systemhook.dao.SysCommitMapper.selectBatchIds
2017-11-30 19:21:35.168 [DEBUG] com.baomidou.mybatisplus.MybatisConfiguration - addMappedStatement: com.hsd.gitlab.systemhook.dao.SysCommitMapper.insert
2017-11-30 19:21:35.173 [DEBUG] com.baomidou.mybatisplus.MybatisConfiguration - addMappedStatement: com.hsd.gitlab.systemhook.dao.SysCommitMapper.insertAllColumn
2017-11-30 19:21:35.175 [DEBUG] com.baomidou.mybatisplus.MybatisConfiguration - addMappedStatement: com.hsd.gitlab.systemhook.dao.SysCommitMapper.delete
2017-11-30 19:21:35.179 [DEBUG] com.baomidou.mybatisplus.MybatisConfiguration - addMappedStatement: com.hsd.gitlab.systemhook.dao.SysCommitMapper.deleteByMap
2017-11-30 19:21:35.185 [DEBUG] com.baomidou.mybatisplus.MybatisConfiguration - addMappedStatement: com.hsd.gitlab.systemhook.dao.SysCommitMapper.update
2017-11-30 19:21:35.191 [DEBUG] com.baomidou.mybatisplus.MybatisConfiguration - addMappedStatement: com.hsd.gitlab.systemhook.dao.SysCommitMapper.selectByMap
2017-11-30 19:21:35.194 [DEBUG] com.baomidou.mybatisplus.MybatisConfiguration - addMappedStatement: com.hsd.gitlab.systemhook.dao.SysCommitMapper.selectOne
2017-11-30 19:21:35.197 [DEBUG] com.baomidou.mybatisplus.MybatisConfiguration - addMappedStatement: com.hsd.gitlab.systemhook.dao.SysCommitMapper.selectCount
2017-11-30 19:21:35.200 [DEBUG] com.baomidou.mybatisplus.MybatisConfiguration - addMappedStatement: com.hsd.gitlab.systemhook.dao.SysCommitMapper.selectList
2017-11-30 19:21:35.202 [DEBUG] com.baomidou.mybatisplus.MybatisConfiguration - addMappedStatement: com.hsd.gitlab.systemhook.dao.SysCommitMapper.selectPage
2017-11-30 19:21:35.207 [DEBUG] com.baomidou.mybatisplus.MybatisConfiguration - addMappedStatement: com.hsd.gitlab.systemhook.dao.SysCommitMapper.selectMaps
2017-11-30 19:21:35.213 [DEBUG] com.baomidou.mybatisplus.MybatisConfiguration - addMappedStatement: com.hsd.gitlab.systemhook.dao.SysCommitMapper.selectMapsPage
2017-11-30 19:21:35.218 [DEBUG] com.baomidou.mybatisplus.MybatisConfiguration - addMappedStatement: com.hsd.gitlab.systemhook.dao.SysCommitMapper.selectObjs
2017-11-30 19:21:35.281 [DEBUG] com.baomidou.mybatisplus.MybatisConfiguration - addMappedStatement: com.hsd.gitlab.systemhook.dao.SysOutgoingGroupMapper.deleteById
2017-11-30 19:21:35.284 [DEBUG] com.baomidou.mybatisplus.MybatisConfiguration - addMappedStatement: com.hsd.gitlab.systemhook.dao.SysOutgoingGroupMapper.deleteBatchIds
2017-11-30 19:21:35.287 [DEBUG] com.baomidou.mybatisplus.MybatisConfiguration - addMappedStatement: com.hsd.gitlab.systemhook.dao.SysOutgoingGroupMapper.updateById
2017-11-30 19:21:35.290 [DEBUG] com.baomidou.mybatisplus.MybatisConfiguration - addMappedStatement: com.hsd.gitlab.systemhook.dao.SysOutgoingGroupMapper.updateAllColumnById
2017-11-30 19:21:35.291 [DEBUG] com.baomidou.mybatisplus.MybatisConfiguration - addMappedStatement: com.hsd.gitlab.systemhook.dao.SysOutgoingGroupMapper.selectById
2017-11-30 19:21:35.293 [DEBUG] com.baomidou.mybatisplus.MybatisConfiguration - addMappedStatement: com.hsd.gitlab.systemhook.dao.SysOutgoingGroupMapper.selectBatchIds
2017-11-30 19:21:35.296 [DEBUG] com.baomidou.mybatisplus.MybatisConfiguration - addMappedStatement: com.hsd.gitlab.systemhook.dao.SysOutgoingGroupMapper.insert
2017-11-30 19:21:35.299 [DEBUG] com.baomidou.mybatisplus.MybatisConfiguration - addMappedStatement: com.hsd.gitlab.systemhook.dao.SysOutgoingGroupMapper.insertAllColumn
2017-11-30 19:21:35.308 [DEBUG] com.baomidou.mybatisplus.MybatisConfiguration - addMappedStatement: com.hsd.gitlab.systemhook.dao.SysOutgoingGroupMapper.delete
2017-11-30 19:21:35.311 [DEBUG] com.baomidou.mybatisplus.MybatisConfiguration - addMappedStatement: com.hsd.gitlab.systemhook.dao.SysOutgoingGroupMapper.deleteByMap
2017-11-30 19:21:35.315 [DEBUG] com.baomidou.mybatisplus.MybatisConfiguration - addMappedStatement: com.hsd.gitlab.systemhook.dao.SysOutgoingGroupMapper.update
2017-11-30 19:21:35.318 [DEBUG] com.baomidou.mybatisplus.MybatisConfiguration - addMappedStatement: com.hsd.gitlab.systemhook.dao.SysOutgoingGroupMapper.selectByMap
2017-11-30 19:21:35.321 [DEBUG] com.baomidou.mybatisplus.MybatisConfiguration - addMappedStatement: com.hsd.gitlab.systemhook.dao.SysOutgoingGroupMapper.selectOne
2017-11-30 19:21:35.324 [DEBUG] com.baomidou.mybatisplus.MybatisConfiguration - addMappedStatement: com.hsd.gitlab.systemhook.dao.SysOutgoingGroupMapper.selectCount
2017-11-30 19:21:35.328 [DEBUG] com.baomidou.mybatisplus.MybatisConfiguration - addMappedStatement: com.hsd.gitlab.systemhook.dao.SysOutgoingGroupMapper.selectList
2017-11-30 19:21:35.331 [DEBUG] com.baomidou.mybatisplus.MybatisConfiguration - addMappedStatement: com.hsd.gitlab.systemhook.dao.SysOutgoingGroupMapper.selectPage
2017-11-30 19:21:35.335 [DEBUG] com.baomidou.mybatisplus.MybatisConfiguration - addMappedStatement: com.hsd.gitlab.systemhook.dao.SysOutgoingGroupMapper.selectMaps
2017-11-30 19:21:35.339 [DEBUG] com.baomidou.mybatisplus.MybatisConfiguration - addMappedStatement: com.hsd.gitlab.systemhook.dao.SysOutgoingGroupMapper.selectMapsPage
2017-11-30 19:21:35.341 [DEBUG] com.baomidou.mybatisplus.MybatisConfiguration - addMappedStatement: com.hsd.gitlab.systemhook.dao.SysOutgoingGroupMapper.selectObjs
2017-11-30 19:21:35.501 [DEBUG] net.sf.ehcache.config.ConfigurationFactory - Configuring ehcache from InputStream
2017-11-30 19:21:35.528 [DEBUG] net.sf.ehcache.config.BeanHandler - Ignoring ehcache attribute xmlns:xsi
2017-11-30 19:21:35.529 [DEBUG] net.sf.ehcache.config.BeanHandler - Ignoring ehcache attribute xsi:noNamespaceSchemaLocation
2017-11-30 19:21:35.531 [DEBUG] net.sf.ehcache.config.DiskStoreConfiguration - Disk Store Path: C:\Users\ADMINI~1\AppData\Local\Temp\/ehcache
2017-11-30 19:21:35.630 [DEBUG] net.sf.ehcache.util.PropertyUtil - propertiesString is null.
2017-11-30 19:21:35.652 [DEBUG] net.sf.ehcache.config.ConfigurationHelper - No CacheManagerEventListenerFactory class specified. Skipping...
2017-11-30 19:21:36.087 [DEBUG] net.sf.ehcache.Cache - No BootstrapCacheLoaderFactory class specified. Skipping...
2017-11-30 19:21:36.087 [DEBUG] net.sf.ehcache.Cache - CacheWriter factory not configured. Skipping...
2017-11-30 19:21:36.113 [DEBUG] net.sf.ehcache.config.ConfigurationHelper - No CacheExceptionHandlerFactory class specified. Skipping...
2017-11-30 19:21:36.125 [DEBUG] net.sf.ehcache.Cache - No BootstrapCacheLoaderFactory class specified. Skipping...
2017-11-30 19:21:36.125 [DEBUG] net.sf.ehcache.Cache - CacheWriter factory not configured. Skipping...
2017-11-30 19:21:36.125 [DEBUG] net.sf.ehcache.config.ConfigurationHelper - No CacheExceptionHandlerFactory class specified. Skipping...
2017-11-30 19:21:36.155 [DEBUG] net.sf.ehcache.store.MemoryStore - Initialized net.sf.ehcache.store.MemoryStore for CONSTANT
2017-11-30 19:21:36.171 [DEBUG] net.sf.ehcache.DiskStorePathManager - Using diskstore path C:\Users\ADMINI~1\AppData\Local\Temp\ehcache
2017-11-30 19:21:36.172 [DEBUG] net.sf.ehcache.DiskStorePathManager - Holding exclusive lock on C:\Users\ADMINI~1\AppData\Local\Temp\ehcache\.ehcache-diskstore.lock
2017-11-30 19:21:36.175 [DEBUG] net.sf.ehcache.store.disk.DiskStorageFactory - Failed to delete file %0043%004f%004e%0053%0054%0041%004e%0054.index
2017-11-30 19:21:36.187 [DEBUG] net.sf.ehcache.store.disk.DiskStorageFactory - Matching data file missing (or empty) for index file. Deleting index file C:\Users\ADMINI~1\AppData\Local\Temp\ehcache\%0043%004f%004e%0053%0054%0041%004e%0054.index
2017-11-30 19:21:36.188 [DEBUG] net.sf.ehcache.store.disk.DiskStorageFactory - Failed to delete file %0043%004f%004e%0053%0054%0041%004e%0054.index
2017-11-30 19:21:36.202 [DEBUG] net.sf.ehcache.Cache - Initialised cache: CONSTANT
2017-11-30 19:21:36.202 [DEBUG] net.sf.ehcache.config.ConfigurationHelper - CacheDecoratorFactory not configured. Skipping for 'CONSTANT'.
2017-11-30 19:21:36.202 [DEBUG] net.sf.ehcache.config.ConfigurationHelper - CacheDecoratorFactory not configured for defaultCache. Skipping for 'CONSTANT'.
2017-11-30 19:21:40.490 [DEBUG] org.hibernate.validator.internal.engine.resolver.DefaultTraversableResolver - Cannot find javax.persistence.Persistence on classpath. Assuming non JPA 2 environment. All properties will per default be traversable.
2017-11-30 19:21:40.506 [DEBUG] org.hibernate.validator.internal.engine.resolver.DefaultTraversableResolver - Cannot find javax.persistence.Persistence on classpath. Assuming non JPA 2 environment. All properties will per default be traversable.
2017-11-30 19:21:40.506 [DEBUG] org.hibernate.validator.internal.engine.ConfigurationImpl - Setting custom MessageInterpolator of type org.springframework.validation.beanvalidation.LocaleContextMessageInterpolator
2017-11-30 19:21:40.507 [DEBUG] org.hibernate.validator.internal.engine.ConfigurationImpl - Setting custom ConstraintValidatorFactory of type org.springframework.validation.beanvalidation.SpringConstraintValidatorFactory
2017-11-30 19:21:40.508 [DEBUG] org.hibernate.validator.internal.engine.ConfigurationImpl - Setting custom ParameterNameProvider of type com.sun.proxy.$Proxy52
2017-11-30 19:21:40.511 [DEBUG] org.hibernate.validator.internal.xml.ValidationXmlParser - Trying to load META-INF/validation.xml for XML based Validator configuration.
2017-11-30 19:21:40.512 [DEBUG] org.hibernate.validator.internal.xml.ResourceLoaderHelper - Trying to load META-INF/validation.xml via user class loader
2017-11-30 19:21:40.513 [DEBUG] org.hibernate.validator.internal.xml.ResourceLoaderHelper - Trying to load META-INF/validation.xml via TCCL
2017-11-30 19:21:40.515 [DEBUG] org.hibernate.validator.internal.xml.ResourceLoaderHelper - Trying to load META-INF/validation.xml via Hibernate Validator's class loader
2017-11-30 19:21:40.517 [DEBUG] org.hibernate.validator.internal.xml.ValidationXmlParser - No META-INF/validation.xml found. Using annotation based configuration only.
2017-11-30 19:21:50.176 [DEBUG] org.hibernate.validator.internal.engine.resolver.DefaultTraversableResolver - Cannot find javax.persistence.Persistence on classpath. Assuming non JPA 2 environment. All properties will per default be traversable.
2017-11-30 19:21:50.180 [DEBUG] org.hibernate.validator.internal.engine.resolver.DefaultTraversableResolver - Cannot find javax.persistence.Persistence on classpath. Assuming non JPA 2 environment. All properties will per default be traversable.
2017-11-30 19:21:50.182 [DEBUG] org.hibernate.validator.internal.engine.ConfigurationImpl - Setting custom MessageInterpolator of type org.springframework.validation.beanvalidation.LocaleContextMessageInterpolator
2017-11-30 19:21:50.182 [DEBUG] org.hibernate.validator.internal.engine.ConfigurationImpl - Setting custom ConstraintValidatorFactory of type org.springframework.validation.beanvalidation.SpringConstraintValidatorFactory
2017-11-30 19:21:50.183 [DEBUG] org.hibernate.validator.internal.engine.ConfigurationImpl - Setting custom ParameterNameProvider of type com.sun.proxy.$Proxy52
2017-11-30 19:21:50.183 [DEBUG] org.hibernate.validator.internal.xml.ValidationXmlParser - Trying to load META-INF/validation.xml for XML based Validator configuration.
2017-11-30 19:21:50.184 [DEBUG] org.hibernate.validator.internal.xml.ResourceLoaderHelper - Trying to load META-INF/validation.xml via user class loader
2017-11-30 19:21:50.185 [DEBUG] org.hibernate.validator.internal.xml.ResourceLoaderHelper - Trying to load META-INF/validation.xml via TCCL
2017-11-30 19:21:50.187 [DEBUG] org.hibernate.validator.internal.xml.ResourceLoaderHelper - Trying to load META-INF/validation.xml via Hibernate Validator's class loader
2017-11-30 19:21:50.188 [DEBUG] org.hibernate.validator.internal.xml.ValidationXmlParser - No META-INF/validation.xml found. Using annotation based configuration only.
2017-11-30 19:21:50.209 [DEBUG] com.netflix.hystrix.contrib.metrics.eventstream.HystrixMetricsPoller - Starting HystrixMetricsPoller
2017-11-30 19:21:52.060 [DEBUG] com.netflix.discovery.endpoint.EndpointUtils - The availability zone for the given region us-east-1 are [defaultZone]
2017-11-30 19:21:52.064 [DEBUG] com.netflix.discovery.shared.resolver.aws.ConfigClusterResolver - Config resolved to [AwsEndpoint{ serviceUrl='http://admin:admin@localhost:5001/eureka/', region='us-east-1', zone='defaultZone'}]
2017-11-30 19:21:52.346 [DEBUG] com.netflix.discovery.shared.resolver.aws.ZoneAffinityClusterResolver - Local zone=defaultZone; resolved to: [AwsEndpoint{ serviceUrl='http://admin:admin@localhost:5001/eureka/', region='us-east-1', zone='defaultZone'}]
2017-11-30 19:21:52.381 [DEBUG] com.netflix.discovery.shared.transport.decorator.SessionedEurekaHttpClient - Ending a session and starting anew
2017-11-30 19:21:52.385 [DEBUG] com.netflix.discovery.shared.transport.jersey.AbstractJerseyEurekaHttpClient - Created client for url: http://admin:admin@localhost:5001/eureka/
2017-11-30 19:21:52.503 [DEBUG] com.netflix.discovery.shared.MonitoredConnectionManager - Get connection: {}->http://localhost:5001, timeout = 5000
2017-11-30 19:21:52.504 [DEBUG] com.netflix.discovery.shared.NamedConnectionPool - [{}->http://localhost:5001] total kept alive: 0, total issued: 0, total allocated: 0 out of 200
2017-11-30 19:21:52.505 [DEBUG] com.netflix.discovery.shared.NamedConnectionPool - No free connections [{}->http://localhost:5001][null]
2017-11-30 19:21:52.505 [DEBUG] com.netflix.discovery.shared.NamedConnectionPool - Available capacity: 50 out of 50 [{}->http://localhost:5001][null]
2017-11-30 19:21:52.505 [DEBUG] com.netflix.discovery.shared.NamedConnectionPool - Creating new connection [{}->http://localhost:5001]
2017-11-30 19:21:52.525 [DEBUG] org.apache.http.impl.conn.DefaultClientConnectionOperator - Connecting to localhost:5001
2017-11-30 19:21:52.565 [DEBUG] org.apache.http.client.protocol.RequestAddCookies - CookieSpec selected: default
2017-11-30 19:21:52.568 [DEBUG] org.apache.http.client.protocol.RequestAuthCache - Auth cache not set in the context
2017-11-30 19:21:52.568 [DEBUG] org.apache.http.client.protocol.RequestTargetAuthentication - Target auth state: UNCHALLENGED
2017-11-30 19:21:52.583 [DEBUG] org.apache.http.client.protocol.RequestProxyAuthentication - Proxy auth state: UNCHALLENGED
2017-11-30 19:21:52.583 [DEBUG] org.apache.http.impl.client.DefaultHttpClient - Attempt 1 to execute request
2017-11-30 19:21:52.584 [DEBUG] org.apache.http.impl.conn.DefaultClientConnection - Sending request: GET /eureka/apps/ HTTP/1.1
2017-11-30 19:21:52.584 [DEBUG] org.apache.http.wire -  >> "GET /eureka/apps/ HTTP/1.1[\r][\n]"
2017-11-30 19:21:52.586 [DEBUG] org.apache.http.wire -  >> "Accept: application/json[\r][\n]"
2017-11-30 19:21:52.586 [DEBUG] org.apache.http.wire -  >> "DiscoveryIdentity-Name: DefaultClient[\r][\n]"
2017-11-30 19:21:52.586 [DEBUG] org.apache.http.wire -  >> "DiscoveryIdentity-Version: 1.4[\r][\n]"
2017-11-30 19:21:52.586 [DEBUG] org.apache.http.wire -  >> "DiscoveryIdentity-Id: 192.168.88.1[\r][\n]"
2017-11-30 19:21:52.587 [DEBUG] org.apache.http.wire -  >> "Accept-Encoding: gzip[\r][\n]"
2017-11-30 19:21:52.587 [DEBUG] org.apache.http.wire -  >> "Host: localhost:5001[\r][\n]"
2017-11-30 19:21:52.587 [DEBUG] org.apache.http.wire -  >> "Connection: Keep-Alive[\r][\n]"
2017-11-30 19:21:52.587 [DEBUG] org.apache.http.wire -  >> "User-Agent: Java-EurekaClient/v1.6.2[\r][\n]"
2017-11-30 19:21:52.587 [DEBUG] org.apache.http.wire -  >> "Authorization: Basic YWRtaW46YWRtaW4=[\r][\n]"
2017-11-30 19:21:52.589 [DEBUG] org.apache.http.wire -  >> "[\r][\n]"
2017-11-30 19:21:52.589 [DEBUG] org.apache.http.headers - >> GET /eureka/apps/ HTTP/1.1
2017-11-30 19:21:52.590 [DEBUG] org.apache.http.headers - >> Accept: application/json
2017-11-30 19:21:52.590 [DEBUG] org.apache.http.headers - >> DiscoveryIdentity-Name: DefaultClient
2017-11-30 19:21:52.591 [DEBUG] org.apache.http.headers - >> DiscoveryIdentity-Version: 1.4
2017-11-30 19:21:52.591 [DEBUG] org.apache.http.headers - >> DiscoveryIdentity-Id: 192.168.88.1
2017-11-30 19:21:52.591 [DEBUG] org.apache.http.headers - >> Accept-Encoding: gzip
2017-11-30 19:21:52.591 [DEBUG] org.apache.http.headers - >> Host: localhost:5001
2017-11-30 19:21:52.591 [DEBUG] org.apache.http.headers - >> Connection: Keep-Alive
2017-11-30 19:21:52.591 [DEBUG] org.apache.http.headers - >> User-Agent: Java-EurekaClient/v1.6.2
2017-11-30 19:21:52.591 [DEBUG] org.apache.http.headers - >> Authorization: Basic YWRtaW46YWRtaW4=
2017-11-30 19:21:52.605 [DEBUG] org.apache.http.wire -  << "HTTP/1.1 200 [\r][\n]"
2017-11-30 19:21:52.608 [DEBUG] org.apache.http.wire -  << "Content-Encoding: gzip[\r][\n]"
2017-11-30 19:21:52.608 [DEBUG] org.apache.http.wire -  << "Content-Type: application/json[\r][\n]"
2017-11-30 19:21:52.609 [DEBUG] org.apache.http.wire -  << "Content-Length: 664[\r][\n]"
2017-11-30 19:21:52.609 [DEBUG] org.apache.http.wire -  << "Date: Thu, 30 Nov 2017 11:21:52 GMT[\r][\n]"
2017-11-30 19:21:52.609 [DEBUG] org.apache.http.wire -  << "[\r][\n]"
2017-11-30 19:21:52.609 [DEBUG] org.apache.http.impl.conn.DefaultClientConnection - Receiving response: HTTP/1.1 200 
2017-11-30 19:21:52.609 [DEBUG] org.apache.http.headers - << HTTP/1.1 200 
2017-11-30 19:21:52.609 [DEBUG] org.apache.http.headers - << Content-Encoding: gzip
2017-11-30 19:21:52.609 [DEBUG] org.apache.http.headers - << Content-Type: application/json
2017-11-30 19:21:52.609 [DEBUG] org.apache.http.headers - << Content-Length: 664
2017-11-30 19:21:52.609 [DEBUG] org.apache.http.headers - << Date: Thu, 30 Nov 2017 11:21:52 GMT
2017-11-30 19:21:52.617 [DEBUG] org.apache.http.impl.client.DefaultHttpClient - Connection can be kept alive indefinitely
2017-11-30 19:21:52.634 [DEBUG] org.apache.http.wire -  << "[0x1f][0x8b][0x8][0x0][0x0][0x0][0x0][0x0][0x0][0x0][0xdd]SQS[0xda]@[0x10][0xfe]/7>B[0xbc][0x10][0xc0][0x84]'#I-[0xb5]E[0x7]D[0xc7][0xe9]8[0xcc]5Y[0xc8][0xd5]#[0xc9][0xdc]][0xb0][0x8c][0xc3][0xef]^b[0xaa][0x14][0x5][0xed][0xb4]/}Jn[0xf7][0xbb][0xdd][0xef]v[0xbf][0xef][0x81][0xb0]<[0x17]<b[0x9a]g[0xa9]"[0xbd][0x7][0xb2][0x4][0xa9][0xcc][0xff]t[0x1a][0x83][0xd0][0x8c][0xf4][0x88]M[0x1a][0x6][0x85][0x91][0x84][0xa9]$[0xca]b[0xc0][0xe0][0xe4]b[0xda][0x9a]V[0x89][0xfa]:[0xe9]}} )[[0x98][0xf4][0xc7]q[0xd0][0xc]'[0xa3][0xf0][0xcc]o[0x8e][0xc3][0xd1]U8B(O[0x95]fi[0x4]%[0xae]>[0xc]bD[0xe][0xfc][0xc0][0xbf][0xb1]O&[0x1f]N>[0x85][0xc1]i/Qq[0x13][\n]"
2017-11-30 19:21:52.634 [DEBUG] org.apache.http.wire -  << "[0x9]w[0xac][0xa9]@"[0xa3]^[0x87]RC#[0xc9][0x94][0x1e]V[0x1d]l[0xaf]e[0xd9]][0xd7]r][0xeb][0x91][0xe0]kms?[0x8e][0xe5][0xf6][\r][0xec][0xaf][0xb]U>[0x5]O[0x19]v[0x91]<[0x8e]!}[0x8a][0xf][0xcf][0x86][0xe7][0xd7]CL[0xe6][0x99][0xd4]f6[0x7][0xa4]$[0xd2] [0xc7][0x90][0xb2]o[0x2][0xc]w-[0xb] k,[0x7][0x11]2[0xbe]xB[0xb6][0xdb][0xce][0x6]p[0xc6][0x84]*[0x91]QV[0xa4]Z[0xae][0xcc][0xcb][0xb1]T[0xcc]4[0xeb]C[0xaa]A[0xe][0xd2]Yf[0xee][0x1e]G[0x82])C [0xca][0x16]V[\n]"
2017-11-30 19:21:52.634 [DEBUG] org.apache.http.wire -  << "z&[0xf8][0xf][0xb][0xdf][0xc7]1o[\r][0xea][0xb9][0xe1][0xe1] [0x80][0x19]+[0x84][0xe]6K4[0xea]%|Y[0x9d][0xdf][0xa7][0xa6][0xa3][0x0][0xa6][0xa0]./![0x85]{&[0x6][0x6][0xbf]4[0xdf]1D[0xd8][0xad][0x83]T[\n]"
2017-11-30 19:21:52.634 [DEBUG] org.apache.http.wire -  << "Y.[0xb2][0xe][0xd9][0x18][0x93]0[0xe7]JW[0xf1]K[0xbe][0x0][0xec][0xbe][0xc8]M[0xca][0xb6]][0xc7]v[0x1c][0xb7][0xeb]![\n]"
2017-11-30 19:21:52.635 [DEBUG] org.apache.http.wire -  << "[0x9][0xeb]QUw[0x13][0xd4][0xa2]m[0xea][0xd9][0x94]vh[0x83][0xc0][0x92]G[0xbf][0x95][0xa1]fn[0x12][0xe3]0[0xc9]_[0xa8]N[0xbd]N[0xeb][0x8][0xf9]/@33[0xa7][0x8d][0xe9]|gKf[0x15][0x9a][0xb][0xab][0x9f][0x9][0x1]eiu[0x10].r[0xbd][0xfa][0xc2]r[0xf3][0xec]$[[0xc0][0x5][0x9b][0xc3]D[\n]"
2017-11-30 19:21:52.635 [DEBUG] org.apache.http.wire -  << "[0xc4]'Z[0xe7][0xbd][0xc3][0xc3][0xe7]*([0xb7]y[0xf8]K[0xb]o[0xc0][0xf2]j[0xc0][0x9]0[0xa1][0x93]~[0x2][0xd1][0xdd][0x9e][0xb][0x15][0x12][0xaf],+[0x1d]B[0xc9]}K[0xe0][0xa4][0x16][0xd0][0xd5]>[0x18]W[0xfd],[0x93]1Oq%[0xe9]<[0xe0]*2[0xd2]][0x8d][0xab][0xfc][0xa3][0x1e][0xab][0x8d]Lr[0x1c][0x1a][0xc4][0xcf][0x6]K6[0xf6][0xf6][0x8][0xb][0xb8][0xd4][0xab][0x97]@[0xd4]u\[0x3]b[0xd5][0xda]V[0xb9][0x11][0x95][0x1f][0x4]a@[0xd6][0xb7][0xeb][0xc6][0x86][0xd9]O[0xfd][0xcb][0xf0][0xda][0xbf][0xf9]S[0xb7][0xcf][0x91][0xe8]=[=[0xb3];}[0xa3][0xdd][0xb7][0x1b][0xff]m[0xbf][0xd3][0xff][0xd2][0xef][0xe][0xdd]6[0xbc]Gw[0x1a][0xde]kw=[0xf][\r][0xdd][0xda]g[0xf8][0x96][0xdb][0xee][0xbe][0xdb][0xf0][0xa6][0xba][0xeb][0xb9]-[0xfb][0x1f][0x1b][0x9e][0xbe][0xc3][0xf0][0xf4][0xbd][0x86][0xa7];[0xc][0xbf][0xa9][0xf1][0xd7][0x1d][0xbf][0x85][0xdb]g[0xf9]Ji;=_[0xaf][0xce][0xd9][0xe5][0xf9]j[0x3]G[0x8e][0xfb][0xaa][0xe7]o[0xd7][0xeb][0x9f][0x15]n[0xc3][0xf3]2[0x8][0x0][0x0]"
2017-11-30 19:21:52.799 [DEBUG] com.netflix.discovery.shared.MonitoredConnectionManager - Released connection is reusable.
2017-11-30 19:21:52.799 [DEBUG] com.netflix.discovery.shared.NamedConnectionPool - Releasing connection [{}->http://localhost:5001][null]
2017-11-30 19:21:52.799 [DEBUG] com.netflix.discovery.shared.NamedConnectionPool - Pooling connection [{}->http://localhost:5001][null]; keep alive indefinitely
2017-11-30 19:21:52.800 [DEBUG] com.netflix.discovery.shared.NamedConnectionPool - Notifying no-one, there are no waiting threads
2017-11-30 19:21:52.803 [DEBUG] com.netflix.discovery.shared.transport.jersey.AbstractJerseyEurekaHttpClient - Jersey HTTP GET http://admin:admin@localhost:5001/eureka//apps/?; statusCode=200
2017-11-30 19:21:52.803 [DEBUG] com.netflix.discovery.shared.transport.decorator.RedirectingEurekaHttpClient - Pinning to endpoint null
2017-11-30 19:21:52.807 [DEBUG] com.netflix.discovery.DiscoveryClient - Got full registry with apps hashcode UP_2_
2017-11-30 19:21:52.808 [DEBUG] com.netflix.discovery.DiscoveryClient - The total number of all instances in the client now is 2
2017-11-30 19:21:53.020 [DEBUG] com.netflix.discovery.shared.transport.decorator.SessionedEurekaHttpClient - Ending a session and starting anew
2017-11-30 19:21:53.022 [DEBUG] com.netflix.discovery.shared.transport.jersey.AbstractJerseyEurekaHttpClient - Created client for url: http://admin:admin@localhost:5001/eureka/
2017-11-30 19:21:53.024 [DEBUG] com.netflix.discovery.shared.MonitoredConnectionManager - Get connection: {}->http://localhost:5001, timeout = 5000
2017-11-30 19:21:53.024 [DEBUG] com.netflix.discovery.shared.NamedConnectionPool - [{}->http://localhost:5001] total kept alive: 1, total issued: 0, total allocated: 1 out of 200
2017-11-30 19:21:53.026 [DEBUG] com.netflix.discovery.shared.NamedConnectionPool - Getting free connection [{}->http://localhost:5001][null]
2017-11-30 19:21:53.026 [DEBUG] org.apache.http.impl.client.DefaultHttpClient - Stale connection check
2017-11-30 19:21:53.028 [DEBUG] org.apache.http.client.protocol.RequestAddCookies - CookieSpec selected: default
2017-11-30 19:21:53.028 [DEBUG] org.apache.http.client.protocol.RequestAuthCache - Auth cache not set in the context
2017-11-30 19:21:53.028 [DEBUG] org.apache.http.client.protocol.RequestTargetAuthentication - Target auth state: UNCHALLENGED
2017-11-30 19:21:53.029 [DEBUG] org.apache.http.client.protocol.RequestProxyAuthentication - Proxy auth state: UNCHALLENGED
2017-11-30 19:21:53.029 [DEBUG] org.apache.http.impl.client.DefaultHttpClient - Attempt 1 to execute request
2017-11-30 19:21:53.029 [DEBUG] org.apache.http.impl.conn.DefaultClientConnection - Sending request: DELETE /eureka/apps/HSD-GITLAB-HOOKS-SERVER/LDADAY1BUFBJEDG:hsd-gitlab-hooks-server:-1 HTTP/1.1
2017-11-30 19:21:53.029 [DEBUG] org.apache.http.wire -  >> "DELETE /eureka/apps/HSD-GITLAB-HOOKS-SERVER/LDADAY1BUFBJEDG:hsd-gitlab-hooks-server:-1 HTTP/1.1[\r][\n]"
2017-11-30 19:21:53.029 [DEBUG] org.apache.http.wire -  >> "DiscoveryIdentity-Name: DefaultClient[\r][\n]"
2017-11-30 19:21:53.029 [DEBUG] org.apache.http.wire -  >> "DiscoveryIdentity-Version: 1.4[\r][\n]"
2017-11-30 19:21:53.029 [DEBUG] org.apache.http.wire -  >> "DiscoveryIdentity-Id: 192.168.88.1[\r][\n]"
2017-11-30 19:21:53.029 [DEBUG] org.apache.http.wire -  >> "Accept-Encoding: gzip[\r][\n]"
2017-11-30 19:21:53.029 [DEBUG] org.apache.http.wire -  >> "Host: localhost:5001[\r][\n]"
2017-11-30 19:21:53.029 [DEBUG] org.apache.http.wire -  >> "Connection: Keep-Alive[\r][\n]"
2017-11-30 19:21:53.029 [DEBUG] org.apache.http.wire -  >> "User-Agent: Java-EurekaClient/v1.6.2[\r][\n]"
2017-11-30 19:21:53.029 [DEBUG] org.apache.http.wire -  >> "Authorization: Basic YWRtaW46YWRtaW4=[\r][\n]"
2017-11-30 19:21:53.030 [DEBUG] org.apache.http.wire -  >> "[\r][\n]"
2017-11-30 19:21:53.030 [DEBUG] org.apache.http.headers - >> DELETE /eureka/apps/HSD-GITLAB-HOOKS-SERVER/LDADAY1BUFBJEDG:hsd-gitlab-hooks-server:-1 HTTP/1.1
2017-11-30 19:21:53.030 [DEBUG] org.apache.http.headers - >> DiscoveryIdentity-Name: DefaultClient
2017-11-30 19:21:53.030 [DEBUG] org.apache.http.headers - >> DiscoveryIdentity-Version: 1.4
2017-11-30 19:21:53.030 [DEBUG] org.apache.http.headers - >> DiscoveryIdentity-Id: 192.168.88.1
2017-11-30 19:21:53.030 [DEBUG] org.apache.http.headers - >> Accept-Encoding: gzip
2017-11-30 19:21:53.030 [DEBUG] org.apache.http.headers - >> Host: localhost:5001
2017-11-30 19:21:53.030 [DEBUG] org.apache.http.headers - >> Connection: Keep-Alive
2017-11-30 19:21:53.030 [DEBUG] org.apache.http.headers - >> User-Agent: Java-EurekaClient/v1.6.2
2017-11-30 19:21:53.030 [DEBUG] org.apache.http.headers - >> Authorization: Basic YWRtaW46YWRtaW4=
2017-11-30 19:21:53.034 [DEBUG] org.apache.http.wire -  << "HTTP/1.1 404 [\r][\n]"
2017-11-30 19:21:53.034 [DEBUG] org.apache.http.wire -  << "Content-Type: application/xml[\r][\n]"
2017-11-30 19:21:53.035 [DEBUG] org.apache.http.wire -  << "Content-Length: 0[\r][\n]"
2017-11-30 19:21:53.035 [DEBUG] org.apache.http.wire -  << "Date: Thu, 30 Nov 2017 11:21:52 GMT[\r][\n]"
2017-11-30 19:21:53.035 [DEBUG] org.apache.http.wire -  << "[\r][\n]"
2017-11-30 19:21:53.035 [DEBUG] org.apache.http.impl.conn.DefaultClientConnection - Receiving response: HTTP/1.1 404 
2017-11-30 19:21:53.035 [DEBUG] org.apache.http.headers - << HTTP/1.1 404 
2017-11-30 19:21:53.035 [DEBUG] org.apache.http.headers - << Content-Type: application/xml
2017-11-30 19:21:53.035 [DEBUG] org.apache.http.headers - << Content-Length: 0
2017-11-30 19:21:53.035 [DEBUG] org.apache.http.headers - << Date: Thu, 30 Nov 2017 11:21:52 GMT
2017-11-30 19:21:53.035 [DEBUG] org.apache.http.impl.client.DefaultHttpClient - Connection can be kept alive indefinitely
2017-11-30 19:21:53.035 [DEBUG] com.netflix.discovery.shared.MonitoredConnectionManager - Released connection is reusable.
2017-11-30 19:21:53.036 [DEBUG] com.netflix.discovery.shared.NamedConnectionPool - Releasing connection [{}->http://localhost:5001][null]
2017-11-30 19:21:53.036 [DEBUG] com.netflix.discovery.shared.NamedConnectionPool - Pooling connection [{}->http://localhost:5001][null]; keep alive indefinitely
2017-11-30 19:21:53.036 [DEBUG] com.netflix.discovery.shared.NamedConnectionPool - Notifying no-one, there are no waiting threads
2017-11-30 19:21:53.036 [DEBUG] com.netflix.discovery.shared.transport.jersey.AbstractJerseyEurekaHttpClient - Jersey HTTP DELETE http://admin:admin@localhost:5001/eureka//apps/HSD-GITLAB-HOOKS-SERVER/LDADAY1BUFBJEDG:hsd-gitlab-hooks-server:-1; statusCode=404
2017-11-30 19:21:53.036 [DEBUG] com.netflix.discovery.shared.transport.decorator.RedirectingEurekaHttpClient - Pinning to endpoint null
2017-11-30 19:21:53.043 [DEBUG] com.netflix.discovery.shared.MonitoredConnectionManager - Closing connections idle longer than 0 SECONDS
2017-11-30 19:21:53.044 [DEBUG] com.netflix.discovery.shared.NamedConnectionPool - Closing connections idle longer than 0 SECONDS
2017-11-30 19:21:53.044 [DEBUG] com.netflix.discovery.shared.NamedConnectionPool - Closing connection last used @ Thu Nov 30 19:21:53 CST 2017
2017-11-30 19:21:53.044 [DEBUG] com.netflix.discovery.shared.NamedConnectionPool - Deleting connection [{}->http://localhost:5001][null]
2017-11-30 19:21:53.045 [DEBUG] org.apache.http.impl.conn.DefaultClientConnection - Connection 0.0.0.0:53558<->127.0.0.1:5001 closed
2017-11-30 19:21:53.045 [DEBUG] com.netflix.discovery.shared.MonitoredConnectionManager - Closing connections idle longer than 0 SECONDS
2017-11-30 19:21:53.045 [DEBUG] com.netflix.discovery.shared.NamedConnectionPool - Closing connections idle longer than 0 SECONDS
2017-11-30 19:21:53.050 [DEBUG] com.netflix.hystrix.contrib.metrics.eventstream.HystrixMetricsPoller - Stopping the HystrixMetricsPoller
2017-11-30 19:21:53.094 [DEBUG] com.netflix.hystrix.strategy.HystrixPlugins - Created HystrixDynamicProperties. Using class : com.netflix.hystrix.strategy.properties.archaius.HystrixDynamicPropertiesArchaius
