2017-12-04 09:16:40.152 [INFO ] org.springframework.context.annotation.AnnotationConfigApplicationContext - Refreshing org.springframework.context.annotation.AnnotationConfigApplicationContext@6af9fcb2: startup date [Mon Dec 04 09:16:40 CST 2017]; root of context hierarchy
2017-12-04 09:16:40.550 [INFO ] org.springframework.beans.factory.annotation.AutowiredAnnotationBeanPostProcessor - JSR-330 'javax.inject.Inject' annotation found and supported for autowiring
2017-12-04 09:16:40.649 [INFO ] org.hibernate.validator.internal.util.Version - HV000001: Hibernate Validator 5.3.5.Final
2017-12-04 09:16:40.675 [INFO ] org.springframework.context.support.PostProcessorRegistrationDelegate$BeanPostProcessorChecker - Bean 'configurationPropertiesRebinderAutoConfiguration' of type [org.springframework.cloud.autoconfigure.ConfigurationPropertiesRebinderAutoConfiguration$$EnhancerBySpringCGLIB$$aa8bdab5] is not eligible for getting processed by all BeanPostProcessors (for example: not eligible for auto-proxying)
2017-12-04 09:16:41.747 [INFO ] com.hsd.gitlab.systemhook.dao.SysOutgoingGroupMapperTest - The following profiles are active: dev
2017-12-04 09:16:41.754 [INFO ] org.springframework.web.context.support.GenericWebApplicationContext - Refreshing org.springframework.web.context.support.GenericWebApplicationContext@53bf7094: startup date [Mon Dec 04 09:16:41 CST 2017]; parent: org.springframework.context.annotation.AnnotationConfigApplicationContext@6af9fcb2
2017-12-04 09:16:43.986 [INFO ] org.springframework.cloud.context.scope.GenericScope - BeanFactory id=fc2a833a-053a-387c-b221-2d71f1cad5df
2017-12-04 09:16:44.118 [INFO ] org.springframework.beans.factory.annotation.AutowiredAnnotationBeanPostProcessor - JSR-330 'javax.inject.Inject' annotation found and supported for autowiring
2017-12-04 09:16:44.428 [INFO ] org.springframework.context.support.PostProcessorRegistrationDelegate$BeanPostProcessorChecker - Bean 'org.springframework.transaction.annotation.ProxyTransactionManagementConfiguration' of type [org.springframework.transaction.annotation.ProxyTransactionManagementConfiguration$$EnhancerBySpringCGLIB$$8e71d7b8] is not eligible for getting processed by all BeanPostProcessors (for example: not eligible for auto-proxying)
2017-12-04 09:16:44.741 [INFO ] org.springframework.context.support.PostProcessorRegistrationDelegate$BeanPostProcessorChecker - Bean 'org.springframework.cache.annotation.ProxyCachingConfiguration' of type [org.springframework.cache.annotation.ProxyCachingConfiguration$$EnhancerBySpringCGLIB$$d7840dd6] is not eligible for getting processed by all BeanPostProcessors (for example: not eligible for auto-proxying)
2017-12-04 09:16:44.831 [INFO ] org.springframework.context.support.PostProcessorRegistrationDelegate$BeanPostProcessorChecker - Bean 'org.springframework.cloud.netflix.metrics.MetricsInterceptorConfiguration$MetricsRestTemplateConfiguration' of type [org.springframework.cloud.netflix.metrics.MetricsInterceptorConfiguration$MetricsRestTemplateConfiguration$$EnhancerBySpringCGLIB$$c09e7df9] is not eligible for getting processed by all BeanPostProcessors (for example: not eligible for auto-proxying)
2017-12-04 09:16:44.863 [INFO ] org.springframework.context.support.PostProcessorRegistrationDelegate$BeanPostProcessorChecker - Bean 'org.springframework.cloud.autoconfigure.ConfigurationPropertiesRebinderAutoConfiguration' of type [org.springframework.cloud.autoconfigure.ConfigurationPropertiesRebinderAutoConfiguration$$EnhancerBySpringCGLIB$$aa8bdab5] is not eligible for getting processed by all BeanPostProcessors (for example: not eligible for auto-proxying)
2017-12-04 09:16:47.668 [INFO ] org.springframework.cache.ehcache.EhCacheManagerFactoryBean - Initializing EhCache CacheManager
2017-12-04 09:16:49.823 [INFO ] com.netflix.config.sources.URLConfigurationSource - To enable URLs as dynamic configuration sources, define System property archaius.configurationSource.additionalUrls or make config.properties available on classpath.
2017-12-04 09:16:49.838 [INFO ] com.netflix.config.DynamicPropertyFactory - DynamicPropertyFactory is initialized with configuration sources: com.netflix.config.ConcurrentCompositeConfiguration@681311a7
2017-12-04 09:16:51.634 [INFO ] org.springframework.boot.test.mock.web.SpringBootMockServletContext - jolokia: No access restrictor found, access to any MBean is allowed
2017-12-04 09:16:52.242 [INFO ] org.springframework.web.servlet.mvc.method.annotation.RequestMappingHandlerAdapter - Looking for @ControllerAdvice: org.springframework.web.context.support.GenericWebApplicationContext@53bf7094: startup date [Mon Dec 04 09:16:41 CST 2017]; parent: org.springframework.context.annotation.AnnotationConfigApplicationContext@6af9fcb2
2017-12-04 09:16:52.562 [INFO ] org.springframework.web.servlet.mvc.method.annotation.RequestMappingHandlerMapping - Mapped "{[/feign/chatops/gitlabhook/gitlabsystemhooksservice/incoming],methods=[POST]}" onto public void com.hsd.gitlab.systemhook.service.trigger.GitlabSystemHooksService.handle(java.lang.String)
2017-12-04 09:16:52.569 [INFO ] org.springframework.web.servlet.mvc.method.annotation.RequestMappingHandlerMapping - Mapped "{[/feign/chatops/gitlabhook/ISysOutgoingGroupService/findDataById],methods=[POST]}" onto public com.hsd.gitlab.hook.dto.SysOutgoingGroupDTO com.hsd.gitlab.systemhook.service.trigger.SysOutgoingGroupService.findDataById(com.hsd.gitlab.hook.dto.SysOutgoingGroupDTO) throws java.lang.Exception
2017-12-04 09:16:52.570 [INFO ] org.springframework.web.servlet.mvc.method.annotation.RequestMappingHandlerMapping - Mapped "{[/feign/chatops/gitlabhook/ISysOutgoingGroupService/saveOrUpdateData],methods=[POST]}" onto public com.hsd.framework.dto.Response com.hsd.gitlab.systemhook.service.trigger.SysOutgoingGroupService.saveOrUpdateData(com.hsd.gitlab.hook.dto.SysOutgoingGroupDTO) throws java.lang.Exception
2017-12-04 09:16:52.571 [INFO ] org.springframework.web.servlet.mvc.method.annotation.RequestMappingHandlerMapping - Mapped "{[/feign/chatops/gitlabhook/ISysOutgoingGroupService/findDataList],methods=[POST]}" onto public java.util.List<com.hsd.gitlab.hook.dto.SysOutgoingGroupDTO> com.hsd.gitlab.systemhook.service.trigger.SysOutgoingGroupService.findDataIsList(com.hsd.gitlab.hook.dto.SysOutgoingGroupDTO) throws java.lang.Exception
2017-12-04 09:16:52.572 [INFO ] org.springframework.web.servlet.mvc.method.annotation.RequestMappingHandlerMapping - Mapped "{[/feign/chatops/gitlabhook/ISysOutgoingGroupService/deleteData],methods=[POST]}" onto public com.hsd.framework.dto.Response com.hsd.gitlab.systemhook.service.trigger.SysOutgoingGroupService.deleteData(com.hsd.gitlab.hook.dto.SysOutgoingGroupDTO) throws java.lang.Exception
2017-12-04 09:16:52.572 [INFO ] org.springframework.web.servlet.mvc.method.annotation.RequestMappingHandlerMapping - Mapped "{[/feign/chatops/gitlabhook/ISysOutgoingGroupService/findDataIsPage],methods=[POST]}" onto public com.baomidou.mybatisplus.plugins.Page<com.hsd.gitlab.hook.dto.SysOutgoingGroupDTO> com.hsd.gitlab.systemhook.service.trigger.SysOutgoingGroupService.findDataIsPage(com.hsd.gitlab.hook.dto.PageDTO) throws java.lang.Exception
2017-12-04 09:16:52.575 [INFO ] org.springframework.web.servlet.mvc.method.annotation.RequestMappingHandlerMapping - Mapped "{[/error]}" onto public org.springframework.http.ResponseEntity<java.util.Map<java.lang.String, java.lang.Object>> org.springframework.boot.autoconfigure.web.BasicErrorController.error(javax.servlet.http.HttpServletRequest)
2017-12-04 09:16:52.576 [INFO ] org.springframework.web.servlet.mvc.method.annotation.RequestMappingHandlerMapping - Mapped "{[/error],produces=[text/html]}" onto public org.springframework.web.servlet.ModelAndView org.springframework.boot.autoconfigure.web.BasicErrorController.errorHtml(javax.servlet.http.HttpServletRequest,javax.servlet.http.HttpServletResponse)
2017-12-04 09:16:52.754 [INFO ] org.springframework.web.servlet.handler.SimpleUrlHandlerMapping - Mapped URL path [/webjars/**] onto handler of type [class org.springframework.web.servlet.resource.ResourceHttpRequestHandler]
2017-12-04 09:16:52.755 [INFO ] org.springframework.web.servlet.handler.SimpleUrlHandlerMapping - Mapped URL path [/**] onto handler of type [class org.springframework.web.servlet.resource.ResourceHttpRequestHandler]
2017-12-04 09:16:52.923 [INFO ] org.springframework.web.servlet.handler.SimpleUrlHandlerMapping - Mapped URL path [/**/favicon.ico] onto handler of type [class org.springframework.web.servlet.resource.ResourceHttpRequestHandler]
2017-12-04 09:16:54.163 [INFO ] org.springframework.boot.actuate.endpoint.mvc.EndpointHandlerMapping - Mapped "{[/env],methods=[POST]}" onto public java.lang.Object org.springframework.cloud.context.environment.EnvironmentManagerMvcEndpoint.value(java.util.Map<java.lang.String, java.lang.String>)
2017-12-04 09:16:54.164 [INFO ] org.springframework.boot.actuate.endpoint.mvc.EndpointHandlerMapping - Mapped "{[/env/reset],methods=[POST]}" onto public java.util.Map<java.lang.String, java.lang.Object> org.springframework.cloud.context.environment.EnvironmentManagerMvcEndpoint.reset()
2017-12-04 09:16:54.166 [INFO ] org.springframework.boot.actuate.endpoint.mvc.EndpointHandlerMapping - Mapped "{[/restart || /restart.json],methods=[POST]}" onto public java.lang.Object org.springframework.cloud.context.restart.RestartMvcEndpoint.invoke()
2017-12-04 09:16:54.167 [INFO ] org.springframework.boot.actuate.endpoint.mvc.EndpointHandlerMapping - Mapped "{[/logfile || /logfile.json],methods=[GET || HEAD]}" onto public void org.springframework.boot.actuate.endpoint.mvc.LogFileMvcEndpoint.invoke(javax.servlet.http.HttpServletRequest,javax.servlet.http.HttpServletResponse) throws javax.servlet.ServletException,java.io.IOException
2017-12-04 09:16:54.169 [INFO ] org.springframework.boot.actuate.endpoint.mvc.EndpointHandlerMapping - Mapped "{[/refresh || /refresh.json],methods=[POST]}" onto public java.lang.Object org.springframework.cloud.endpoint.GenericPostableMvcEndpoint.invoke()
2017-12-04 09:16:54.170 [INFO ] org.springframework.boot.actuate.endpoint.mvc.EndpointHandlerMapping - Mapped "{[/configprops || /configprops.json],methods=[GET],produces=[application/vnd.spring-boot.actuator.v1+json || application/json]}" onto public java.lang.Object org.springframework.boot.actuate.endpoint.mvc.EndpointMvcAdapter.invoke()
2017-12-04 09:16:54.171 [INFO ] org.springframework.boot.actuate.endpoint.mvc.EndpointHandlerMapping - Mapped "{[/env/{name:.*}],methods=[GET],produces=[application/vnd.spring-boot.actuator.v1+json || application/json]}" onto public java.lang.Object org.springframework.boot.actuate.endpoint.mvc.EnvironmentMvcEndpoint.value(java.lang.String)
2017-12-04 09:16:54.172 [INFO ] org.springframework.boot.actuate.endpoint.mvc.EndpointHandlerMapping - Mapped "{[/env || /env.json],methods=[GET],produces=[application/vnd.spring-boot.actuator.v1+json || application/json]}" onto public java.lang.Object org.springframework.boot.actuate.endpoint.mvc.EndpointMvcAdapter.invoke()
2017-12-04 09:16:54.172 [INFO ] org.springframework.boot.actuate.endpoint.mvc.EndpointHandlerMapping - Mapped "{[/service-registry/instance-status],methods=[GET]}" onto public org.springframework.http.ResponseEntity org.springframework.cloud.client.serviceregistry.endpoint.ServiceRegistryEndpoint.getStatus()
2017-12-04 09:16:54.173 [INFO ] org.springframework.boot.actuate.endpoint.mvc.EndpointHandlerMapping - Mapped "{[/service-registry/instance-status],methods=[POST]}" onto public org.springframework.http.ResponseEntity<?> org.springframework.cloud.client.serviceregistry.endpoint.ServiceRegistryEndpoint.setStatus(java.lang.String)
2017-12-04 09:16:54.175 [INFO ] org.springframework.boot.actuate.endpoint.mvc.EndpointHandlerMapping - Mapped "{[/hystrix.stream/**]}" onto public org.springframework.web.servlet.ModelAndView org.springframework.cloud.netflix.endpoint.ServletWrappingEndpoint.handle(javax.servlet.http.HttpServletRequest,javax.servlet.http.HttpServletResponse) throws java.lang.Exception
2017-12-04 09:16:54.176 [INFO ] org.springframework.boot.actuate.endpoint.mvc.EndpointHandlerMapping - Mapped "{[/health || /health.json],methods=[GET],produces=[application/vnd.spring-boot.actuator.v1+json || application/json]}" onto public java.lang.Object org.springframework.boot.actuate.endpoint.mvc.HealthMvcEndpoint.invoke(javax.servlet.http.HttpServletRequest,java.security.Principal)
2017-12-04 09:16:54.177 [INFO ] org.springframework.boot.actuate.endpoint.mvc.EndpointHandlerMapping - Mapped "{[/dump || /dump.json],methods=[GET],produces=[application/vnd.spring-boot.actuator.v1+json || application/json]}" onto public java.lang.Object org.springframework.boot.actuate.endpoint.mvc.EndpointMvcAdapter.invoke()
2017-12-04 09:16:54.178 [INFO ] org.springframework.boot.actuate.endpoint.mvc.EndpointHandlerMapping - Mapped "{[/trace || /trace.json],methods=[GET],produces=[application/vnd.spring-boot.actuator.v1+json || application/json]}" onto public java.lang.Object org.springframework.boot.actuate.endpoint.mvc.EndpointMvcAdapter.invoke()
2017-12-04 09:16:54.179 [INFO ] org.springframework.boot.actuate.endpoint.mvc.EndpointHandlerMapping - Mapped "{[/info || /info.json],methods=[GET],produces=[application/vnd.spring-boot.actuator.v1+json || application/json]}" onto public java.lang.Object org.springframework.boot.actuate.endpoint.mvc.EndpointMvcAdapter.invoke()
2017-12-04 09:16:54.181 [INFO ] org.springframework.boot.actuate.endpoint.mvc.EndpointHandlerMapping - Mapped "{[/loggers/{name:.*}],methods=[GET],produces=[application/vnd.spring-boot.actuator.v1+json || application/json]}" onto public java.lang.Object org.springframework.boot.actuate.endpoint.mvc.LoggersMvcEndpoint.get(java.lang.String)
2017-12-04 09:16:54.183 [INFO ] org.springframework.boot.actuate.endpoint.mvc.EndpointHandlerMapping - Mapped "{[/loggers/{name:.*}],methods=[POST],consumes=[application/vnd.spring-boot.actuator.v1+json || application/json],produces=[application/vnd.spring-boot.actuator.v1+json || application/json]}" onto public java.lang.Object org.springframework.boot.actuate.endpoint.mvc.LoggersMvcEndpoint.set(java.lang.String,java.util.Map<java.lang.String, java.lang.String>)
2017-12-04 09:16:54.184 [INFO ] org.springframework.boot.actuate.endpoint.mvc.EndpointHandlerMapping - Mapped "{[/loggers || /loggers.json],methods=[GET],produces=[application/vnd.spring-boot.actuator.v1+json || application/json]}" onto public java.lang.Object org.springframework.boot.actuate.endpoint.mvc.EndpointMvcAdapter.invoke()
2017-12-04 09:16:54.185 [INFO ] org.springframework.boot.actuate.endpoint.mvc.EndpointHandlerMapping - Mapped "{[/heapdump || /heapdump.json],methods=[GET],produces=[application/octet-stream]}" onto public void org.springframework.boot.actuate.endpoint.mvc.HeapdumpMvcEndpoint.invoke(boolean,javax.servlet.http.HttpServletRequest,javax.servlet.http.HttpServletResponse) throws java.io.IOException,javax.servlet.ServletException
2017-12-04 09:16:54.186 [INFO ] org.springframework.boot.actuate.endpoint.mvc.EndpointHandlerMapping - Mapped "{[/mappings || /mappings.json],methods=[GET],produces=[application/vnd.spring-boot.actuator.v1+json || application/json]}" onto public java.lang.Object org.springframework.boot.actuate.endpoint.mvc.EndpointMvcAdapter.invoke()
2017-12-04 09:16:54.189 [INFO ] org.springframework.boot.actuate.endpoint.mvc.EndpointHandlerMapping - Mapped "{[/jolokia/**]}" onto public org.springframework.web.servlet.ModelAndView org.springframework.boot.actuate.endpoint.mvc.JolokiaMvcEndpoint.handle(javax.servlet.http.HttpServletRequest,javax.servlet.http.HttpServletResponse) throws java.lang.Exception
2017-12-04 09:16:54.189 [INFO ] org.springframework.boot.actuate.endpoint.mvc.EndpointHandlerMapping - Mapped "{[/pause || /pause.json],methods=[POST]}" onto public java.lang.Object org.springframework.cloud.endpoint.GenericPostableMvcEndpoint.invoke()
2017-12-04 09:16:54.191 [INFO ] org.springframework.boot.actuate.endpoint.mvc.EndpointHandlerMapping - Mapped "{[/metrics/{name:.*}],methods=[GET],produces=[application/vnd.spring-boot.actuator.v1+json || application/json]}" onto public java.lang.Object org.springframework.boot.actuate.endpoint.mvc.MetricsMvcEndpoint.value(java.lang.String)
2017-12-04 09:16:54.191 [INFO ] org.springframework.boot.actuate.endpoint.mvc.EndpointHandlerMapping - Mapped "{[/metrics || /metrics.json],methods=[GET],produces=[application/vnd.spring-boot.actuator.v1+json || application/json]}" onto public java.lang.Object org.springframework.boot.actuate.endpoint.mvc.EndpointMvcAdapter.invoke()
2017-12-04 09:16:54.192 [INFO ] org.springframework.boot.actuate.endpoint.mvc.EndpointHandlerMapping - Mapped "{[/shutdown || /shutdown.json],methods=[POST],produces=[application/vnd.spring-boot.actuator.v1+json || application/json]}" onto public java.lang.Object org.springframework.boot.actuate.endpoint.mvc.ShutdownMvcEndpoint.invoke()
2017-12-04 09:16:54.193 [INFO ] org.springframework.boot.actuate.endpoint.mvc.EndpointHandlerMapping - Mapped "{[/resume || /resume.json],methods=[POST]}" onto public java.lang.Object org.springframework.cloud.endpoint.GenericPostableMvcEndpoint.invoke()
2017-12-04 09:16:54.193 [INFO ] org.springframework.boot.actuate.endpoint.mvc.EndpointHandlerMapping - Mapped "{[/beans || /beans.json],methods=[GET],produces=[application/vnd.spring-boot.actuator.v1+json || application/json]}" onto public java.lang.Object org.springframework.boot.actuate.endpoint.mvc.EndpointMvcAdapter.invoke()
2017-12-04 09:16:54.194 [INFO ] org.springframework.boot.actuate.endpoint.mvc.EndpointHandlerMapping - Mapped "{[/auditevents || /auditevents.json],methods=[GET],produces=[application/vnd.spring-boot.actuator.v1+json || application/json]}" onto public org.springframework.http.ResponseEntity<?> org.springframework.boot.actuate.endpoint.mvc.AuditEventsMvcEndpoint.findByPrincipalAndAfterAndType(java.lang.String,java.util.Date,java.lang.String)
2017-12-04 09:16:54.195 [INFO ] org.springframework.boot.actuate.endpoint.mvc.EndpointHandlerMapping - Mapped "{[/features || /features.json],methods=[GET],produces=[application/vnd.spring-boot.actuator.v1+json || application/json]}" onto public java.lang.Object org.springframework.boot.actuate.endpoint.mvc.EndpointMvcAdapter.invoke()
2017-12-04 09:16:54.198 [INFO ] org.springframework.boot.actuate.endpoint.mvc.EndpointHandlerMapping - Mapped "{[/archaius || /archaius.json],methods=[GET],produces=[application/vnd.spring-boot.actuator.v1+json || application/json]}" onto public java.lang.Object org.springframework.boot.actuate.endpoint.mvc.EndpointMvcAdapter.invoke()
2017-12-04 09:16:54.199 [INFO ] org.springframework.boot.actuate.endpoint.mvc.EndpointHandlerMapping - Mapped "{[/autoconfig || /autoconfig.json],methods=[GET],produces=[application/vnd.spring-boot.actuator.v1+json || application/json]}" onto public java.lang.Object org.springframework.boot.actuate.endpoint.mvc.EndpointMvcAdapter.invoke()
2017-12-04 09:16:55.135 [INFO ] com.netflix.config.sources.URLConfigurationSource - To enable URLs as dynamic configuration sources, define System property archaius.configurationSource.additionalUrls or make config.properties available on classpath.
2017-12-04 09:16:56.462 [INFO ] org.springframework.boot.test.mock.web.SpringBootMockServletContext - jolokia: No access restrictor found, access to any MBean is allowed
2017-12-04 09:16:56.470 [INFO ] org.springframework.boot.test.mock.web.SpringBootMockServletContext - jolokia: jolokia:type=Config is already registered. Adding it with jolokia:type=Config,uuid=589d88fa-ee51-459d-92ca-52da89061e98, but you should revise your setup in order to either use a qualifier or ensure, that only a single agent gets registered (otherwise history functionality might not work)
2017-12-04 09:16:56.471 [INFO ] org.springframework.boot.test.mock.web.SpringBootMockServletContext - jolokia: Cannot register (legacy) MBean handler for config store with name jmx4perl:type=Config since it already exists. This is the case if another agent has been already started within the same JVM. The registration is skipped.
2017-12-04 09:16:56.471 [INFO ] org.springframework.boot.test.mock.web.SpringBootMockServletContext - jolokia: Jolokia Discovery MBean registration is skipped because there is already one registered.
2017-12-04 09:16:56.563 [INFO ] org.springframework.context.support.DefaultLifecycleProcessor - Starting beans in phase 0
2017-12-04 09:16:56.563 [INFO ] org.springframework.context.support.DefaultLifecycleProcessor - Starting beans in phase 2147483647
2017-12-04 09:16:56.571 [INFO ] org.springframework.cloud.netflix.hystrix.HystrixCircuitBreakerConfiguration$HystrixMetricsPollerConfiguration - Starting poller
2017-12-04 09:16:56.607 [INFO ] com.hsd.gitlab.systemhook.dao.SysOutgoingGroupMapperTest - Started SysOutgoingGroupMapperTest in 17.772 seconds (JVM running for 18.917)
2017-12-04 09:16:56.833 [INFO ] org.springframework.boot.test.mock.web.SpringBootMockServletContext - Initializing Spring FrameworkServlet ''
2017-12-04 09:16:56.833 [INFO ] org.springframework.test.web.servlet.TestDispatcherServlet - FrameworkServlet '': initialization started
2017-12-04 09:16:56.879 [INFO ] org.springframework.test.web.servlet.TestDispatcherServlet - FrameworkServlet '': initialization completed in 45 ms
2017-12-04 09:16:57.070 [INFO ] org.springframework.boot.test.mock.web.SpringBootMockServletContext - Initializing Spring FrameworkServlet ''
2017-12-04 09:16:57.071 [INFO ] org.springframework.test.web.servlet.TestDispatcherServlet - FrameworkServlet '': initialization started
2017-12-04 09:16:57.077 [INFO ] org.springframework.test.web.servlet.TestDispatcherServlet - FrameworkServlet '': initialization completed in 6 ms
2017-12-04 09:16:57.140 [INFO ] org.springframework.web.context.support.GenericWebApplicationContext - Closing org.springframework.web.context.support.GenericWebApplicationContext@53bf7094: startup date [Mon Dec 04 09:16:41 CST 2017]; parent: org.springframework.context.annotation.AnnotationConfigApplicationContext@6af9fcb2
2017-12-04 09:16:57.156 [INFO ] org.springframework.cloud.netflix.eureka.InstanceInfoFactory - Setting initial instance status as: STARTING
2017-12-04 09:16:57.179 [INFO ] org.springframework.cloud.netflix.eureka.serviceregistry.EurekaServiceRegistry - Unregistering application hsd-gitlab-hooks-server with eureka with status DOWN
2017-12-04 09:16:57.232 [INFO ] com.netflix.discovery.DiscoveryClient - Initializing Eureka in region us-east-1
2017-12-04 09:16:57.395 [INFO ] com.netflix.discovery.provider.DiscoveryJerseyProvider - Using JSON encoding codec LegacyJacksonJson
2017-12-04 09:16:57.395 [INFO ] com.netflix.discovery.provider.DiscoveryJerseyProvider - Using JSON decoding codec LegacyJacksonJson
2017-12-04 09:16:57.615 [INFO ] com.netflix.discovery.provider.DiscoveryJerseyProvider - Using XML encoding codec XStreamXml
2017-12-04 09:16:57.616 [INFO ] com.netflix.discovery.provider.DiscoveryJerseyProvider - Using XML decoding codec XStreamXml
2017-12-04 09:16:58.115 [INFO ] com.netflix.discovery.shared.resolver.aws.ConfigClusterResolver - Resolving eureka endpoints via configuration
2017-12-04 09:16:58.375 [INFO ] com.netflix.discovery.DiscoveryClient - Disable delta property : false
2017-12-04 09:16:58.375 [INFO ] com.netflix.discovery.DiscoveryClient - Single vip registry refresh property : null
2017-12-04 09:16:58.375 [INFO ] com.netflix.discovery.DiscoveryClient - Force full registry fetch : false
2017-12-04 09:16:58.375 [INFO ] com.netflix.discovery.DiscoveryClient - Application is null : false
2017-12-04 09:16:58.376 [INFO ] com.netflix.discovery.DiscoveryClient - Registered Applications size is zero : true
2017-12-04 09:16:58.376 [INFO ] com.netflix.discovery.DiscoveryClient - Application version is -1: true
2017-12-04 09:16:58.376 [INFO ] com.netflix.discovery.DiscoveryClient - Getting all instance registry info from the eureka server
2017-12-04 09:16:58.872 [INFO ] com.netflix.discovery.DiscoveryClient - The response status is 200
2017-12-04 09:16:58.888 [INFO ] com.netflix.discovery.DiscoveryClient - Starting heartbeat executor: renew interval is: 30
2017-12-04 09:16:58.894 [INFO ] com.netflix.discovery.InstanceInfoReplicator - InstanceInfoReplicator onDemand update allowed rate per min is 4
2017-12-04 09:16:58.898 [INFO ] com.netflix.discovery.DiscoveryClient - Discovery Client initialized at timestamp 1512350218897 with initial instances count: 2
2017-12-04 09:16:59.020 [INFO ] com.netflix.discovery.DiscoveryClient - Shutting down DiscoveryClient ...
2017-12-04 09:16:59.022 [INFO ] com.netflix.discovery.DiscoveryClient - Unregistering ...
2017-12-04 09:16:59.259 [INFO ] com.netflix.discovery.DiscoveryClient - DiscoveryClient_HSD-GITLAB-HOOKS-SERVER/LDADAY1BUFBJEDG:hsd-gitlab-hooks-server:-1 - deregister  status: 404
2017-12-04 09:16:59.268 [INFO ] com.netflix.discovery.DiscoveryClient - Completed shut down of DiscoveryClient
2017-12-04 09:16:59.271 [INFO ] org.springframework.context.support.DefaultLifecycleProcessor - Stopping beans in phase 2147483647
2017-12-04 09:16:59.275 [INFO ] org.springframework.context.support.DefaultLifecycleProcessor - Stopping beans in phase 0
2017-12-04 09:16:59.300 [INFO ] com.netflix.config.sources.URLConfigurationSource - To enable URLs as dynamic configuration sources, define System property archaius.configurationSource.additionalUrls or make config.properties available on classpath.
2017-12-04 09:16:59.306 [INFO ] org.springframework.cache.ehcache.EhCacheManagerFactoryBean - Shutting down EhCache CacheManager
