2017-12-04 09:16:40.646 [DEBUG] org.jboss.logging - Logging Provider: org.jboss.logging.Slf4jLoggerProvider found via system property
2017-12-04 09:16:40.685 [DEBUG] org.hibernate.validator.internal.engine.resolver.DefaultTraversableResolver - Cannot find javax.persistence.Persistence on classpath. Assuming non JPA 2 environment. All properties will per default be traversable.
2017-12-04 09:16:40.774 [DEBUG] org.hibernate.validator.internal.engine.resolver.DefaultTraversableResolver - Cannot find javax.persistence.Persistence on classpath. Assuming non JPA 2 environment. All properties will per default be traversable.
2017-12-04 09:16:40.807 [DEBUG] org.hibernate.validator.internal.engine.resolver.DefaultTraversableResolver - Cannot find javax.persistence.Persistence on classpath. Assuming non JPA 2 environment. All properties will per default be traversable.
2017-12-04 09:16:40.821 [DEBUG] org.hibernate.validator.internal.engine.ConfigurationImpl - Setting custom MessageInterpolator of type org.springframework.validation.beanvalidation.LocaleContextMessageInterpolator
2017-12-04 09:16:40.823 [DEBUG] org.hibernate.validator.internal.engine.ConfigurationImpl - Setting custom ConstraintValidatorFactory of type org.springframework.validation.beanvalidation.SpringConstraintValidatorFactory
2017-12-04 09:16:40.827 [DEBUG] org.hibernate.validator.internal.engine.ConfigurationImpl - Setting custom ParameterNameProvider of type com.sun.proxy.$Proxy52
2017-12-04 09:16:40.830 [DEBUG] org.hibernate.validator.internal.xml.ValidationXmlParser - Trying to load META-INF/validation.xml for XML based Validator configuration.
2017-12-04 09:16:40.833 [DEBUG] org.hibernate.validator.internal.xml.ResourceLoaderHelper - Trying to load META-INF/validation.xml via user class loader
2017-12-04 09:16:40.835 [DEBUG] org.hibernate.validator.internal.xml.ResourceLoaderHelper - Trying to load META-INF/validation.xml via TCCL
2017-12-04 09:16:40.838 [DEBUG] org.hibernate.validator.internal.xml.ResourceLoaderHelper - Trying to load META-INF/validation.xml via Hibernate Validator's class loader
2017-12-04 09:16:40.840 [DEBUG] org.hibernate.validator.internal.xml.ValidationXmlParser - No META-INF/validation.xml found. Using annotation based configuration only.
2017-12-04 09:16:43.043 [DEBUG] org.mybatis.spring.mapper.ClassPathMapperScanner - Ignored because not a concrete top-level class: file [E:\hsd-chatops\hsd-chatops-tools\hsd-gitlab-hooks\hsd-gitlab-hooks-services\hsd-gitlab-hooks-server\target\test-classes\com\hsd\gitlab\systemhook\dao\SysOutgoingGroupMapperTest.class]
2017-12-04 09:16:43.044 [DEBUG] org.mybatis.spring.mapper.ClassPathMapperScanner - Identified candidate component class: URL [jar:file:/E:/hsd-chatops/hsd-chatops-tools/hsd-gitlab-hooks/hsd-gitlab-hooks-services/hsd-gitlab-hooks-dao/target/hsd-gitlab-hooks-dao-1.0.0-SNAPSHOT.jar!/com/hsd/gitlab/systemhook/dao/SysAuthorMapper.class]
2017-12-04 09:16:43.044 [DEBUG] org.mybatis.spring.mapper.ClassPathMapperScanner - Identified candidate component class: URL [jar:file:/E:/hsd-chatops/hsd-chatops-tools/hsd-gitlab-hooks/hsd-gitlab-hooks-services/hsd-gitlab-hooks-dao/target/hsd-gitlab-hooks-dao-1.0.0-SNAPSHOT.jar!/com/hsd/gitlab/systemhook/dao/SysCommitMapper.class]
2017-12-04 09:16:43.045 [DEBUG] org.mybatis.spring.mapper.ClassPathMapperScanner - Identified candidate component class: URL [jar:file:/E:/hsd-chatops/hsd-chatops-tools/hsd-gitlab-hooks/hsd-gitlab-hooks-services/hsd-gitlab-hooks-dao/target/hsd-gitlab-hooks-dao-1.0.0-SNAPSHOT.jar!/com/hsd/gitlab/systemhook/dao/SysHookPushMapper.class]
2017-12-04 09:16:43.045 [DEBUG] org.mybatis.spring.mapper.ClassPathMapperScanner - Identified candidate component class: URL [jar:file:/E:/hsd-chatops/hsd-chatops-tools/hsd-gitlab-hooks/hsd-gitlab-hooks-services/hsd-gitlab-hooks-dao/target/hsd-gitlab-hooks-dao-1.0.0-SNAPSHOT.jar!/com/hsd/gitlab/systemhook/dao/SysOutgoingGroupMapper.class]
2017-12-04 09:16:43.046 [DEBUG] org.mybatis.spring.mapper.ClassPathMapperScanner - Identified candidate component class: URL [jar:file:/E:/hsd-chatops/hsd-chatops-tools/hsd-gitlab-hooks/hsd-gitlab-hooks-services/hsd-gitlab-hooks-dao/target/hsd-gitlab-hooks-dao-1.0.0-SNAPSHOT.jar!/com/hsd/gitlab/systemhook/dao/SysProjectMapper.class]
2017-12-04 09:16:43.047 [DEBUG] org.mybatis.spring.mapper.ClassPathMapperScanner - Identified candidate component class: URL [jar:file:/E:/hsd-chatops/hsd-chatops-tools/hsd-gitlab-hooks/hsd-gitlab-hooks-services/hsd-gitlab-hooks-dao/target/hsd-gitlab-hooks-dao-1.0.0-SNAPSHOT.jar!/com/hsd/gitlab/systemhook/dao/SysRPushCommitMapper.class]
2017-12-04 09:16:43.048 [DEBUG] org.mybatis.spring.mapper.ClassPathMapperScanner - Creating MapperFactoryBean with name 'sysAuthorMapper' and 'com.hsd.gitlab.systemhook.dao.SysAuthorMapper' mapperInterface
2017-12-04 09:16:43.048 [DEBUG] org.mybatis.spring.mapper.ClassPathMapperScanner - Enabling autowire by type for MapperFactoryBean with name 'sysAuthorMapper'.
2017-12-04 09:16:43.048 [DEBUG] org.mybatis.spring.mapper.ClassPathMapperScanner - Creating MapperFactoryBean with name 'sysCommitMapper' and 'com.hsd.gitlab.systemhook.dao.SysCommitMapper' mapperInterface
2017-12-04 09:16:43.048 [DEBUG] org.mybatis.spring.mapper.ClassPathMapperScanner - Enabling autowire by type for MapperFactoryBean with name 'sysCommitMapper'.
2017-12-04 09:16:43.049 [DEBUG] org.mybatis.spring.mapper.ClassPathMapperScanner - Creating MapperFactoryBean with name 'sysHookPushMapper' and 'com.hsd.gitlab.systemhook.dao.SysHookPushMapper' mapperInterface
2017-12-04 09:16:43.049 [DEBUG] org.mybatis.spring.mapper.ClassPathMapperScanner - Enabling autowire by type for MapperFactoryBean with name 'sysHookPushMapper'.
2017-12-04 09:16:43.049 [DEBUG] org.mybatis.spring.mapper.ClassPathMapperScanner - Creating MapperFactoryBean with name 'sysOutgoingGroupMapper' and 'com.hsd.gitlab.systemhook.dao.SysOutgoingGroupMapper' mapperInterface
2017-12-04 09:16:43.049 [DEBUG] org.mybatis.spring.mapper.ClassPathMapperScanner - Enabling autowire by type for MapperFactoryBean with name 'sysOutgoingGroupMapper'.
2017-12-04 09:16:43.050 [DEBUG] org.mybatis.spring.mapper.ClassPathMapperScanner - Creating MapperFactoryBean with name 'sysProjectMapper' and 'com.hsd.gitlab.systemhook.dao.SysProjectMapper' mapperInterface
2017-12-04 09:16:43.050 [DEBUG] org.mybatis.spring.mapper.ClassPathMapperScanner - Enabling autowire by type for MapperFactoryBean with name 'sysProjectMapper'.
2017-12-04 09:16:43.050 [DEBUG] org.mybatis.spring.mapper.ClassPathMapperScanner - Creating MapperFactoryBean with name 'sysRPushCommitMapper' and 'com.hsd.gitlab.systemhook.dao.SysRPushCommitMapper' mapperInterface
2017-12-04 09:16:43.051 [DEBUG] org.mybatis.spring.mapper.ClassPathMapperScanner - Enabling autowire by type for MapperFactoryBean with name 'sysRPushCommitMapper'.
2017-12-04 09:16:43.771 [DEBUG] org.apache.ibatis.logging.LogFactory - Logging initialized using 'class org.apache.ibatis.logging.slf4j.Slf4jImpl' adapter.
2017-12-04 09:16:44.951 [DEBUG] org.hibernate.validator.internal.engine.resolver.DefaultTraversableResolver - Cannot find javax.persistence.Persistence on classpath. Assuming non JPA 2 environment. All properties will per default be traversable.
2017-12-04 09:16:44.954 [DEBUG] org.hibernate.validator.internal.engine.resolver.DefaultTraversableResolver - Cannot find javax.persistence.Persistence on classpath. Assuming non JPA 2 environment. All properties will per default be traversable.
2017-12-04 09:16:44.956 [DEBUG] org.hibernate.validator.internal.engine.ConfigurationImpl - Setting custom MessageInterpolator of type org.springframework.validation.beanvalidation.LocaleContextMessageInterpolator
2017-12-04 09:16:44.956 [DEBUG] org.hibernate.validator.internal.engine.ConfigurationImpl - Setting custom ConstraintValidatorFactory of type org.springframework.validation.beanvalidation.SpringConstraintValidatorFactory
2017-12-04 09:16:44.957 [DEBUG] org.hibernate.validator.internal.engine.ConfigurationImpl - Setting custom ParameterNameProvider of type com.sun.proxy.$Proxy52
2017-12-04 09:16:44.958 [DEBUG] org.hibernate.validator.internal.xml.ValidationXmlParser - Trying to load META-INF/validation.xml for XML based Validator configuration.
2017-12-04 09:16:44.959 [DEBUG] org.hibernate.validator.internal.xml.ResourceLoaderHelper - Trying to load META-INF/validation.xml via user class loader
2017-12-04 09:16:44.959 [DEBUG] org.hibernate.validator.internal.xml.ResourceLoaderHelper - Trying to load META-INF/validation.xml via TCCL
2017-12-04 09:16:44.961 [DEBUG] org.hibernate.validator.internal.xml.ResourceLoaderHelper - Trying to load META-INF/validation.xml via Hibernate Validator's class loader
2017-12-04 09:16:44.961 [DEBUG] org.hibernate.validator.internal.xml.ValidationXmlParser - No META-INF/validation.xml found. Using annotation based configuration only.
2017-12-04 09:16:45.381 [DEBUG] com.baomidou.mybatisplus.toolkit.GlobalConfigUtils - DeBug: MyBatis Plus Global configuration Initializing !
2017-12-04 09:16:45.400 [DEBUG] com.baomidou.mybatisplus.MybatisConfiguration - addMappedStatement: com.baomidou.mybatisplus.mapper.SqlRunner.SelectList
2017-12-04 09:16:45.401 [DEBUG] com.baomidou.mybatisplus.MybatisConfiguration - addMappedStatement: com.baomidou.mybatisplus.mapper.SqlRunner.SelectObjs
2017-12-04 09:16:45.402 [DEBUG] com.baomidou.mybatisplus.MybatisConfiguration - addMappedStatement: com.baomidou.mybatisplus.mapper.SqlRunner.Insert
2017-12-04 09:16:45.402 [DEBUG] com.baomidou.mybatisplus.MybatisConfiguration - addMappedStatement: com.baomidou.mybatisplus.mapper.SqlRunner.Update
2017-12-04 09:16:45.403 [DEBUG] com.baomidou.mybatisplus.MybatisConfiguration - addMappedStatement: com.baomidou.mybatisplus.mapper.SqlRunner.Delete
2017-12-04 09:16:45.403 [DEBUG] com.baomidou.mybatisplus.MybatisConfiguration - addMappedStatement: com.baomidou.mybatisplus.mapper.SqlRunner.Count
2017-12-04 09:16:45.404 [DEBUG] com.baomidou.mybatisplus.MybatisConfiguration - Mybatis-plus init success.
2017-12-04 09:16:46.847 [DEBUG] com.baomidou.mybatisplus.MybatisConfiguration - addMappedStatement: com.hsd.gitlab.systemhook.dao.SysAuthorMapper.deleteById
2017-12-04 09:16:46.859 [DEBUG] com.baomidou.mybatisplus.MybatisConfiguration - addMappedStatement: com.hsd.gitlab.systemhook.dao.SysAuthorMapper.deleteBatchIds
2017-12-04 09:16:46.864 [DEBUG] com.baomidou.mybatisplus.MybatisConfiguration - addMappedStatement: com.hsd.gitlab.systemhook.dao.SysAuthorMapper.updateById
2017-12-04 09:16:46.867 [DEBUG] com.baomidou.mybatisplus.MybatisConfiguration - addMappedStatement: com.hsd.gitlab.systemhook.dao.SysAuthorMapper.updateAllColumnById
2017-12-04 09:16:46.868 [DEBUG] com.baomidou.mybatisplus.MybatisConfiguration - addMappedStatement: com.hsd.gitlab.systemhook.dao.SysAuthorMapper.selectById
2017-12-04 09:16:46.871 [DEBUG] com.baomidou.mybatisplus.MybatisConfiguration - addMappedStatement: com.hsd.gitlab.systemhook.dao.SysAuthorMapper.selectBatchIds
2017-12-04 09:16:46.876 [DEBUG] com.baomidou.mybatisplus.MybatisConfiguration - addMappedStatement: com.hsd.gitlab.systemhook.dao.SysAuthorMapper.insert
2017-12-04 09:16:46.880 [DEBUG] com.baomidou.mybatisplus.MybatisConfiguration - addMappedStatement: com.hsd.gitlab.systemhook.dao.SysAuthorMapper.insertAllColumn
2017-12-04 09:16:46.884 [DEBUG] com.baomidou.mybatisplus.MybatisConfiguration - addMappedStatement: com.hsd.gitlab.systemhook.dao.SysAuthorMapper.delete
2017-12-04 09:16:46.887 [DEBUG] com.baomidou.mybatisplus.MybatisConfiguration - addMappedStatement: com.hsd.gitlab.systemhook.dao.SysAuthorMapper.deleteByMap
2017-12-04 09:16:46.892 [DEBUG] com.baomidou.mybatisplus.MybatisConfiguration - addMappedStatement: com.hsd.gitlab.systemhook.dao.SysAuthorMapper.update
2017-12-04 09:16:46.895 [DEBUG] com.baomidou.mybatisplus.MybatisConfiguration - addMappedStatement: com.hsd.gitlab.systemhook.dao.SysAuthorMapper.selectByMap
2017-12-04 09:16:46.899 [DEBUG] com.baomidou.mybatisplus.MybatisConfiguration - addMappedStatement: com.hsd.gitlab.systemhook.dao.SysAuthorMapper.selectOne
2017-12-04 09:16:46.901 [DEBUG] com.baomidou.mybatisplus.MybatisConfiguration - addMappedStatement: com.hsd.gitlab.systemhook.dao.SysAuthorMapper.selectCount
2017-12-04 09:16:46.906 [DEBUG] com.baomidou.mybatisplus.MybatisConfiguration - addMappedStatement: com.hsd.gitlab.systemhook.dao.SysAuthorMapper.selectList
2017-12-04 09:16:46.910 [DEBUG] com.baomidou.mybatisplus.MybatisConfiguration - addMappedStatement: com.hsd.gitlab.systemhook.dao.SysAuthorMapper.selectPage
2017-12-04 09:16:46.915 [DEBUG] com.baomidou.mybatisplus.MybatisConfiguration - addMappedStatement: com.hsd.gitlab.systemhook.dao.SysAuthorMapper.selectMaps
2017-12-04 09:16:46.918 [DEBUG] com.baomidou.mybatisplus.MybatisConfiguration - addMappedStatement: com.hsd.gitlab.systemhook.dao.SysAuthorMapper.selectMapsPage
2017-12-04 09:16:46.922 [DEBUG] com.baomidou.mybatisplus.MybatisConfiguration - addMappedStatement: com.hsd.gitlab.systemhook.dao.SysAuthorMapper.selectObjs
2017-12-04 09:16:47.051 [DEBUG] com.baomidou.mybatisplus.MybatisConfiguration - addMappedStatement: com.hsd.gitlab.systemhook.dao.SysProjectMapper.deleteById
2017-12-04 09:16:47.060 [DEBUG] com.baomidou.mybatisplus.MybatisConfiguration - addMappedStatement: com.hsd.gitlab.systemhook.dao.SysProjectMapper.deleteBatchIds
2017-12-04 09:16:47.076 [DEBUG] com.baomidou.mybatisplus.MybatisConfiguration - addMappedStatement: com.hsd.gitlab.systemhook.dao.SysProjectMapper.updateById
2017-12-04 09:16:47.079 [DEBUG] com.baomidou.mybatisplus.MybatisConfiguration - addMappedStatement: com.hsd.gitlab.systemhook.dao.SysProjectMapper.updateAllColumnById
2017-12-04 09:16:47.081 [DEBUG] com.baomidou.mybatisplus.MybatisConfiguration - addMappedStatement: com.hsd.gitlab.systemhook.dao.SysProjectMapper.selectById
2017-12-04 09:16:47.086 [DEBUG] com.baomidou.mybatisplus.MybatisConfiguration - addMappedStatement: com.hsd.gitlab.systemhook.dao.SysProjectMapper.selectBatchIds
2017-12-04 09:16:47.094 [DEBUG] com.baomidou.mybatisplus.MybatisConfiguration - addMappedStatement: com.hsd.gitlab.systemhook.dao.SysProjectMapper.insert
2017-12-04 09:16:47.102 [DEBUG] com.baomidou.mybatisplus.MybatisConfiguration - addMappedStatement: com.hsd.gitlab.systemhook.dao.SysProjectMapper.insertAllColumn
2017-12-04 09:16:47.108 [DEBUG] com.baomidou.mybatisplus.MybatisConfiguration - addMappedStatement: com.hsd.gitlab.systemhook.dao.SysProjectMapper.delete
2017-12-04 09:16:47.111 [DEBUG] com.baomidou.mybatisplus.MybatisConfiguration - addMappedStatement: com.hsd.gitlab.systemhook.dao.SysProjectMapper.deleteByMap
2017-12-04 09:16:47.115 [DEBUG] com.baomidou.mybatisplus.MybatisConfiguration - addMappedStatement: com.hsd.gitlab.systemhook.dao.SysProjectMapper.update
2017-12-04 09:16:47.118 [DEBUG] com.baomidou.mybatisplus.MybatisConfiguration - addMappedStatement: com.hsd.gitlab.systemhook.dao.SysProjectMapper.selectByMap
2017-12-04 09:16:47.121 [DEBUG] com.baomidou.mybatisplus.MybatisConfiguration - addMappedStatement: com.hsd.gitlab.systemhook.dao.SysProjectMapper.selectOne
2017-12-04 09:16:47.125 [DEBUG] com.baomidou.mybatisplus.MybatisConfiguration - addMappedStatement: com.hsd.gitlab.systemhook.dao.SysProjectMapper.selectCount
2017-12-04 09:16:47.133 [DEBUG] com.baomidou.mybatisplus.MybatisConfiguration - addMappedStatement: com.hsd.gitlab.systemhook.dao.SysProjectMapper.selectList
2017-12-04 09:16:47.136 [DEBUG] com.baomidou.mybatisplus.MybatisConfiguration - addMappedStatement: com.hsd.gitlab.systemhook.dao.SysProjectMapper.selectPage
2017-12-04 09:16:47.140 [DEBUG] com.baomidou.mybatisplus.MybatisConfiguration - addMappedStatement: com.hsd.gitlab.systemhook.dao.SysProjectMapper.selectMaps
2017-12-04 09:16:47.144 [DEBUG] com.baomidou.mybatisplus.MybatisConfiguration - addMappedStatement: com.hsd.gitlab.systemhook.dao.SysProjectMapper.selectMapsPage
2017-12-04 09:16:47.147 [DEBUG] com.baomidou.mybatisplus.MybatisConfiguration - addMappedStatement: com.hsd.gitlab.systemhook.dao.SysProjectMapper.selectObjs
2017-12-04 09:16:47.191 [DEBUG] com.baomidou.mybatisplus.MybatisConfiguration - addMappedStatement: com.hsd.gitlab.systemhook.dao.SysHookPushMapper.deleteById
2017-12-04 09:16:47.195 [DEBUG] com.baomidou.mybatisplus.MybatisConfiguration - addMappedStatement: com.hsd.gitlab.systemhook.dao.SysHookPushMapper.deleteBatchIds
2017-12-04 09:16:47.199 [DEBUG] com.baomidou.mybatisplus.MybatisConfiguration - addMappedStatement: com.hsd.gitlab.systemhook.dao.SysHookPushMapper.updateById
2017-12-04 09:16:47.201 [DEBUG] com.baomidou.mybatisplus.MybatisConfiguration - addMappedStatement: com.hsd.gitlab.systemhook.dao.SysHookPushMapper.updateAllColumnById
2017-12-04 09:16:47.202 [DEBUG] com.baomidou.mybatisplus.MybatisConfiguration - addMappedStatement: com.hsd.gitlab.systemhook.dao.SysHookPushMapper.selectById
2017-12-04 09:16:47.204 [DEBUG] com.baomidou.mybatisplus.MybatisConfiguration - addMappedStatement: com.hsd.gitlab.systemhook.dao.SysHookPushMapper.selectBatchIds
2017-12-04 09:16:47.211 [DEBUG] com.baomidou.mybatisplus.MybatisConfiguration - addMappedStatement: com.hsd.gitlab.systemhook.dao.SysHookPushMapper.insert
2017-12-04 09:16:47.216 [DEBUG] com.baomidou.mybatisplus.MybatisConfiguration - addMappedStatement: com.hsd.gitlab.systemhook.dao.SysHookPushMapper.insertAllColumn
2017-12-04 09:16:47.219 [DEBUG] com.baomidou.mybatisplus.MybatisConfiguration - addMappedStatement: com.hsd.gitlab.systemhook.dao.SysHookPushMapper.delete
2017-12-04 09:16:47.222 [DEBUG] com.baomidou.mybatisplus.MybatisConfiguration - addMappedStatement: com.hsd.gitlab.systemhook.dao.SysHookPushMapper.deleteByMap
2017-12-04 09:16:47.226 [DEBUG] com.baomidou.mybatisplus.MybatisConfiguration - addMappedStatement: com.hsd.gitlab.systemhook.dao.SysHookPushMapper.update
2017-12-04 09:16:47.228 [DEBUG] com.baomidou.mybatisplus.MybatisConfiguration - addMappedStatement: com.hsd.gitlab.systemhook.dao.SysHookPushMapper.selectByMap
2017-12-04 09:16:47.231 [DEBUG] com.baomidou.mybatisplus.MybatisConfiguration - addMappedStatement: com.hsd.gitlab.systemhook.dao.SysHookPushMapper.selectOne
2017-12-04 09:16:47.234 [DEBUG] com.baomidou.mybatisplus.MybatisConfiguration - addMappedStatement: com.hsd.gitlab.systemhook.dao.SysHookPushMapper.selectCount
2017-12-04 09:16:47.237 [DEBUG] com.baomidou.mybatisplus.MybatisConfiguration - addMappedStatement: com.hsd.gitlab.systemhook.dao.SysHookPushMapper.selectList
2017-12-04 09:16:47.245 [DEBUG] com.baomidou.mybatisplus.MybatisConfiguration - addMappedStatement: com.hsd.gitlab.systemhook.dao.SysHookPushMapper.selectPage
2017-12-04 09:16:47.248 [DEBUG] com.baomidou.mybatisplus.MybatisConfiguration - addMappedStatement: com.hsd.gitlab.systemhook.dao.SysHookPushMapper.selectMaps
2017-12-04 09:16:47.251 [DEBUG] com.baomidou.mybatisplus.MybatisConfiguration - addMappedStatement: com.hsd.gitlab.systemhook.dao.SysHookPushMapper.selectMapsPage
2017-12-04 09:16:47.259 [DEBUG] com.baomidou.mybatisplus.MybatisConfiguration - addMappedStatement: com.hsd.gitlab.systemhook.dao.SysHookPushMapper.selectObjs
2017-12-04 09:16:47.306 [DEBUG] com.baomidou.mybatisplus.MybatisConfiguration - addMappedStatement: com.hsd.gitlab.systemhook.dao.SysRPushCommitMapper.deleteById
2017-12-04 09:16:47.309 [DEBUG] com.baomidou.mybatisplus.MybatisConfiguration - addMappedStatement: com.hsd.gitlab.systemhook.dao.SysRPushCommitMapper.deleteBatchIds
2017-12-04 09:16:47.313 [DEBUG] com.baomidou.mybatisplus.MybatisConfiguration - addMappedStatement: com.hsd.gitlab.systemhook.dao.SysRPushCommitMapper.updateById
2017-12-04 09:16:47.316 [DEBUG] com.baomidou.mybatisplus.MybatisConfiguration - addMappedStatement: com.hsd.gitlab.systemhook.dao.SysRPushCommitMapper.updateAllColumnById
2017-12-04 09:16:47.317 [DEBUG] com.baomidou.mybatisplus.MybatisConfiguration - addMappedStatement: com.hsd.gitlab.systemhook.dao.SysRPushCommitMapper.selectById
2017-12-04 09:16:47.319 [DEBUG] com.baomidou.mybatisplus.MybatisConfiguration - addMappedStatement: com.hsd.gitlab.systemhook.dao.SysRPushCommitMapper.selectBatchIds
2017-12-04 09:16:47.323 [DEBUG] com.baomidou.mybatisplus.MybatisConfiguration - addMappedStatement: com.hsd.gitlab.systemhook.dao.SysRPushCommitMapper.insert
2017-12-04 09:16:47.327 [DEBUG] com.baomidou.mybatisplus.MybatisConfiguration - addMappedStatement: com.hsd.gitlab.systemhook.dao.SysRPushCommitMapper.insertAllColumn
2017-12-04 09:16:47.331 [DEBUG] com.baomidou.mybatisplus.MybatisConfiguration - addMappedStatement: com.hsd.gitlab.systemhook.dao.SysRPushCommitMapper.delete
2017-12-04 09:16:47.341 [DEBUG] com.baomidou.mybatisplus.MybatisConfiguration - addMappedStatement: com.hsd.gitlab.systemhook.dao.SysRPushCommitMapper.deleteByMap
2017-12-04 09:16:47.352 [DEBUG] com.baomidou.mybatisplus.MybatisConfiguration - addMappedStatement: com.hsd.gitlab.systemhook.dao.SysRPushCommitMapper.update
2017-12-04 09:16:47.355 [DEBUG] com.baomidou.mybatisplus.MybatisConfiguration - addMappedStatement: com.hsd.gitlab.systemhook.dao.SysRPushCommitMapper.selectByMap
2017-12-04 09:16:47.358 [DEBUG] com.baomidou.mybatisplus.MybatisConfiguration - addMappedStatement: com.hsd.gitlab.systemhook.dao.SysRPushCommitMapper.selectOne
2017-12-04 09:16:47.360 [DEBUG] com.baomidou.mybatisplus.MybatisConfiguration - addMappedStatement: com.hsd.gitlab.systemhook.dao.SysRPushCommitMapper.selectCount
2017-12-04 09:16:47.364 [DEBUG] com.baomidou.mybatisplus.MybatisConfiguration - addMappedStatement: com.hsd.gitlab.systemhook.dao.SysRPushCommitMapper.selectList
2017-12-04 09:16:47.367 [DEBUG] com.baomidou.mybatisplus.MybatisConfiguration - addMappedStatement: com.hsd.gitlab.systemhook.dao.SysRPushCommitMapper.selectPage
2017-12-04 09:16:47.370 [DEBUG] com.baomidou.mybatisplus.MybatisConfiguration - addMappedStatement: com.hsd.gitlab.systemhook.dao.SysRPushCommitMapper.selectMaps
2017-12-04 09:16:47.374 [DEBUG] com.baomidou.mybatisplus.MybatisConfiguration - addMappedStatement: com.hsd.gitlab.systemhook.dao.SysRPushCommitMapper.selectMapsPage
2017-12-04 09:16:47.377 [DEBUG] com.baomidou.mybatisplus.MybatisConfiguration - addMappedStatement: com.hsd.gitlab.systemhook.dao.SysRPushCommitMapper.selectObjs
2017-12-04 09:16:47.403 [DEBUG] com.baomidou.mybatisplus.MybatisConfiguration - addMappedStatement: com.hsd.gitlab.systemhook.dao.SysCommitMapper.deleteById
2017-12-04 09:16:47.405 [DEBUG] com.baomidou.mybatisplus.MybatisConfiguration - addMappedStatement: com.hsd.gitlab.systemhook.dao.SysCommitMapper.deleteBatchIds
2017-12-04 09:16:47.409 [DEBUG] com.baomidou.mybatisplus.MybatisConfiguration - addMappedStatement: com.hsd.gitlab.systemhook.dao.SysCommitMapper.updateById
2017-12-04 09:16:47.412 [DEBUG] com.baomidou.mybatisplus.MybatisConfiguration - addMappedStatement: com.hsd.gitlab.systemhook.dao.SysCommitMapper.updateAllColumnById
2017-12-04 09:16:47.412 [DEBUG] com.baomidou.mybatisplus.MybatisConfiguration - addMappedStatement: com.hsd.gitlab.systemhook.dao.SysCommitMapper.selectById
2017-12-04 09:16:47.415 [DEBUG] com.baomidou.mybatisplus.MybatisConfiguration - addMappedStatement: com.hsd.gitlab.systemhook.dao.SysCommitMapper.selectBatchIds
2017-12-04 09:16:47.417 [DEBUG] com.baomidou.mybatisplus.MybatisConfiguration - addMappedStatement: com.hsd.gitlab.systemhook.dao.SysCommitMapper.insert
2017-12-04 09:16:47.419 [DEBUG] com.baomidou.mybatisplus.MybatisConfiguration - addMappedStatement: com.hsd.gitlab.systemhook.dao.SysCommitMapper.insertAllColumn
2017-12-04 09:16:47.423 [DEBUG] com.baomidou.mybatisplus.MybatisConfiguration - addMappedStatement: com.hsd.gitlab.systemhook.dao.SysCommitMapper.delete
2017-12-04 09:16:47.425 [DEBUG] com.baomidou.mybatisplus.MybatisConfiguration - addMappedStatement: com.hsd.gitlab.systemhook.dao.SysCommitMapper.deleteByMap
2017-12-04 09:16:47.428 [DEBUG] com.baomidou.mybatisplus.MybatisConfiguration - addMappedStatement: com.hsd.gitlab.systemhook.dao.SysCommitMapper.update
2017-12-04 09:16:47.431 [DEBUG] com.baomidou.mybatisplus.MybatisConfiguration - addMappedStatement: com.hsd.gitlab.systemhook.dao.SysCommitMapper.selectByMap
2017-12-04 09:16:47.433 [DEBUG] com.baomidou.mybatisplus.MybatisConfiguration - addMappedStatement: com.hsd.gitlab.systemhook.dao.SysCommitMapper.selectOne
2017-12-04 09:16:47.436 [DEBUG] com.baomidou.mybatisplus.MybatisConfiguration - addMappedStatement: com.hsd.gitlab.systemhook.dao.SysCommitMapper.selectCount
2017-12-04 09:16:47.441 [DEBUG] com.baomidou.mybatisplus.MybatisConfiguration - addMappedStatement: com.hsd.gitlab.systemhook.dao.SysCommitMapper.selectList
2017-12-04 09:16:47.444 [DEBUG] com.baomidou.mybatisplus.MybatisConfiguration - addMappedStatement: com.hsd.gitlab.systemhook.dao.SysCommitMapper.selectPage
2017-12-04 09:16:47.448 [DEBUG] com.baomidou.mybatisplus.MybatisConfiguration - addMappedStatement: com.hsd.gitlab.systemhook.dao.SysCommitMapper.selectMaps
2017-12-04 09:16:47.450 [DEBUG] com.baomidou.mybatisplus.MybatisConfiguration - addMappedStatement: com.hsd.gitlab.systemhook.dao.SysCommitMapper.selectMapsPage
2017-12-04 09:16:47.453 [DEBUG] com.baomidou.mybatisplus.MybatisConfiguration - addMappedStatement: com.hsd.gitlab.systemhook.dao.SysCommitMapper.selectObjs
2017-12-04 09:16:47.526 [DEBUG] com.baomidou.mybatisplus.MybatisConfiguration - addMappedStatement: com.hsd.gitlab.systemhook.dao.SysOutgoingGroupMapper.deleteById
2017-12-04 09:16:47.529 [DEBUG] com.baomidou.mybatisplus.MybatisConfiguration - addMappedStatement: com.hsd.gitlab.systemhook.dao.SysOutgoingGroupMapper.deleteBatchIds
2017-12-04 09:16:47.534 [DEBUG] com.baomidou.mybatisplus.MybatisConfiguration - addMappedStatement: com.hsd.gitlab.systemhook.dao.SysOutgoingGroupMapper.updateById
2017-12-04 09:16:47.537 [DEBUG] com.baomidou.mybatisplus.MybatisConfiguration - addMappedStatement: com.hsd.gitlab.systemhook.dao.SysOutgoingGroupMapper.updateAllColumnById
2017-12-04 09:16:47.537 [DEBUG] com.baomidou.mybatisplus.MybatisConfiguration - addMappedStatement: com.hsd.gitlab.systemhook.dao.SysOutgoingGroupMapper.selectById
2017-12-04 09:16:47.541 [DEBUG] com.baomidou.mybatisplus.MybatisConfiguration - addMappedStatement: com.hsd.gitlab.systemhook.dao.SysOutgoingGroupMapper.selectBatchIds
2017-12-04 09:16:47.544 [DEBUG] com.baomidou.mybatisplus.MybatisConfiguration - addMappedStatement: com.hsd.gitlab.systemhook.dao.SysOutgoingGroupMapper.insert
2017-12-04 09:16:47.547 [DEBUG] com.baomidou.mybatisplus.MybatisConfiguration - addMappedStatement: com.hsd.gitlab.systemhook.dao.SysOutgoingGroupMapper.insertAllColumn
2017-12-04 09:16:47.550 [DEBUG] com.baomidou.mybatisplus.MybatisConfiguration - addMappedStatement: com.hsd.gitlab.systemhook.dao.SysOutgoingGroupMapper.delete
2017-12-04 09:16:47.556 [DEBUG] com.baomidou.mybatisplus.MybatisConfiguration - addMappedStatement: com.hsd.gitlab.systemhook.dao.SysOutgoingGroupMapper.deleteByMap
2017-12-04 09:16:47.559 [DEBUG] com.baomidou.mybatisplus.MybatisConfiguration - addMappedStatement: com.hsd.gitlab.systemhook.dao.SysOutgoingGroupMapper.update
2017-12-04 09:16:47.561 [DEBUG] com.baomidou.mybatisplus.MybatisConfiguration - addMappedStatement: com.hsd.gitlab.systemhook.dao.SysOutgoingGroupMapper.selectByMap
2017-12-04 09:16:47.564 [DEBUG] com.baomidou.mybatisplus.MybatisConfiguration - addMappedStatement: com.hsd.gitlab.systemhook.dao.SysOutgoingGroupMapper.selectOne
2017-12-04 09:16:47.569 [DEBUG] com.baomidou.mybatisplus.MybatisConfiguration - addMappedStatement: com.hsd.gitlab.systemhook.dao.SysOutgoingGroupMapper.selectCount
2017-12-04 09:16:47.574 [DEBUG] com.baomidou.mybatisplus.MybatisConfiguration - addMappedStatement: com.hsd.gitlab.systemhook.dao.SysOutgoingGroupMapper.selectList
2017-12-04 09:16:47.576 [DEBUG] com.baomidou.mybatisplus.MybatisConfiguration - addMappedStatement: com.hsd.gitlab.systemhook.dao.SysOutgoingGroupMapper.selectPage
2017-12-04 09:16:47.579 [DEBUG] com.baomidou.mybatisplus.MybatisConfiguration - addMappedStatement: com.hsd.gitlab.systemhook.dao.SysOutgoingGroupMapper.selectMaps
2017-12-04 09:16:47.582 [DEBUG] com.baomidou.mybatisplus.MybatisConfiguration - addMappedStatement: com.hsd.gitlab.systemhook.dao.SysOutgoingGroupMapper.selectMapsPage
2017-12-04 09:16:47.584 [DEBUG] com.baomidou.mybatisplus.MybatisConfiguration - addMappedStatement: com.hsd.gitlab.systemhook.dao.SysOutgoingGroupMapper.selectObjs
2017-12-04 09:16:47.673 [DEBUG] net.sf.ehcache.config.ConfigurationFactory - Configuring ehcache from InputStream
2017-12-04 09:16:47.700 [DEBUG] net.sf.ehcache.config.BeanHandler - Ignoring ehcache attribute xmlns:xsi
2017-12-04 09:16:47.700 [DEBUG] net.sf.ehcache.config.BeanHandler - Ignoring ehcache attribute xsi:noNamespaceSchemaLocation
2017-12-04 09:16:47.704 [DEBUG] net.sf.ehcache.config.DiskStoreConfiguration - Disk Store Path: C:\Users\ADMINI~1\AppData\Local\Temp\/ehcache
2017-12-04 09:16:47.809 [DEBUG] net.sf.ehcache.util.PropertyUtil - propertiesString is null.
2017-12-04 09:16:47.829 [DEBUG] net.sf.ehcache.config.ConfigurationHelper - No CacheManagerEventListenerFactory class specified. Skipping...
2017-12-04 09:16:48.095 [DEBUG] net.sf.ehcache.Cache - No BootstrapCacheLoaderFactory class specified. Skipping...
2017-12-04 09:16:48.095 [DEBUG] net.sf.ehcache.Cache - CacheWriter factory not configured. Skipping...
2017-12-04 09:16:48.133 [DEBUG] net.sf.ehcache.config.ConfigurationHelper - No CacheExceptionHandlerFactory class specified. Skipping...
2017-12-04 09:16:48.139 [DEBUG] net.sf.ehcache.Cache - No BootstrapCacheLoaderFactory class specified. Skipping...
2017-12-04 09:16:48.139 [DEBUG] net.sf.ehcache.Cache - CacheWriter factory not configured. Skipping...
2017-12-04 09:16:48.139 [DEBUG] net.sf.ehcache.config.ConfigurationHelper - No CacheExceptionHandlerFactory class specified. Skipping...
2017-12-04 09:16:48.157 [DEBUG] net.sf.ehcache.store.MemoryStore - Initialized net.sf.ehcache.store.MemoryStore for CONSTANT
2017-12-04 09:16:48.167 [DEBUG] net.sf.ehcache.DiskStorePathManager - Using diskstore path C:\Users\ADMINI~1\AppData\Local\Temp\ehcache
2017-12-04 09:16:48.167 [DEBUG] net.sf.ehcache.DiskStorePathManager - Holding exclusive lock on C:\Users\ADMINI~1\AppData\Local\Temp\ehcache\.ehcache-diskstore.lock
2017-12-04 09:16:48.169 [DEBUG] net.sf.ehcache.store.disk.DiskStorageFactory - Failed to delete file %0043%004f%004e%0053%0054%0041%004e%0054.index
2017-12-04 09:16:48.179 [DEBUG] net.sf.ehcache.store.disk.DiskStorageFactory - Matching data file missing (or empty) for index file. Deleting index file C:\Users\ADMINI~1\AppData\Local\Temp\ehcache\%0043%004f%004e%0053%0054%0041%004e%0054.index
2017-12-04 09:16:48.179 [DEBUG] net.sf.ehcache.store.disk.DiskStorageFactory - Failed to delete file %0043%004f%004e%0053%0054%0041%004e%0054.index
2017-12-04 09:16:48.190 [DEBUG] net.sf.ehcache.Cache - Initialised cache: CONSTANT
2017-12-04 09:16:48.190 [DEBUG] net.sf.ehcache.config.ConfigurationHelper - CacheDecoratorFactory not configured. Skipping for 'CONSTANT'.
2017-12-04 09:16:48.190 [DEBUG] net.sf.ehcache.config.ConfigurationHelper - CacheDecoratorFactory not configured for defaultCache. Skipping for 'CONSTANT'.
2017-12-04 09:16:51.124 [DEBUG] org.hibernate.validator.internal.engine.resolver.DefaultTraversableResolver - Cannot find javax.persistence.Persistence on classpath. Assuming non JPA 2 environment. All properties will per default be traversable.
2017-12-04 09:16:51.141 [DEBUG] org.hibernate.validator.internal.engine.resolver.DefaultTraversableResolver - Cannot find javax.persistence.Persistence on classpath. Assuming non JPA 2 environment. All properties will per default be traversable.
2017-12-04 09:16:51.141 [DEBUG] org.hibernate.validator.internal.engine.ConfigurationImpl - Setting custom MessageInterpolator of type org.springframework.validation.beanvalidation.LocaleContextMessageInterpolator
2017-12-04 09:16:51.142 [DEBUG] org.hibernate.validator.internal.engine.ConfigurationImpl - Setting custom ConstraintValidatorFactory of type org.springframework.validation.beanvalidation.SpringConstraintValidatorFactory
2017-12-04 09:16:51.142 [DEBUG] org.hibernate.validator.internal.engine.ConfigurationImpl - Setting custom ParameterNameProvider of type com.sun.proxy.$Proxy52
2017-12-04 09:16:51.142 [DEBUG] org.hibernate.validator.internal.xml.ValidationXmlParser - Trying to load META-INF/validation.xml for XML based Validator configuration.
2017-12-04 09:16:51.142 [DEBUG] org.hibernate.validator.internal.xml.ResourceLoaderHelper - Trying to load META-INF/validation.xml via user class loader
2017-12-04 09:16:51.144 [DEBUG] org.hibernate.validator.internal.xml.ResourceLoaderHelper - Trying to load META-INF/validation.xml via TCCL
2017-12-04 09:16:51.149 [DEBUG] org.hibernate.validator.internal.xml.ResourceLoaderHelper - Trying to load META-INF/validation.xml via Hibernate Validator's class loader
2017-12-04 09:16:51.150 [DEBUG] org.hibernate.validator.internal.xml.ValidationXmlParser - No META-INF/validation.xml found. Using annotation based configuration only.
2017-12-04 09:16:56.546 [DEBUG] org.hibernate.validator.internal.engine.resolver.DefaultTraversableResolver - Cannot find javax.persistence.Persistence on classpath. Assuming non JPA 2 environment. All properties will per default be traversable.
2017-12-04 09:16:56.550 [DEBUG] org.hibernate.validator.internal.engine.resolver.DefaultTraversableResolver - Cannot find javax.persistence.Persistence on classpath. Assuming non JPA 2 environment. All properties will per default be traversable.
2017-12-04 09:16:56.550 [DEBUG] org.hibernate.validator.internal.engine.ConfigurationImpl - Setting custom MessageInterpolator of type org.springframework.validation.beanvalidation.LocaleContextMessageInterpolator
2017-12-04 09:16:56.550 [DEBUG] org.hibernate.validator.internal.engine.ConfigurationImpl - Setting custom ConstraintValidatorFactory of type org.springframework.validation.beanvalidation.SpringConstraintValidatorFactory
2017-12-04 09:16:56.550 [DEBUG] org.hibernate.validator.internal.engine.ConfigurationImpl - Setting custom ParameterNameProvider of type com.sun.proxy.$Proxy52
2017-12-04 09:16:56.551 [DEBUG] org.hibernate.validator.internal.xml.ValidationXmlParser - Trying to load META-INF/validation.xml for XML based Validator configuration.
2017-12-04 09:16:56.551 [DEBUG] org.hibernate.validator.internal.xml.ResourceLoaderHelper - Trying to load META-INF/validation.xml via user class loader
2017-12-04 09:16:56.551 [DEBUG] org.hibernate.validator.internal.xml.ResourceLoaderHelper - Trying to load META-INF/validation.xml via TCCL
2017-12-04 09:16:56.552 [DEBUG] org.hibernate.validator.internal.xml.ResourceLoaderHelper - Trying to load META-INF/validation.xml via Hibernate Validator's class loader
2017-12-04 09:16:56.552 [DEBUG] org.hibernate.validator.internal.xml.ValidationXmlParser - No META-INF/validation.xml found. Using annotation based configuration only.
2017-12-04 09:16:56.567 [DEBUG] com.netflix.hystrix.contrib.metrics.eventstream.HystrixMetricsPoller - Starting HystrixMetricsPoller
2017-12-04 09:16:58.117 [DEBUG] com.netflix.discovery.endpoint.EndpointUtils - The availability zone for the given region us-east-1 are [defaultZone]
2017-12-04 09:16:58.119 [DEBUG] com.netflix.discovery.shared.resolver.aws.ConfigClusterResolver - Config resolved to [AwsEndpoint{ serviceUrl='http://admin:admin@localhost:5001/eureka/', region='us-east-1', zone='defaultZone'}]
2017-12-04 09:16:58.350 [DEBUG] com.netflix.discovery.shared.resolver.aws.ZoneAffinityClusterResolver - Local zone=defaultZone; resolved to: [AwsEndpoint{ serviceUrl='http://admin:admin@localhost:5001/eureka/', region='us-east-1', zone='defaultZone'}]
2017-12-04 09:16:58.377 [DEBUG] com.netflix.discovery.shared.transport.decorator.SessionedEurekaHttpClient - Ending a session and starting anew
2017-12-04 09:16:58.382 [DEBUG] com.netflix.discovery.shared.transport.jersey.AbstractJerseyEurekaHttpClient - Created client for url: http://admin:admin@localhost:5001/eureka/
2017-12-04 09:16:58.476 [DEBUG] com.netflix.discovery.shared.MonitoredConnectionManager - Get connection: {}->http://localhost:5001, timeout = 5000
2017-12-04 09:16:58.478 [DEBUG] com.netflix.discovery.shared.NamedConnectionPool - [{}->http://localhost:5001] total kept alive: 0, total issued: 0, total allocated: 0 out of 200
2017-12-04 09:16:58.478 [DEBUG] com.netflix.discovery.shared.NamedConnectionPool - No free connections [{}->http://localhost:5001][null]
2017-12-04 09:16:58.478 [DEBUG] com.netflix.discovery.shared.NamedConnectionPool - Available capacity: 50 out of 50 [{}->http://localhost:5001][null]
2017-12-04 09:16:58.478 [DEBUG] com.netflix.discovery.shared.NamedConnectionPool - Creating new connection [{}->http://localhost:5001]
2017-12-04 09:16:58.499 [DEBUG] org.apache.http.impl.conn.DefaultClientConnectionOperator - Connecting to localhost:5001
2017-12-04 09:16:58.542 [DEBUG] org.apache.http.client.protocol.RequestAddCookies - CookieSpec selected: default
2017-12-04 09:16:58.545 [DEBUG] org.apache.http.client.protocol.RequestAuthCache - Auth cache not set in the context
2017-12-04 09:16:58.545 [DEBUG] org.apache.http.client.protocol.RequestTargetAuthentication - Target auth state: UNCHALLENGED
2017-12-04 09:16:58.566 [DEBUG] org.apache.http.client.protocol.RequestProxyAuthentication - Proxy auth state: UNCHALLENGED
2017-12-04 09:16:58.566 [DEBUG] org.apache.http.impl.client.DefaultHttpClient - Attempt 1 to execute request
2017-12-04 09:16:58.567 [DEBUG] org.apache.http.impl.conn.DefaultClientConnection - Sending request: GET /eureka/apps/ HTTP/1.1
2017-12-04 09:16:58.567 [DEBUG] org.apache.http.wire -  >> "GET /eureka/apps/ HTTP/1.1[\r][\n]"
2017-12-04 09:16:58.569 [DEBUG] org.apache.http.wire -  >> "Accept: application/json[\r][\n]"
2017-12-04 09:16:58.569 [DEBUG] org.apache.http.wire -  >> "DiscoveryIdentity-Name: DefaultClient[\r][\n]"
2017-12-04 09:16:58.570 [DEBUG] org.apache.http.wire -  >> "DiscoveryIdentity-Version: 1.4[\r][\n]"
2017-12-04 09:16:58.570 [DEBUG] org.apache.http.wire -  >> "DiscoveryIdentity-Id: 192.168.88.1[\r][\n]"
2017-12-04 09:16:58.570 [DEBUG] org.apache.http.wire -  >> "Accept-Encoding: gzip[\r][\n]"
2017-12-04 09:16:58.570 [DEBUG] org.apache.http.wire -  >> "Host: localhost:5001[\r][\n]"
2017-12-04 09:16:58.570 [DEBUG] org.apache.http.wire -  >> "Connection: Keep-Alive[\r][\n]"
2017-12-04 09:16:58.570 [DEBUG] org.apache.http.wire -  >> "User-Agent: Java-EurekaClient/v1.6.2[\r][\n]"
2017-12-04 09:16:58.570 [DEBUG] org.apache.http.wire -  >> "Authorization: Basic YWRtaW46YWRtaW4=[\r][\n]"
2017-12-04 09:16:58.570 [DEBUG] org.apache.http.wire -  >> "[\r][\n]"
2017-12-04 09:16:58.571 [DEBUG] org.apache.http.headers - >> GET /eureka/apps/ HTTP/1.1
2017-12-04 09:16:58.571 [DEBUG] org.apache.http.headers - >> Accept: application/json
2017-12-04 09:16:58.571 [DEBUG] org.apache.http.headers - >> DiscoveryIdentity-Name: DefaultClient
2017-12-04 09:16:58.571 [DEBUG] org.apache.http.headers - >> DiscoveryIdentity-Version: 1.4
2017-12-04 09:16:58.571 [DEBUG] org.apache.http.headers - >> DiscoveryIdentity-Id: 192.168.88.1
2017-12-04 09:16:58.571 [DEBUG] org.apache.http.headers - >> Accept-Encoding: gzip
2017-12-04 09:16:58.571 [DEBUG] org.apache.http.headers - >> Host: localhost:5001
2017-12-04 09:16:58.571 [DEBUG] org.apache.http.headers - >> Connection: Keep-Alive
2017-12-04 09:16:58.572 [DEBUG] org.apache.http.headers - >> User-Agent: Java-EurekaClient/v1.6.2
2017-12-04 09:16:58.572 [DEBUG] org.apache.http.headers - >> Authorization: Basic YWRtaW46YWRtaW4=
2017-12-04 09:16:58.573 [DEBUG] org.apache.http.wire -  << "HTTP/1.1 200 [\r][\n]"
2017-12-04 09:16:58.577 [DEBUG] org.apache.http.wire -  << "Content-Encoding: gzip[\r][\n]"
2017-12-04 09:16:58.577 [DEBUG] org.apache.http.wire -  << "Content-Type: application/json[\r][\n]"
2017-12-04 09:16:58.577 [DEBUG] org.apache.http.wire -  << "Content-Length: 679[\r][\n]"
2017-12-04 09:16:58.577 [DEBUG] org.apache.http.wire -  << "Date: Mon, 04 Dec 2017 01:16:58 GMT[\r][\n]"
2017-12-04 09:16:58.577 [DEBUG] org.apache.http.wire -  << "[\r][\n]"
2017-12-04 09:16:58.578 [DEBUG] org.apache.http.impl.conn.DefaultClientConnection - Receiving response: HTTP/1.1 200 
2017-12-04 09:16:58.578 [DEBUG] org.apache.http.headers - << HTTP/1.1 200 
2017-12-04 09:16:58.578 [DEBUG] org.apache.http.headers - << Content-Encoding: gzip
2017-12-04 09:16:58.578 [DEBUG] org.apache.http.headers - << Content-Type: application/json
2017-12-04 09:16:58.578 [DEBUG] org.apache.http.headers - << Content-Length: 679
2017-12-04 09:16:58.578 [DEBUG] org.apache.http.headers - << Date: Mon, 04 Dec 2017 01:16:58 GMT
2017-12-04 09:16:58.588 [DEBUG] org.apache.http.impl.client.DefaultHttpClient - Connection can be kept alive indefinitely
2017-12-04 09:16:58.607 [DEBUG] org.apache.http.wire -  << "[0x1f][0x8b][0x8][0x0][0x0][0x0][0x0][0x0][0x0][0x0][0xdd]T[0xdf]o[0xda]0[0x10][0xfe]_[0xac]>B[0x9a][0x90][0x10]~<[0x95][0x12][0xd6][0xb2][0xb6]PA[0xe9]4M[0x15]r[0x93][0x83]x5Nd;t[0x8][0xf1][0xbf][0xef][0x9c]4miAt[0xd5][0xf6][0xb2][0xa7][0xc4]w[0xdf][0xdd]}[0xbe][0xbb][0xcf]kB[0xd3][0x94][0xb3][0x90]j[0x96][0x8]E[0xda]k[0xb2][0x4][0xa9][0xcc][0xff]t[0x1a][0x1][0xd7][0x94][0xb4][0x89]C*[0x6][0x85][0x96][0x98][0xaa]8L"@[0xe3][0xe4]zZ[0x9b][0x16][0x8e]2[0x9c][0xb4][0xac][0x89][0xa0][0xb][0xe3]>[0x1f][0x7][0xd5][0xde]d[0xd4][0xbb][0xe8]T[0xc7][0xbd][0xd1]mo[0x84]P&[0x94][0xa6]"[0x84][0x1c]W[0x1e][0xfa][0x11][0xa2]/[0x83]N[0xd0][0xf9][0xee][0x9c]N[0xbe][0x9c]~[0xed][0x5]g[0xed]XEU[0xc8]$<[0xd0][0xaa][0x2][0x89][0x8c][0xda]u[0xdb]64[0xe2]D[0xe9]AQ[0xc1]i[0xd5],[0xc7]oZ[0xcd][0xa6][0xf5]Dp_[0xd9][0xb4][0x13]E[0xf2]}[0x4][0xd6][0xd7][0x99][0xca][0xaf][0x82][0xa7][0x4][0xab]H[0x16]E ^[0xec][0x83][0x8b][0xc1][0xf0][0xdb][0x0][0x9d]i"[0xb5][0xe9][0xcd][0x11][0xc9][0x89]T[0xc8][0x9][0x8]z[0xcf][0xc1]p[0xd7]2[0x3][0xb2][0xc1]t[0x10]"[0xe3][0xeb][0x17][0xa4][0xe7][0xb9][[0xc0][0x19][0xe5]*G[0x86]I&[0xb4]\[0x99][0x9b]c[0xaa][0x88]j[0xda][0x5][0xa1]A[0xf6][0xc5],1[0xb1]'![0xa7][0xca][0x10][0x8][0x93][0x85]%@[0xcf]8[0xfb]e[0xe1][0xfd][0x18][0xfa][0xad]~[0xd9]7<[0x1c][0x5]0[0xa3][0x19][0xd7][0xc1]v[0x8a]J9[0x84][0xab][0xd5][0xf0]Q[0x98][0x8a][0x1c][0xa8][0x82]2[0xbd][0x4][0x1][0x8f][0x94][0xf7][\r]~i[0xbe]c[0x8][0xb1]Z[0x1d][0xa9]d2[0x1f]dir[0xd0]&a[0xce][0x94].[0xec]7l[0x1]X}[0x91][0x1a][0x97]Ss[0xbd][0x96][0xef][0xbb][0xbe][0x87][0x97]@[0xc2]zT[0xe4]}[0xb][0xaa][0xdb][0x8e][0xe3][0xb9]5[0xbf]B`[0xc9][0xc2]7il[0xd3]7[0x89]v[0x98][0xa4];[0xb2][0xbb][0xd8][0xc3][0x6][0xf2]_[0x80][0xa6][0xa6]O[[0xdd][0xf9]I[0x97][0xd4][0xca]4[0xe3]V7[0xe1][0x1c][0xf2][0xd4][0xea][0xa8][0xb7]H[0xf5][0xea][0x8a][0xa6][0xe6][0xda]q[0xb2][0x80]k:[0x87][0x89][0xe4][0x88][0x8f][0xb5]N[0xdb][0xc7][0xc7][0xaf][0xb7] [0x9f][0xe6][0xf1][0xf3].|[0x0][0xcb][0x8a][0x6][0xc7]@[0xb9][0x8e][0xbb]1[0x84][0xf][0x7][0x2][\n]"
2017-12-04 09:16:58.608 [DEBUG] org.apache.http.wire -  << "$[0x86],[0x8b]=[0x84][0x9c][0xfb][0xbb][0x5]'[0xe5][0x2][0xdd][0x1e][0x82]1[0xd5]M[0x12][0x19]1[0x81]#[0x11][0xf3][0x80][0xa9][0xd0][0xac][0xee]j\[0xf8][0x9f][0xf6][0xb1][0x98][0xc8]$[0xc5][0xa6]A[0xf4][0xaa][0xb1][0xe4][0xf5][0xdc]jO[0xb0][0x80]I[0xbd][0xda][0x5]r[0xdd]z[0xd3]6[0xda]*[0xc6][0xb6]J[0xcd]Ru[0x82][0xa0][0x17][0x90][0xcd][0xdd][0xa6][0xb2]%[0xf6][0xb3][0xfe][0xcd]e[0xe7][0xb4]z>[0x1c]^[0x8c]?+[0xf9]9[0xd3][0x9c][0xde]W[0xe3]$yP[0xcf][0xc2]wl[0xfb][0x83][0xc2][0xdf]C[0xe1][0xef][0xca][0x1f][0xe9][0xfc][0x97][0xf2]w[0xed][0xf7][0xfa]o[0xd9][0x87][0xf4][0xdf][0xa8][0xd5]=[0xff][0xa0][0xfe][0x1b]u[0xcf]q?[0xa1][0xff]F[0xcd]ky[0xfe]?[0xd5]?[0x8e][0xf3][0xc3][0xfa]7[0xd8]?[0xd2][0xbf][0x9][0xd8][0xaf][0xff][0x1d][0xdb][0xbe][0xff][0x15][0xd8][\r]>[0xf4][0x16][0x14];w[0xe8]1([0x86]x[0xe0]1[0xc0]Y4[0xeb][0xfe][0xde][0xc7][0xe0]n[0xb3][0xf9][\r][0xaf][0xea][0xeb]!K[0x8][0x0][0x0]"
2017-12-04 09:16:58.865 [DEBUG] com.netflix.discovery.shared.MonitoredConnectionManager - Released connection is reusable.
2017-12-04 09:16:58.865 [DEBUG] com.netflix.discovery.shared.NamedConnectionPool - Releasing connection [{}->http://localhost:5001][null]
2017-12-04 09:16:58.865 [DEBUG] com.netflix.discovery.shared.NamedConnectionPool - Pooling connection [{}->http://localhost:5001][null]; keep alive indefinitely
2017-12-04 09:16:58.865 [DEBUG] com.netflix.discovery.shared.NamedConnectionPool - Notifying no-one, there are no waiting threads
2017-12-04 09:16:58.868 [DEBUG] com.netflix.discovery.shared.transport.jersey.AbstractJerseyEurekaHttpClient - Jersey HTTP GET http://admin:admin@localhost:5001/eureka//apps/?; statusCode=200
2017-12-04 09:16:58.870 [DEBUG] com.netflix.discovery.shared.transport.decorator.RedirectingEurekaHttpClient - Pinning to endpoint null
2017-12-04 09:16:58.872 [DEBUG] com.netflix.discovery.DiscoveryClient - Got full registry with apps hashcode UP_2_
2017-12-04 09:16:58.873 [DEBUG] com.netflix.discovery.DiscoveryClient - The total number of all instances in the client now is 2
2017-12-04 09:16:59.023 [DEBUG] com.netflix.discovery.shared.transport.decorator.SessionedEurekaHttpClient - Ending a session and starting anew
2017-12-04 09:16:59.024 [DEBUG] com.netflix.discovery.shared.transport.jersey.AbstractJerseyEurekaHttpClient - Created client for url: http://admin:admin@localhost:5001/eureka/
2017-12-04 09:16:59.025 [DEBUG] com.netflix.discovery.shared.MonitoredConnectionManager - Get connection: {}->http://localhost:5001, timeout = 5000
2017-12-04 09:16:59.026 [DEBUG] com.netflix.discovery.shared.NamedConnectionPool - [{}->http://localhost:5001] total kept alive: 1, total issued: 0, total allocated: 1 out of 200
2017-12-04 09:16:59.026 [DEBUG] com.netflix.discovery.shared.NamedConnectionPool - Getting free connection [{}->http://localhost:5001][null]
2017-12-04 09:16:59.026 [DEBUG] org.apache.http.impl.client.DefaultHttpClient - Stale connection check
2017-12-04 09:16:59.027 [DEBUG] org.apache.http.client.protocol.RequestAddCookies - CookieSpec selected: default
2017-12-04 09:16:59.027 [DEBUG] org.apache.http.client.protocol.RequestAuthCache - Auth cache not set in the context
2017-12-04 09:16:59.027 [DEBUG] org.apache.http.client.protocol.RequestTargetAuthentication - Target auth state: UNCHALLENGED
2017-12-04 09:16:59.027 [DEBUG] org.apache.http.client.protocol.RequestProxyAuthentication - Proxy auth state: UNCHALLENGED
2017-12-04 09:16:59.028 [DEBUG] org.apache.http.impl.client.DefaultHttpClient - Attempt 1 to execute request
2017-12-04 09:16:59.028 [DEBUG] org.apache.http.impl.conn.DefaultClientConnection - Sending request: DELETE /eureka/apps/HSD-GITLAB-HOOKS-SERVER/LDADAY1BUFBJEDG:hsd-gitlab-hooks-server:-1 HTTP/1.1
2017-12-04 09:16:59.028 [DEBUG] org.apache.http.wire -  >> "DELETE /eureka/apps/HSD-GITLAB-HOOKS-SERVER/LDADAY1BUFBJEDG:hsd-gitlab-hooks-server:-1 HTTP/1.1[\r][\n]"
2017-12-04 09:16:59.028 [DEBUG] org.apache.http.wire -  >> "DiscoveryIdentity-Name: DefaultClient[\r][\n]"
2017-12-04 09:16:59.028 [DEBUG] org.apache.http.wire -  >> "DiscoveryIdentity-Version: 1.4[\r][\n]"
2017-12-04 09:16:59.028 [DEBUG] org.apache.http.wire -  >> "DiscoveryIdentity-Id: 192.168.88.1[\r][\n]"
2017-12-04 09:16:59.028 [DEBUG] org.apache.http.wire -  >> "Accept-Encoding: gzip[\r][\n]"
2017-12-04 09:16:59.028 [DEBUG] org.apache.http.wire -  >> "Host: localhost:5001[\r][\n]"
2017-12-04 09:16:59.028 [DEBUG] org.apache.http.wire -  >> "Connection: Keep-Alive[\r][\n]"
2017-12-04 09:16:59.028 [DEBUG] org.apache.http.wire -  >> "User-Agent: Java-EurekaClient/v1.6.2[\r][\n]"
2017-12-04 09:16:59.251 [DEBUG] org.apache.http.wire -  >> "Authorization: Basic YWRtaW46YWRtaW4=[\r][\n]"
2017-12-04 09:16:59.251 [DEBUG] org.apache.http.wire -  >> "[\r][\n]"
2017-12-04 09:16:59.251 [DEBUG] org.apache.http.headers - >> DELETE /eureka/apps/HSD-GITLAB-HOOKS-SERVER/LDADAY1BUFBJEDG:hsd-gitlab-hooks-server:-1 HTTP/1.1
2017-12-04 09:16:59.251 [DEBUG] org.apache.http.headers - >> DiscoveryIdentity-Name: DefaultClient
2017-12-04 09:16:59.252 [DEBUG] org.apache.http.headers - >> DiscoveryIdentity-Version: 1.4
2017-12-04 09:16:59.252 [DEBUG] org.apache.http.headers - >> DiscoveryIdentity-Id: 192.168.88.1
2017-12-04 09:16:59.252 [DEBUG] org.apache.http.headers - >> Accept-Encoding: gzip
2017-12-04 09:16:59.252 [DEBUG] org.apache.http.headers - >> Host: localhost:5001
2017-12-04 09:16:59.252 [DEBUG] org.apache.http.headers - >> Connection: Keep-Alive
2017-12-04 09:16:59.252 [DEBUG] org.apache.http.headers - >> User-Agent: Java-EurekaClient/v1.6.2
2017-12-04 09:16:59.252 [DEBUG] org.apache.http.headers - >> Authorization: Basic YWRtaW46YWRtaW4=
2017-12-04 09:16:59.257 [DEBUG] org.apache.http.wire -  << "HTTP/1.1 404 [\r][\n]"
2017-12-04 09:16:59.257 [DEBUG] org.apache.http.wire -  << "Content-Type: application/xml[\r][\n]"
2017-12-04 09:16:59.257 [DEBUG] org.apache.http.wire -  << "Content-Length: 0[\r][\n]"
2017-12-04 09:16:59.258 [DEBUG] org.apache.http.wire -  << "Date: Mon, 04 Dec 2017 01:16:58 GMT[\r][\n]"
2017-12-04 09:16:59.258 [DEBUG] org.apache.http.wire -  << "[\r][\n]"
2017-12-04 09:16:59.258 [DEBUG] org.apache.http.impl.conn.DefaultClientConnection - Receiving response: HTTP/1.1 404 
2017-12-04 09:16:59.258 [DEBUG] org.apache.http.headers - << HTTP/1.1 404 
2017-12-04 09:16:59.258 [DEBUG] org.apache.http.headers - << Content-Type: application/xml
2017-12-04 09:16:59.258 [DEBUG] org.apache.http.headers - << Content-Length: 0
2017-12-04 09:16:59.258 [DEBUG] org.apache.http.headers - << Date: Mon, 04 Dec 2017 01:16:58 GMT
2017-12-04 09:16:59.258 [DEBUG] org.apache.http.impl.client.DefaultHttpClient - Connection can be kept alive indefinitely
2017-12-04 09:16:59.258 [DEBUG] com.netflix.discovery.shared.MonitoredConnectionManager - Released connection is reusable.
2017-12-04 09:16:59.258 [DEBUG] com.netflix.discovery.shared.NamedConnectionPool - Releasing connection [{}->http://localhost:5001][null]
2017-12-04 09:16:59.258 [DEBUG] com.netflix.discovery.shared.NamedConnectionPool - Pooling connection [{}->http://localhost:5001][null]; keep alive indefinitely
2017-12-04 09:16:59.259 [DEBUG] com.netflix.discovery.shared.NamedConnectionPool - Notifying no-one, there are no waiting threads
2017-12-04 09:16:59.259 [DEBUG] com.netflix.discovery.shared.transport.jersey.AbstractJerseyEurekaHttpClient - Jersey HTTP DELETE http://admin:admin@localhost:5001/eureka//apps/HSD-GITLAB-HOOKS-SERVER/LDADAY1BUFBJEDG:hsd-gitlab-hooks-server:-1; statusCode=404
2017-12-04 09:16:59.259 [DEBUG] com.netflix.discovery.shared.transport.decorator.RedirectingEurekaHttpClient - Pinning to endpoint null
2017-12-04 09:16:59.266 [DEBUG] com.netflix.discovery.shared.MonitoredConnectionManager - Closing connections idle longer than 0 SECONDS
2017-12-04 09:16:59.266 [DEBUG] com.netflix.discovery.shared.NamedConnectionPool - Closing connections idle longer than 0 SECONDS
2017-12-04 09:16:59.266 [DEBUG] com.netflix.discovery.shared.NamedConnectionPool - Closing connection last used @ Mon Dec 04 09:16:59 CST 2017
2017-12-04 09:16:59.266 [DEBUG] com.netflix.discovery.shared.NamedConnectionPool - Deleting connection [{}->http://localhost:5001][null]
2017-12-04 09:16:59.267 [DEBUG] org.apache.http.impl.conn.DefaultClientConnection - Connection 0.0.0.0:57911<->127.0.0.1:5001 closed
2017-12-04 09:16:59.267 [DEBUG] com.netflix.discovery.shared.MonitoredConnectionManager - Closing connections idle longer than 0 SECONDS
2017-12-04 09:16:59.267 [DEBUG] com.netflix.discovery.shared.NamedConnectionPool - Closing connections idle longer than 0 SECONDS
2017-12-04 09:16:59.274 [DEBUG] com.netflix.hystrix.contrib.metrics.eventstream.HystrixMetricsPoller - Stopping the HystrixMetricsPoller
2017-12-04 09:16:59.302 [DEBUG] com.netflix.hystrix.strategy.HystrixPlugins - Created HystrixDynamicProperties. Using class : com.netflix.hystrix.strategy.properties.archaius.HystrixDynamicPropertiesArchaius
