2017-11-30 19:21:26.669 [INFO ] org.springframework.context.annotation.AnnotationConfigApplicationContext - Refreshing org.springframework.context.annotation.AnnotationConfigApplicationContext@74589991: startup date [Thu Nov 30 19:21:26 CST 2017]; root of context hierarchy
2017-11-30 19:21:27.083 [INFO ] org.hibernate.validator.internal.util.Version - HV000001: Hibernate Validator 5.3.5.Final
2017-11-30 19:21:27.104 [INFO ] org.springframework.beans.factory.annotation.AutowiredAnnotationBeanPostProcessor - JSR-330 'javax.inject.Inject' annotation found and supported for autowiring
2017-11-30 19:21:27.222 [INFO ] org.springframework.context.support.PostProcessorRegistrationDelegate$BeanPostProcessorChecker - Bean 'configurationPropertiesRebinderAutoConfiguration' of type [org.springframework.cloud.autoconfigure.ConfigurationPropertiesRebinderAutoConfiguration$$EnhancerBySpringCGLIB$$253aa43] is not eligible for getting processed by all BeanPostProcessors (for example: not eligible for auto-proxying)
2017-11-30 19:21:28.563 [INFO ] com.hsd.gitlab.systemhook.dao.SysOutgoingGroupMapperTest - The following profiles are active: dev
2017-11-30 19:21:28.571 [INFO ] org.springframework.web.context.support.GenericWebApplicationContext - Refreshing org.springframework.web.context.support.GenericWebApplicationContext@88a8218: startup date [Thu Nov 30 19:21:28 CST 2017]; parent: org.springframework.context.annotation.AnnotationConfigApplicationContext@74589991
2017-11-30 19:21:31.194 [INFO ] org.springframework.cloud.context.scope.GenericScope - BeanFactory id=6a80874b-3314-30bc-836d-58f8360c0a1d
2017-11-30 19:21:31.356 [INFO ] org.springframework.beans.factory.annotation.AutowiredAnnotationBeanPostProcessor - JSR-330 'javax.inject.Inject' annotation found and supported for autowiring
2017-11-30 19:21:31.715 [INFO ] org.springframework.context.support.PostProcessorRegistrationDelegate$BeanPostProcessorChecker - Bean 'org.springframework.transaction.annotation.ProxyTransactionManagementConfiguration' of type [org.springframework.transaction.annotation.ProxyTransactionManagementConfiguration$$EnhancerBySpringCGLIB$$e639a746] is not eligible for getting processed by all BeanPostProcessors (for example: not eligible for auto-proxying)
2017-11-30 19:21:32.057 [INFO ] org.springframework.context.support.PostProcessorRegistrationDelegate$BeanPostProcessorChecker - Bean 'org.springframework.cache.annotation.ProxyCachingConfiguration' of type [org.springframework.cache.annotation.ProxyCachingConfiguration$$EnhancerBySpringCGLIB$$2f4bdd64] is not eligible for getting processed by all BeanPostProcessors (for example: not eligible for auto-proxying)
2017-11-30 19:21:32.153 [INFO ] org.springframework.context.support.PostProcessorRegistrationDelegate$BeanPostProcessorChecker - Bean 'org.springframework.cloud.netflix.metrics.MetricsInterceptorConfiguration$MetricsRestTemplateConfiguration' of type [org.springframework.cloud.netflix.metrics.MetricsInterceptorConfiguration$MetricsRestTemplateConfiguration$$EnhancerBySpringCGLIB$$18664d87] is not eligible for getting processed by all BeanPostProcessors (for example: not eligible for auto-proxying)
2017-11-30 19:21:32.195 [INFO ] org.springframework.context.support.PostProcessorRegistrationDelegate$BeanPostProcessorChecker - Bean 'org.springframework.cloud.autoconfigure.ConfigurationPropertiesRebinderAutoConfiguration' of type [org.springframework.cloud.autoconfigure.ConfigurationPropertiesRebinderAutoConfiguration$$EnhancerBySpringCGLIB$$253aa43] is not eligible for getting processed by all BeanPostProcessors (for example: not eligible for auto-proxying)
2017-11-30 19:21:35.498 [INFO ] org.springframework.cache.ehcache.EhCacheManagerFactoryBean - Initializing EhCache CacheManager
2017-11-30 19:21:38.518 [INFO ] com.netflix.config.sources.URLConfigurationSource - To enable URLs as dynamic configuration sources, define System property archaius.configurationSource.additionalUrls or make config.properties available on classpath.
2017-11-30 19:21:38.533 [INFO ] com.netflix.config.DynamicPropertyFactory - DynamicPropertyFactory is initialized with configuration sources: com.netflix.config.ConcurrentCompositeConfiguration@4b61e97
2017-11-30 19:21:41.292 [INFO ] org.springframework.boot.test.mock.web.SpringBootMockServletContext - jolokia: No access restrictor found, access to any MBean is allowed
2017-11-30 19:21:42.164 [INFO ] org.springframework.web.servlet.mvc.method.annotation.RequestMappingHandlerAdapter - Looking for @ControllerAdvice: org.springframework.web.context.support.GenericWebApplicationContext@88a8218: startup date [Thu Nov 30 19:21:28 CST 2017]; parent: org.springframework.context.annotation.AnnotationConfigApplicationContext@74589991
2017-11-30 19:21:42.529 [INFO ] org.springframework.web.servlet.mvc.method.annotation.RequestMappingHandlerMapping - Mapped "{[/error]}" onto public org.springframework.http.ResponseEntity<java.util.Map<java.lang.String, java.lang.Object>> org.springframework.boot.autoconfigure.web.BasicErrorController.error(javax.servlet.http.HttpServletRequest)
2017-11-30 19:21:42.531 [INFO ] org.springframework.web.servlet.mvc.method.annotation.RequestMappingHandlerMapping - Mapped "{[/error],produces=[text/html]}" onto public org.springframework.web.servlet.ModelAndView org.springframework.boot.autoconfigure.web.BasicErrorController.errorHtml(javax.servlet.http.HttpServletRequest,javax.servlet.http.HttpServletResponse)
2017-11-30 19:21:42.717 [INFO ] org.springframework.web.servlet.handler.SimpleUrlHandlerMapping - Mapped URL path [/webjars/**] onto handler of type [class org.springframework.web.servlet.resource.ResourceHttpRequestHandler]
2017-11-30 19:21:42.717 [INFO ] org.springframework.web.servlet.handler.SimpleUrlHandlerMapping - Mapped URL path [/**] onto handler of type [class org.springframework.web.servlet.resource.ResourceHttpRequestHandler]
2017-11-30 19:21:42.910 [INFO ] org.springframework.web.servlet.handler.SimpleUrlHandlerMapping - Mapped URL path [/**/favicon.ico] onto handler of type [class org.springframework.web.servlet.resource.ResourceHttpRequestHandler]
2017-11-30 19:21:45.620 [INFO ] org.springframework.boot.actuate.endpoint.mvc.EndpointHandlerMapping - Mapped "{[/refresh || /refresh.json],methods=[POST]}" onto public java.lang.Object org.springframework.cloud.endpoint.GenericPostableMvcEndpoint.invoke()
2017-11-30 19:21:45.630 [INFO ] org.springframework.boot.actuate.endpoint.mvc.EndpointHandlerMapping - Mapped "{[/shutdown || /shutdown.json],methods=[POST],produces=[application/vnd.spring-boot.actuator.v1+json || application/json]}" onto public java.lang.Object org.springframework.boot.actuate.endpoint.mvc.ShutdownMvcEndpoint.invoke()
2017-11-30 19:21:45.631 [INFO ] org.springframework.boot.actuate.endpoint.mvc.EndpointHandlerMapping - Mapped "{[/configprops || /configprops.json],methods=[GET],produces=[application/vnd.spring-boot.actuator.v1+json || application/json]}" onto public java.lang.Object org.springframework.boot.actuate.endpoint.mvc.EndpointMvcAdapter.invoke()
2017-11-30 19:21:45.641 [INFO ] org.springframework.boot.actuate.endpoint.mvc.EndpointHandlerMapping - Mapped "{[/info || /info.json],methods=[GET],produces=[application/vnd.spring-boot.actuator.v1+json || application/json]}" onto public java.lang.Object org.springframework.boot.actuate.endpoint.mvc.EndpointMvcAdapter.invoke()
2017-11-30 19:21:45.643 [INFO ] org.springframework.boot.actuate.endpoint.mvc.EndpointHandlerMapping - Mapped "{[/mappings || /mappings.json],methods=[GET],produces=[application/vnd.spring-boot.actuator.v1+json || application/json]}" onto public java.lang.Object org.springframework.boot.actuate.endpoint.mvc.EndpointMvcAdapter.invoke()
2017-11-30 19:21:45.650 [INFO ] org.springframework.boot.actuate.endpoint.mvc.EndpointHandlerMapping - Mapped "{[/service-registry/instance-status],methods=[POST]}" onto public org.springframework.http.ResponseEntity<?> org.springframework.cloud.client.serviceregistry.endpoint.ServiceRegistryEndpoint.setStatus(java.lang.String)
2017-11-30 19:21:45.652 [INFO ] org.springframework.boot.actuate.endpoint.mvc.EndpointHandlerMapping - Mapped "{[/service-registry/instance-status],methods=[GET]}" onto public org.springframework.http.ResponseEntity org.springframework.cloud.client.serviceregistry.endpoint.ServiceRegistryEndpoint.getStatus()
2017-11-30 19:21:45.654 [INFO ] org.springframework.boot.actuate.endpoint.mvc.EndpointHandlerMapping - Mapped "{[/autoconfig || /autoconfig.json],methods=[GET],produces=[application/vnd.spring-boot.actuator.v1+json || application/json]}" onto public java.lang.Object org.springframework.boot.actuate.endpoint.mvc.EndpointMvcAdapter.invoke()
2017-11-30 19:21:45.656 [INFO ] org.springframework.boot.actuate.endpoint.mvc.EndpointHandlerMapping - Mapped "{[/auditevents || /auditevents.json],methods=[GET],produces=[application/vnd.spring-boot.actuator.v1+json || application/json]}" onto public org.springframework.http.ResponseEntity<?> org.springframework.boot.actuate.endpoint.mvc.AuditEventsMvcEndpoint.findByPrincipalAndAfterAndType(java.lang.String,java.util.Date,java.lang.String)
2017-11-30 19:21:45.661 [INFO ] org.springframework.boot.actuate.endpoint.mvc.EndpointHandlerMapping - Mapped "{[/loggers/{name:.*}],methods=[GET],produces=[application/vnd.spring-boot.actuator.v1+json || application/json]}" onto public java.lang.Object org.springframework.boot.actuate.endpoint.mvc.LoggersMvcEndpoint.get(java.lang.String)
2017-11-30 19:21:45.662 [INFO ] org.springframework.boot.actuate.endpoint.mvc.EndpointHandlerMapping - Mapped "{[/loggers/{name:.*}],methods=[POST],consumes=[application/vnd.spring-boot.actuator.v1+json || application/json],produces=[application/vnd.spring-boot.actuator.v1+json || application/json]}" onto public java.lang.Object org.springframework.boot.actuate.endpoint.mvc.LoggersMvcEndpoint.set(java.lang.String,java.util.Map<java.lang.String, java.lang.String>)
2017-11-30 19:21:45.663 [INFO ] org.springframework.boot.actuate.endpoint.mvc.EndpointHandlerMapping - Mapped "{[/loggers || /loggers.json],methods=[GET],produces=[application/vnd.spring-boot.actuator.v1+json || application/json]}" onto public java.lang.Object org.springframework.boot.actuate.endpoint.mvc.EndpointMvcAdapter.invoke()
2017-11-30 19:21:45.668 [INFO ] org.springframework.boot.actuate.endpoint.mvc.EndpointHandlerMapping - Mapped "{[/heapdump || /heapdump.json],methods=[GET],produces=[application/octet-stream]}" onto public void org.springframework.boot.actuate.endpoint.mvc.HeapdumpMvcEndpoint.invoke(boolean,javax.servlet.http.HttpServletRequest,javax.servlet.http.HttpServletResponse) throws java.io.IOException,javax.servlet.ServletException
2017-11-30 19:21:45.669 [INFO ] org.springframework.boot.actuate.endpoint.mvc.EndpointHandlerMapping - Mapped "{[/features || /features.json],methods=[GET],produces=[application/vnd.spring-boot.actuator.v1+json || application/json]}" onto public java.lang.Object org.springframework.boot.actuate.endpoint.mvc.EndpointMvcAdapter.invoke()
2017-11-30 19:21:45.670 [INFO ] org.springframework.boot.actuate.endpoint.mvc.EndpointHandlerMapping - Mapped "{[/restart || /restart.json],methods=[POST]}" onto public java.lang.Object org.springframework.cloud.context.restart.RestartMvcEndpoint.invoke()
2017-11-30 19:21:45.671 [INFO ] org.springframework.boot.actuate.endpoint.mvc.EndpointHandlerMapping - Mapped "{[/env],methods=[POST]}" onto public java.lang.Object org.springframework.cloud.context.environment.EnvironmentManagerMvcEndpoint.value(java.util.Map<java.lang.String, java.lang.String>)
2017-11-30 19:21:45.672 [INFO ] org.springframework.boot.actuate.endpoint.mvc.EndpointHandlerMapping - Mapped "{[/env/reset],methods=[POST]}" onto public java.util.Map<java.lang.String, java.lang.Object> org.springframework.cloud.context.environment.EnvironmentManagerMvcEndpoint.reset()
2017-11-30 19:21:45.674 [INFO ] org.springframework.boot.actuate.endpoint.mvc.EndpointHandlerMapping - Mapped "{[/archaius || /archaius.json],methods=[GET],produces=[application/vnd.spring-boot.actuator.v1+json || application/json]}" onto public java.lang.Object org.springframework.boot.actuate.endpoint.mvc.EndpointMvcAdapter.invoke()
2017-11-30 19:21:45.676 [INFO ] org.springframework.boot.actuate.endpoint.mvc.EndpointHandlerMapping - Mapped "{[/trace || /trace.json],methods=[GET],produces=[application/vnd.spring-boot.actuator.v1+json || application/json]}" onto public java.lang.Object org.springframework.boot.actuate.endpoint.mvc.EndpointMvcAdapter.invoke()
2017-11-30 19:21:45.677 [INFO ] org.springframework.boot.actuate.endpoint.mvc.EndpointHandlerMapping - Mapped "{[/logfile || /logfile.json],methods=[GET || HEAD]}" onto public void org.springframework.boot.actuate.endpoint.mvc.LogFileMvcEndpoint.invoke(javax.servlet.http.HttpServletRequest,javax.servlet.http.HttpServletResponse) throws javax.servlet.ServletException,java.io.IOException
2017-11-30 19:21:45.679 [INFO ] org.springframework.boot.actuate.endpoint.mvc.EndpointHandlerMapping - Mapped "{[/beans || /beans.json],methods=[GET],produces=[application/vnd.spring-boot.actuator.v1+json || application/json]}" onto public java.lang.Object org.springframework.boot.actuate.endpoint.mvc.EndpointMvcAdapter.invoke()
2017-11-30 19:21:45.683 [INFO ] org.springframework.boot.actuate.endpoint.mvc.EndpointHandlerMapping - Mapped "{[/env/{name:.*}],methods=[GET],produces=[application/vnd.spring-boot.actuator.v1+json || application/json]}" onto public java.lang.Object org.springframework.boot.actuate.endpoint.mvc.EnvironmentMvcEndpoint.value(java.lang.String)
2017-11-30 19:21:45.684 [INFO ] org.springframework.boot.actuate.endpoint.mvc.EndpointHandlerMapping - Mapped "{[/env || /env.json],methods=[GET],produces=[application/vnd.spring-boot.actuator.v1+json || application/json]}" onto public java.lang.Object org.springframework.boot.actuate.endpoint.mvc.EndpointMvcAdapter.invoke()
2017-11-30 19:21:45.686 [INFO ] org.springframework.boot.actuate.endpoint.mvc.EndpointHandlerMapping - Mapped "{[/jolokia/**]}" onto public org.springframework.web.servlet.ModelAndView org.springframework.boot.actuate.endpoint.mvc.JolokiaMvcEndpoint.handle(javax.servlet.http.HttpServletRequest,javax.servlet.http.HttpServletResponse) throws java.lang.Exception
2017-11-30 19:21:45.701 [INFO ] org.springframework.boot.actuate.endpoint.mvc.EndpointHandlerMapping - Mapped "{[/health || /health.json],methods=[GET],produces=[application/vnd.spring-boot.actuator.v1+json || application/json]}" onto public java.lang.Object org.springframework.boot.actuate.endpoint.mvc.HealthMvcEndpoint.invoke(javax.servlet.http.HttpServletRequest,java.security.Principal)
2017-11-30 19:21:45.713 [INFO ] org.springframework.boot.actuate.endpoint.mvc.EndpointHandlerMapping - Mapped "{[/hystrix.stream/**]}" onto public org.springframework.web.servlet.ModelAndView org.springframework.cloud.netflix.endpoint.ServletWrappingEndpoint.handle(javax.servlet.http.HttpServletRequest,javax.servlet.http.HttpServletResponse) throws java.lang.Exception
2017-11-30 19:21:45.715 [INFO ] org.springframework.boot.actuate.endpoint.mvc.EndpointHandlerMapping - Mapped "{[/dump || /dump.json],methods=[GET],produces=[application/vnd.spring-boot.actuator.v1+json || application/json]}" onto public java.lang.Object org.springframework.boot.actuate.endpoint.mvc.EndpointMvcAdapter.invoke()
2017-11-30 19:21:45.716 [INFO ] org.springframework.boot.actuate.endpoint.mvc.EndpointHandlerMapping - Mapped "{[/metrics/{name:.*}],methods=[GET],produces=[application/vnd.spring-boot.actuator.v1+json || application/json]}" onto public java.lang.Object org.springframework.boot.actuate.endpoint.mvc.MetricsMvcEndpoint.value(java.lang.String)
2017-11-30 19:21:45.716 [INFO ] org.springframework.boot.actuate.endpoint.mvc.EndpointHandlerMapping - Mapped "{[/metrics || /metrics.json],methods=[GET],produces=[application/vnd.spring-boot.actuator.v1+json || application/json]}" onto public java.lang.Object org.springframework.boot.actuate.endpoint.mvc.EndpointMvcAdapter.invoke()
2017-11-30 19:21:45.717 [INFO ] org.springframework.boot.actuate.endpoint.mvc.EndpointHandlerMapping - Mapped "{[/pause || /pause.json],methods=[POST]}" onto public java.lang.Object org.springframework.cloud.endpoint.GenericPostableMvcEndpoint.invoke()
2017-11-30 19:21:45.717 [INFO ] org.springframework.boot.actuate.endpoint.mvc.EndpointHandlerMapping - Mapped "{[/resume || /resume.json],methods=[POST]}" onto public java.lang.Object org.springframework.cloud.endpoint.GenericPostableMvcEndpoint.invoke()
2017-11-30 19:21:47.688 [INFO ] com.netflix.config.sources.URLConfigurationSource - To enable URLs as dynamic configuration sources, define System property archaius.configurationSource.additionalUrls or make config.properties available on classpath.
2017-11-30 19:21:50.034 [INFO ] org.springframework.boot.test.mock.web.SpringBootMockServletContext - jolokia: No access restrictor found, access to any MBean is allowed
2017-11-30 19:21:50.047 [INFO ] org.springframework.boot.test.mock.web.SpringBootMockServletContext - jolokia: jolokia:type=Config is already registered. Adding it with jolokia:type=Config,uuid=f49373d9-9cf2-42ba-b1b9-9ed3eeeb9e53, but you should revise your setup in order to either use a qualifier or ensure, that only a single agent gets registered (otherwise history functionality might not work)
2017-11-30 19:21:50.047 [INFO ] org.springframework.boot.test.mock.web.SpringBootMockServletContext - jolokia: Cannot register (legacy) MBean handler for config store with name jmx4perl:type=Config since it already exists. This is the case if another agent has been already started within the same JVM. The registration is skipped.
2017-11-30 19:21:50.047 [INFO ] org.springframework.boot.test.mock.web.SpringBootMockServletContext - jolokia: Jolokia Discovery MBean registration is skipped because there is already one registered.
2017-11-30 19:21:50.205 [INFO ] org.springframework.context.support.DefaultLifecycleProcessor - Starting beans in phase 0
2017-11-30 19:21:50.205 [INFO ] org.springframework.context.support.DefaultLifecycleProcessor - Starting beans in phase 2147483647
2017-11-30 19:21:50.211 [INFO ] org.springframework.cloud.netflix.hystrix.HystrixCircuitBreakerConfiguration$HystrixMetricsPollerConfiguration - Starting poller
2017-11-30 19:21:50.310 [INFO ] com.hsd.gitlab.systemhook.dao.SysOutgoingGroupMapperTest - Started SysOutgoingGroupMapperTest in 24.997 seconds (JVM running for 26.248)
2017-11-30 19:21:50.455 [INFO ] org.springframework.boot.test.mock.web.SpringBootMockServletContext - Initializing Spring FrameworkServlet ''
2017-11-30 19:21:50.456 [INFO ] org.springframework.test.web.servlet.TestDispatcherServlet - FrameworkServlet '': initialization started
2017-11-30 19:21:50.537 [INFO ] org.springframework.test.web.servlet.TestDispatcherServlet - FrameworkServlet '': initialization completed in 81 ms
2017-11-30 19:21:50.735 [INFO ] org.springframework.boot.test.mock.web.SpringBootMockServletContext - Initializing Spring FrameworkServlet ''
2017-11-30 19:21:50.735 [INFO ] org.springframework.test.web.servlet.TestDispatcherServlet - FrameworkServlet '': initialization started
2017-11-30 19:21:50.740 [INFO ] org.springframework.test.web.servlet.TestDispatcherServlet - FrameworkServlet '': initialization completed in 5 ms
2017-11-30 19:21:50.844 [INFO ] org.springframework.web.context.support.GenericWebApplicationContext - Closing org.springframework.web.context.support.GenericWebApplicationContext@88a8218: startup date [Thu Nov 30 19:21:28 CST 2017]; parent: org.springframework.context.annotation.AnnotationConfigApplicationContext@74589991
2017-11-30 19:21:50.866 [INFO ] org.springframework.cloud.netflix.eureka.InstanceInfoFactory - Setting initial instance status as: STARTING
2017-11-30 19:21:50.912 [INFO ] org.springframework.cloud.netflix.eureka.serviceregistry.EurekaServiceRegistry - Unregistering application hsd-gitlab-hooks-server with eureka with status DOWN
2017-11-30 19:21:51.078 [INFO ] com.netflix.discovery.DiscoveryClient - Initializing Eureka in region us-east-1
2017-11-30 19:21:51.286 [INFO ] com.netflix.discovery.provider.DiscoveryJerseyProvider - Using JSON encoding codec LegacyJacksonJson
2017-11-30 19:21:51.286 [INFO ] com.netflix.discovery.provider.DiscoveryJerseyProvider - Using JSON decoding codec LegacyJacksonJson
2017-11-30 19:21:51.532 [INFO ] com.netflix.discovery.provider.DiscoveryJerseyProvider - Using XML encoding codec XStreamXml
2017-11-30 19:21:51.532 [INFO ] com.netflix.discovery.provider.DiscoveryJerseyProvider - Using XML decoding codec XStreamXml
2017-11-30 19:21:52.059 [INFO ] com.netflix.discovery.shared.resolver.aws.ConfigClusterResolver - Resolving eureka endpoints via configuration
2017-11-30 19:21:52.379 [INFO ] com.netflix.discovery.DiscoveryClient - Disable delta property : false
2017-11-30 19:21:52.379 [INFO ] com.netflix.discovery.DiscoveryClient - Single vip registry refresh property : null
2017-11-30 19:21:52.380 [INFO ] com.netflix.discovery.DiscoveryClient - Force full registry fetch : false
2017-11-30 19:21:52.380 [INFO ] com.netflix.discovery.DiscoveryClient - Application is null : false
2017-11-30 19:21:52.380 [INFO ] com.netflix.discovery.DiscoveryClient - Registered Applications size is zero : true
2017-11-30 19:21:52.380 [INFO ] com.netflix.discovery.DiscoveryClient - Application version is -1: true
2017-11-30 19:21:52.380 [INFO ] com.netflix.discovery.DiscoveryClient - Getting all instance registry info from the eureka server
2017-11-30 19:21:52.804 [INFO ] com.netflix.discovery.DiscoveryClient - The response status is 200
2017-11-30 19:21:52.811 [INFO ] com.netflix.discovery.DiscoveryClient - Starting heartbeat executor: renew interval is: 30
2017-11-30 19:21:52.816 [INFO ] com.netflix.discovery.InstanceInfoReplicator - InstanceInfoReplicator onDemand update allowed rate per min is 4
2017-11-30 19:21:52.838 [INFO ] com.netflix.discovery.DiscoveryClient - Discovery Client initialized at timestamp 1512040912837 with initial instances count: 2
2017-11-30 19:21:53.015 [INFO ] com.netflix.discovery.DiscoveryClient - Shutting down DiscoveryClient ...
2017-11-30 19:21:53.019 [INFO ] com.netflix.discovery.DiscoveryClient - Unregistering ...
2017-11-30 19:21:53.036 [INFO ] com.netflix.discovery.DiscoveryClient - DiscoveryClient_HSD-GITLAB-HOOKS-SERVER/LDADAY1BUFBJEDG:hsd-gitlab-hooks-server:-1 - deregister  status: 404
2017-11-30 19:21:53.045 [INFO ] com.netflix.discovery.DiscoveryClient - Completed shut down of DiscoveryClient
2017-11-30 19:21:53.048 [INFO ] org.springframework.context.support.DefaultLifecycleProcessor - Stopping beans in phase 2147483647
2017-11-30 19:21:53.050 [INFO ] org.springframework.context.support.DefaultLifecycleProcessor - Stopping beans in phase 0
2017-11-30 19:21:53.086 [INFO ] com.netflix.config.sources.URLConfigurationSource - To enable URLs as dynamic configuration sources, define System property archaius.configurationSource.additionalUrls or make config.properties available on classpath.
2017-11-30 19:21:53.098 [INFO ] org.springframework.cache.ehcache.EhCacheManagerFactoryBean - Shutting down EhCache CacheManager
